Python icosahedral basis:
v0: [0.894427, 0.000000, 0.447214]
v1: [0.276393, 0.850651, 0.447214]
v2: [-0.723607, 0.525731, 0.447214]
v3: [-0.723607, -0.525731, 0.447214]
v4: [0.276393, -0.850651, 0.447214]
v5: [0.000000, 0.000000, 1.000000]
Offsets: [0.27 0.37 0.47 0.57 0.67 0.77]
OFFSETS: [0.27 0.37 0.47 0.57 0.67 0.77]
[PY] Starting dualgrid_method
[PY] Adjusted center_point: [ 5. -5.  5.]
[PY] Created 6 construction sets
[PY] Generated 20 j_combos
[PY] Running single-threaded
[PY] Getting cells for js: (0, 1, 2)
[PY] Computing intersections with k_range: 0
[PY] k_range input: 0
[PY] k_combo range: [0]
[PY] Generated 1 k_combos
[PY] ds matrix shape: (1, 3)
[PY] First few ds values: [[ 6.27 -1.63 -4.53]]
[PY] First intersection: [ 4.78738354 -5.80876925  4.44537914]
[PY] ds matrix:
 [[ 6.27]
 [-1.63]
 [-4.53]]
[PY] coef_inv:
 [[ 0.30901699  0.5        -0.80901699]
 [-0.95105652  1.53884177 -0.58778525]
 [ 1.61803399 -1.          1.61803399]]
[PY] Result before transpose:
 [[ 4.78738354]
 [-5.80876925]
 [ 4.44537914]]
[PY] Found 1 intersections for js (0, 1, 2)
[PY] Creating cell from intersection: [ 4.78738354 -5.80876925  4.44537914]
[PY] Using k_combo: [ 6. -2. -5.]
[PY] get_neighbours input:
[PY]   js: (0, 1, 2)
[PY]   ks: [ 6. -2. -5.]
[PY] Vec 0: [0.89442719 0.         0.4472136 ]
[PY] Dot product 0: 6.27
[PY] Offset 0: 0.27
[PY] Pre-ceil value 0: 6.0
[PY] Ceil value 0: 6
[PY] Vec 1: [0.2763932  0.85065081 0.4472136 ]
[PY] Dot product 1: -1.6300000000000008
[PY] Offset 1: 0.37
[PY] Pre-ceil value 1: -2.000000000000001
[PY] Ceil value 1: -2
[PY] Vec 2: [-0.7236068   0.52573111  0.4472136 ]
[PY] Dot product 2: -4.53
[PY] Offset 2: 0.47
[PY] Pre-ceil value 2: -5.0
[PY] Ceil value 2: -5
[PY] Vec 3: [-0.7236068  -0.52573111  0.4472136 ]
[PY] Dot product 3: 1.577701432625305
[PY] Offset 3: 0.57
[PY] Pre-ceil value 3: 1.0077014326253049
[PY] Ceil value 3: 2
[PY] Vec 4: [ 0.2763932  -0.85065081  0.4472136 ]
[PY] Dot product 4: 8.25246851112417
[PY] Offset 4: 0.67
[PY] Pre-ceil value 4: 7.582468511124169
[PY] Ceil value 4: 8
[PY] Vec 5: [0. 0. 1.]
[PY] Dot product 5: 4.445379140424817
[PY] Offset 5: 0.77
[PY] Pre-ceil value 5: 3.6753791404248166
[PY] Ceil value 5: 4
[PY] Final gridspace indices: [ 6 -2 -5  2  8  4]
[PY] Gridspace returned indices: [ 6 -2 -5  2  8  4]
[PY] After loading known indices: [ 6 -2 -5  2  8  4]
[PY] Initial indices: [ 6 -2 -5  2  8  4]
[PY] Initial indices: [ 6 -2 -5  2  8  4]
[PY] Deltas: [array([1, 0, 0, 0, 0, 0]), array([0, 1, 0, 0, 0, 0]), array([0, 0, 1, 0, 0, 0])]
[PY] First neighbour: [0 0 0]
[PY] Generated indices set: [array([ 6, -2, -5,  2,  8,  4]), array([ 6, -2, -4,  2,  8,  4]), array([ 6, -1, -5,  2,  8,  4]), array([ 6, -1, -4,  2,  8,  4]), array([ 7, -2, -5,  2,  8,  4]), array([ 7, -2, -4,  2,  8,  4]), array([ 7, -1, -5,  2,  8,  4]), array([ 7, -1, -4,  2,  8,  4])]
[PY] Generated vertex: [  9.19574275 -12.18662587   8.02492236] from indices: [ 6 -2 -5  2  8  4]
[PY] Generated vertex: [  8.47213595 -11.66089476   8.47213595] from indices: [ 6 -2 -4  2  8  4]
[PY] Generated vertex: [  9.47213595 -11.33597506   8.47213595] from indices: [ 6 -1 -5  2  8  4]
[PY] Generated vertex: [  8.74852916 -10.81024395   8.91934955] from indices: [ 6 -1 -4  2  8  4]
[PY] Generated vertex: [ 10.09016994 -12.18662587   8.47213595] from indices: [ 7 -2 -5  2  8  4]
[PY] Generated vertex: [  9.36656315 -11.66089476   8.91934955] from indices: [ 7 -2 -4  2  8  4]
[PY] Generated vertex: [ 10.36656315 -11.33597506   8.91934955] from indices: [ 7 -1 -5  2  8  4]
[PY] Generated vertex: [  9.64295635 -10.81024395   9.36656315] from indices: [ 7 -1 -4  2  8  4]
[PY] Final vertices set: [[  9.19574275 -12.18662587   8.02492236]
 [  8.47213595 -11.66089476   8.47213595]
 [  9.47213595 -11.33597506   8.47213595]
 [  8.74852916 -10.81024395   8.91934955]
 [ 10.09016994 -12.18662587   8.47213595]
 [  9.36656315 -11.66089476   8.91934955]
 [ 10.36656315 -11.33597506   8.91934955]
 [  9.64295635 -10.81024395   9.36656315]]
[PY] Found 1 cells for combo (0, 1, 2)
[PY] Getting cells for js: (0, 1, 3)
[PY] Computing intersections with k_range: 0
[PY] k_range input: 0
[PY] k_combo range: [0]
[PY] Generated 1 k_combos
[PY] ds matrix shape: (1, 3)
[PY] First few ds values: [[ 6.27 -1.63  0.57]]
[PY] First intersection: [ 5.29123426 -5.44270027  3.43767771]
[PY] ds matrix:
 [[ 6.27]
 [-1.63]
 [ 0.57]]
[PY] coef_inv:
 [[ 0.80901699 -0.30901699 -0.5       ]
 [-0.58778525  0.95105652 -0.36327126]
 [ 0.61803399  0.61803399  1.        ]]
[PY] Result before transpose:
 [[ 5.29123426]
 [-5.44270027]
 [ 3.43767771]]
[PY] Found 1 intersections for js (0, 1, 3)
[PY] Creating cell from intersection: [ 5.29123426 -5.44270027  3.43767771]
[PY] Using k_combo: [ 6. -2.  0.]
[PY] get_neighbours input:
[PY]   js: (0, 1, 3)
[PY]   ks: [ 6. -2.  0.]
[PY] Vec 0: [0.89442719 0.         0.4472136 ]
[PY] Dot product 0: 6.27
[PY] Offset 0: 0.27
[PY] Pre-ceil value 0: 6.0
[PY] Ceil value 0: 6
[PY] Vec 1: [0.2763932  0.85065081 0.4472136 ]
[PY] Dot product 1: -1.6299999999999988
[PY] Offset 1: 0.37
[PY] Pre-ceil value 1: -1.9999999999999987
[PY] Ceil value 1: -1
[PY] Vec 2: [-0.7236068   0.52573111  0.4472136 ]
[PY] Dot product 2: -5.1527937358744005
[PY] Offset 2: 0.47
[PY] Pre-ceil value 2: -5.6227937358744
[PY] Ceil value 2: -5
[PY] Vec 3: [-0.7236068  -0.52573111  0.4472136 ]
[PY] Dot product 3: 0.5699999999999992
[PY] Offset 3: 0.57
[PY] Pre-ceil value 3: -7.771561172376096e-16
[PY] Ceil value 3: 0
[PY] Vec 4: [ 0.2763932  -0.85065081  0.4472136 ]
[PY] Dot product 4: 7.629674775249767
[PY] Offset 4: 0.67
[PY] Pre-ceil value 4: 6.959674775249767
[PY] Ceil value 4: 7
[PY] Vec 5: [0. 0. 1.]
[PY] Dot product 5: 3.4376777077995126
[PY] Offset 5: 0.77
[PY] Pre-ceil value 5: 2.6676777077995126
[PY] Ceil value 5: 3
[PY] Final gridspace indices: [ 6 -1 -5  0  7  3]
[PY] Gridspace returned indices: [ 6 -1 -5  0  7  3]
[PY] After loading known indices: [ 6 -2 -5  0  7  3]
[PY] Initial indices: [ 6 -2 -5  0  7  3]
[PY] Initial indices: [ 6 -2 -5  0  7  3]
[PY] Deltas: [array([1, 0, 0, 0, 0, 0]), array([0, 1, 0, 0, 0, 0]), array([0, 0, 0, 1, 0, 0])]
[PY] First neighbour: [0 0 0]
[PY] Generated indices set: [array([ 6, -2, -5,  0,  7,  3]), array([ 6, -2, -5,  1,  7,  3]), array([ 6, -1, -5,  0,  7,  3]), array([ 6, -1, -5,  1,  7,  3]), array([ 7, -2, -5,  0,  7,  3]), array([ 7, -2, -5,  1,  7,  3]), array([ 7, -1, -5,  0,  7,  3]), array([ 7, -1, -5,  1,  7,  3])]
[PY] Generated vertex: [ 10.36656315 -10.28451284   5.68328157] from indices: [ 6 -2 -5  0  7  3]
[PY] Generated vertex: [  9.64295635 -10.81024395   6.13049517] from indices: [ 6 -2 -5  1  7  3]
[PY] Generated vertex: [10.64295635 -9.43386203  6.13049517] from indices: [ 6 -1 -5  0  7  3]
[PY] Generated vertex: [ 9.91934955 -9.95959314  6.57770876] from indices: [ 6 -1 -5  1  7  3]
[PY] Generated vertex: [ 11.26099034 -10.28451284   6.13049517] from indices: [ 7 -2 -5  0  7  3]
[PY] Generated vertex: [ 10.53738354 -10.81024395   6.57770876] from indices: [ 7 -2 -5  1  7  3]
[PY] Generated vertex: [11.53738354 -9.43386203  6.57770876] from indices: [ 7 -1 -5  0  7  3]
[PY] Generated vertex: [10.81377674 -9.95959314  7.02492236] from indices: [ 7 -1 -5  1  7  3]
[PY] Final vertices set: [[ 10.36656315 -10.28451284   5.68328157]
 [  9.64295635 -10.81024395   6.13049517]
 [ 10.64295635  -9.43386203   6.13049517]
 [  9.91934955  -9.95959314   6.57770876]
 [ 11.26099034 -10.28451284   6.13049517]
 [ 10.53738354 -10.81024395   6.57770876]
 [ 11.53738354  -9.43386203   6.57770876]
 [ 10.81377674  -9.95959314   7.02492236]]
[PY] Found 1 cells for combo (0, 1, 3)
[PY] Getting cells for js: (0, 1, 4)
[PY] Computing intersections with k_range: 0
[PY] k_range input: 0
[PY] k_combo range: [0]
[PY] Generated 1 k_combos
[PY] ds matrix shape: (1, 3)
[PY] First few ds values: [[ 6.27 -1.63  7.67]]
[PY] First intersection: [ 5.25861046 -5.46640285  3.50292529]
[PY] ds matrix:
 [[ 6.27]
 [-1.63]
 [ 7.67]]
[PY] coef_inv:
 [[ 1.61803399e+00 -8.09016994e-01 -8.09016994e-01]
 [-1.95771816e-16  5.87785252e-01 -5.87785252e-01]
 [-1.00000000e+00  1.61803399e+00  1.61803399e+00]]
[PY] Result before transpose:
 [[ 5.25861046]
 [-5.46640285]
 [ 3.50292529]]
[PY] Found 1 intersections for js (0, 1, 4)
[PY] Creating cell from intersection: [ 5.25861046 -5.46640285  3.50292529]
[PY] Using k_combo: [ 6. -2.  7.]
[PY] get_neighbours input:
[PY]   js: (0, 1, 4)
[PY]   ks: [ 6. -2.  7.]
[PY] Vec 0: [0.89442719 0.         0.4472136 ]
[PY] Dot product 0: 6.270000000000001
[PY] Offset 0: 0.27
[PY] Pre-ceil value 0: 6.000000000000002
[PY] Ceil value 0: 7
[PY] Vec 1: [0.2763932  0.85065081 0.4472136 ]
[PY] Dot product 1: -1.629999999999999
[PY] Offset 1: 0.37
[PY] Pre-ceil value 1: -1.9999999999999991
[PY] Ceil value 1: -1
[PY] Vec 2: [-0.7236068   0.52573111  0.4472136 ]
[PY] Dot product 2: -5.1124685111241694
[PY] Offset 2: 0.47
[PY] Pre-ceil value 2: -5.582468511124169
[PY] Ceil value 2: -5
[PY] Vec 3: [-0.7236068  -0.52573111  0.4472136 ]
[PY] Dot product 3: 0.6352475842498525
[PY] Offset 3: 0.57
[PY] Pre-ceil value 3: 0.06524758424985255
[PY] Ceil value 3: 1
[PY] Vec 4: [ 0.2763932  -0.85065081  0.4472136 ]
[PY] Dot product 4: 7.67
[PY] Offset 4: 0.67
[PY] Pre-ceil value 4: 7.0
[PY] Ceil value 4: 7
[PY] Vec 5: [0. 0. 1.]
[PY] Dot product 5: 3.5029252920493663
[PY] Offset 5: 0.77
[PY] Pre-ceil value 5: 2.7329252920493663
[PY] Ceil value 5: 3
[PY] Final gridspace indices: [ 7 -1 -5  1  7  3]
[PY] Gridspace returned indices: [ 7 -1 -5  1  7  3]
[PY] After loading known indices: [ 6 -2 -5  1  7  3]
[PY] Initial indices: [ 6 -2 -5  1  7  3]
[PY] Initial indices: [ 6 -2 -5  1  7  3]
[PY] Deltas: [array([1, 0, 0, 0, 0, 0]), array([0, 1, 0, 0, 0, 0]), array([0, 0, 0, 0, 1, 0])]
[PY] First neighbour: [0 0 0]
[PY] Generated indices set: [array([ 6, -2, -5,  1,  7,  3]), array([ 6, -2, -5,  1,  8,  3]), array([ 6, -1, -5,  1,  7,  3]), array([ 6, -1, -5,  1,  8,  3]), array([ 7, -2, -5,  1,  7,  3]), array([ 7, -2, -5,  1,  8,  3]), array([ 7, -1, -5,  1,  7,  3]), array([ 7, -1, -5,  1,  8,  3])]
[PY] Generated vertex: [  9.64295635 -10.81024395   6.13049517] from indices: [ 6 -2 -5  1  7  3]
[PY] Generated vertex: [  9.91934955 -11.66089476   6.57770876] from indices: [ 6 -2 -5  1  8  3]
[PY] Generated vertex: [ 9.91934955 -9.95959314  6.57770876] from indices: [ 6 -1 -5  1  7  3]
[PY] Generated vertex: [ 10.19574275 -10.81024395   7.02492236] from indices: [ 6 -1 -5  1  8  3]
[PY] Generated vertex: [ 10.53738354 -10.81024395   6.57770876] from indices: [ 7 -2 -5  1  7  3]
[PY] Generated vertex: [ 10.81377674 -11.66089476   7.02492236] from indices: [ 7 -2 -5  1  8  3]
[PY] Generated vertex: [10.81377674 -9.95959314  7.02492236] from indices: [ 7 -1 -5  1  7  3]
[PY] Generated vertex: [ 11.09016994 -10.81024395   7.47213595] from indices: [ 7 -1 -5  1  8  3]
[PY] Final vertices set: [[  9.64295635 -10.81024395   6.13049517]
 [  9.91934955 -11.66089476   6.57770876]
 [  9.91934955  -9.95959314   6.57770876]
 [ 10.19574275 -10.81024395   7.02492236]
 [ 10.53738354 -10.81024395   6.57770876]
 [ 10.81377674 -11.66089476   7.02492236]
 [ 10.81377674  -9.95959314   7.02492236]
 [ 11.09016994 -10.81024395   7.47213595]]
[PY] Found 1 cells for combo (0, 1, 4)
[PY] Getting cells for js: (0, 1, 5)
[PY] Computing intersections with k_range: 0
[PY] k_range input: 0
[PY] k_combo range: [0]
[PY] Generated 1 k_combos
[PY] ds matrix shape: (1, 3)
[PY] First few ds values: [[ 6.27 -1.63  4.77]]
[PY] First intersection: [ 4.62507311 -5.92669468  4.77      ]
[PY] ds matrix:
 [[ 6.27]
 [-1.63]
 [ 4.77]]
[PY] coef_inv:
 [[ 1.11803399  0.         -0.5       ]
 [-0.36327126  1.1755705  -0.36327126]
 [ 0.          0.          1.        ]]
[PY] Result before transpose:
 [[ 4.62507311]
 [-5.92669468]
 [ 4.77      ]]
[PY] Found 1 intersections for js (0, 1, 5)
[PY] Creating cell from intersection: [ 4.62507311 -5.92669468  4.77      ]
[PY] Using k_combo: [ 6. -2.  4.]
[PY] get_neighbours input:
[PY]   js: (0, 1, 5)
[PY]   ks: [ 6. -2.  4.]
[PY] Vec 0: [0.89442719 0.         0.4472136 ]
[PY] Dot product 0: 6.27
[PY] Offset 0: 0.27
[PY] Pre-ceil value 0: 6.0
[PY] Ceil value 0: 6
[PY] Vec 1: [0.2763932  0.85065081 0.4472136 ]
[PY] Dot product 1: -1.6300000000000001
[PY] Offset 1: 0.37
[PY] Pre-ceil value 1: -2.0
[PY] Ceil value 1: -2
[PY] Vec 2: [-0.7236068   0.52573111  0.4472136 ]
[PY] Dot product 2: -4.329373275325331
[PY] Offset 2: 0.47
[PY] Pre-ceil value 2: -4.799373275325331
[PY] Ceil value 2: -4
[PY] Vec 3: [-0.7236068  -0.52573111  0.4472136 ]
[PY] Dot product 3: 1.9023222922004872
[PY] Offset 3: 0.57
[PY] Pre-ceil value 3: 1.3323222922004874
[PY] Ceil value 3: 2
[PY] Vec 4: [ 0.2763932  -0.85065081  0.4472136 ]
[PY] Dot product 4: 8.45309523579884
[PY] Offset 4: 0.67
[PY] Pre-ceil value 4: 7.783095235798839
[PY] Ceil value 4: 8
[PY] Vec 5: [0. 0. 1.]
[PY] Dot product 5: 4.77
[PY] Offset 5: 0.77
[PY] Pre-ceil value 5: 3.9999999999999996
[PY] Ceil value 5: 4
[PY] Final gridspace indices: [ 6 -2 -4  2  8  4]
[PY] Gridspace returned indices: [ 6 -2 -4  2  8  4]
[PY] After loading known indices: [ 6 -2 -4  2  8  4]
[PY] Initial indices: [ 6 -2 -4  2  8  4]
[PY] Initial indices: [ 6 -2 -4  2  8  4]
[PY] Deltas: [array([1, 0, 0, 0, 0, 0]), array([0, 1, 0, 0, 0, 0]), array([0, 0, 0, 0, 0, 1])]
[PY] First neighbour: [0 0 0]
[PY] Generated indices set: [array([ 6, -2, -4,  2,  8,  4]), array([ 6, -2, -4,  2,  8,  5]), array([ 6, -1, -4,  2,  8,  4]), array([ 6, -1, -4,  2,  8,  5]), array([ 7, -2, -4,  2,  8,  4]), array([ 7, -2, -4,  2,  8,  5]), array([ 7, -1, -4,  2,  8,  4]), array([ 7, -1, -4,  2,  8,  5])]
[PY] Generated vertex: [  8.47213595 -11.66089476   8.47213595] from indices: [ 6 -2 -4  2  8  4]
[PY] Generated vertex: [  8.47213595 -11.66089476   9.47213595] from indices: [ 6 -2 -4  2  8  5]
[PY] Generated vertex: [  8.74852916 -10.81024395   8.91934955] from indices: [ 6 -1 -4  2  8  4]
[PY] Generated vertex: [  8.74852916 -10.81024395   9.91934955] from indices: [ 6 -1 -4  2  8  5]
[PY] Generated vertex: [  9.36656315 -11.66089476   8.91934955] from indices: [ 7 -2 -4  2  8  4]
[PY] Generated vertex: [  9.36656315 -11.66089476   9.91934955] from indices: [ 7 -2 -4  2  8  5]
[PY] Generated vertex: [  9.64295635 -10.81024395   9.36656315] from indices: [ 7 -1 -4  2  8  4]
[PY] Generated vertex: [  9.64295635 -10.81024395  10.36656315] from indices: [ 7 -1 -4  2  8  5]
[PY] Final vertices set: [[  8.47213595 -11.66089476   8.47213595]
 [  8.47213595 -11.66089476   9.47213595]
 [  8.74852916 -10.81024395   8.91934955]
 [  8.74852916 -10.81024395   9.91934955]
 [  9.36656315 -11.66089476   8.91934955]
 [  9.36656315 -11.66089476   9.91934955]
 [  9.64295635 -10.81024395   9.36656315]
 [  9.64295635 -10.81024395  10.36656315]]
[PY] Found 1 cells for combo (0, 1, 5)
[PY] Getting cells for js: (0, 2, 3)
[PY] Computing intersections with k_range: 0
[PY] k_range input: 0
[PY] k_combo range: [0]
[PY] Generated 1 k_combos
[PY] ds matrix shape: (1, 3)
[PY] First few ds values: [[ 6.27 -4.53  0.57]]
[PY] First intersection: [ 5.09878041 -4.85038823  3.8225854 ]
[PY] ds matrix:
 [[ 6.27]
 [-4.53]
 [ 0.57]]
[PY] coef_inv:
 [[ 0.61803399 -0.30901699 -0.30901699]
 [ 0.          0.95105652 -0.95105652]
 [ 1.          0.61803399  0.61803399]]
[PY] Result before transpose:
 [[ 5.09878041]
 [-4.85038823]
 [ 3.8225854 ]]
[PY] Found 1 intersections for js (0, 2, 3)
[PY] Creating cell from intersection: [ 5.09878041 -4.85038823  3.8225854 ]
[PY] Using k_combo: [ 6. -5.  0.]
[PY] get_neighbours input:
[PY]   js: (0, 2, 3)
[PY]   ks: [ 6. -5.  0.]
[PY] Vec 0: [0.89442719 0.         0.4472136 ]
[PY] Dot product 0: 6.2700000000000005
[PY] Offset 0: 0.27
[PY] Pre-ceil value 0: 6.0
[PY] Ceil value 0: 6
[PY] Vec 1: [0.2763932  0.85065081 0.4472136 ]
[PY] Dot product 1: -1.0072062641255992
[PY] Offset 1: 0.37
[PY] Pre-ceil value 1: -1.3772062641255993
[PY] Ceil value 1: -1
[PY] Vec 2: [-0.7236068   0.52573111  0.4472136 ]
[PY] Dot product 2: -4.530000000000001
[PY] Offset 2: 0.47
[PY] Pre-ceil value 2: -5.000000000000001
[PY] Ceil value 2: -5
[PY] Vec 3: [-0.7236068  -0.52573111  0.4472136 ]
[PY] Dot product 3: 0.5699999999999993
[PY] Offset 3: 0.57
[PY] Pre-ceil value 3: -6.661338147750939e-16
[PY] Ceil value 3: 0
[PY] Vec 4: [ 0.2763932  -0.85065081  0.4472136 ]
[PY] Dot product 4: 7.244767078498865
[PY] Offset 4: 0.67
[PY] Pre-ceil value 4: 6.574767078498865
[PY] Ceil value 4: 7
[PY] Vec 5: [0. 0. 1.]
[PY] Dot product 5: 3.8225854045504164
[PY] Offset 5: 0.77
[PY] Pre-ceil value 5: 3.0525854045504164
[PY] Ceil value 5: 4
[PY] Final gridspace indices: [ 6 -1 -5  0  7  4]
[PY] Gridspace returned indices: [ 6 -1 -5  0  7  4]
[PY] After loading known indices: [ 6 -1 -5  0  7  4]
[PY] Initial indices: [ 6 -1 -5  0  7  4]
[PY] Initial indices: [ 6 -1 -5  0  7  4]
[PY] Deltas: [array([1, 0, 0, 0, 0, 0]), array([0, 0, 1, 0, 0, 0]), array([0, 0, 0, 1, 0, 0])]
[PY] First neighbour: [0 0 0]
[PY] Generated indices set: [array([ 6, -1, -5,  0,  7,  4]), array([ 6, -1, -5,  1,  7,  4]), array([ 6, -1, -4,  0,  7,  4]), array([ 6, -1, -4,  1,  7,  4]), array([ 7, -1, -5,  0,  7,  4]), array([ 7, -1, -5,  1,  7,  4]), array([ 7, -1, -4,  0,  7,  4]), array([ 7, -1, -4,  1,  7,  4])]
[PY] Generated vertex: [10.64295635 -9.43386203  7.13049517] from indices: [ 6 -1 -5  0  7  4]
[PY] Generated vertex: [ 9.91934955 -9.95959314  7.57770876] from indices: [ 6 -1 -5  1  7  4]
[PY] Generated vertex: [ 9.91934955 -8.90813092  7.57770876] from indices: [ 6 -1 -4  0  7  4]
[PY] Generated vertex: [ 9.19574275 -9.43386203  8.02492236] from indices: [ 6 -1 -4  1  7  4]
[PY] Generated vertex: [11.53738354 -9.43386203  7.57770876] from indices: [ 7 -1 -5  0  7  4]
[PY] Generated vertex: [10.81377674 -9.95959314  8.02492236] from indices: [ 7 -1 -5  1  7  4]
[PY] Generated vertex: [10.81377674 -8.90813092  8.02492236] from indices: [ 7 -1 -4  0  7  4]
[PY] Generated vertex: [10.09016994 -9.43386203  8.47213595] from indices: [ 7 -1 -4  1  7  4]
[PY] Final vertices set: [[10.64295635 -9.43386203  7.13049517]
 [ 9.91934955 -9.95959314  7.57770876]
 [ 9.91934955 -8.90813092  7.57770876]
 [ 9.19574275 -9.43386203  8.02492236]
 [11.53738354 -9.43386203  7.57770876]
 [10.81377674 -9.95959314  8.02492236]
 [10.81377674 -8.90813092  8.02492236]
 [10.09016994 -9.43386203  8.47213595]]
[PY] Found 1 cells for combo (0, 2, 3)
[PY] Getting cells for js: (0, 2, 4)
[PY] Computing intersections with k_range: 0
[PY] k_range input: 0
[PY] k_combo range: [0]
[PY] Generated 1 k_combos
[PY] ds matrix shape: (1, 3)
[PY] First few ds values: [[ 6.27 -4.53  7.67]]
[PY] First intersection: [ 4.96737621 -5.25480877  4.0853938 ]
[PY] ds matrix:
 [[ 6.27]
 [-4.53]
 [ 7.67]]
[PY] coef_inv:
 [[ 0.80901699 -0.5        -0.30901699]
 [ 0.58778525  0.36327126 -0.95105652]
 [ 0.61803399  1.          0.61803399]]
[PY] Result before transpose:
 [[ 4.96737621]
 [-5.25480877]
 [ 4.0853938 ]]
[PY] Found 1 intersections for js (0, 2, 4)
[PY] Creating cell from intersection: [ 4.96737621 -5.25480877  4.0853938 ]
[PY] Using k_combo: [ 6. -5.  7.]
[PY] get_neighbours input:
[PY]   js: (0, 2, 4)
[PY]   ks: [ 6. -5.  7.]
[PY] Vec 0: [0.89442719 0.         0.4472136 ]
[PY] Dot product 0: 6.27
[PY] Offset 0: 0.27
[PY] Pre-ceil value 0: 6.0
[PY] Ceil value 0: 6
[PY] Vec 1: [0.2763932  0.85065081 0.4472136 ]
[PY] Dot product 1: -1.2700146627487177
[PY] Offset 1: 0.37
[PY] Pre-ceil value 1: -1.6400146627487175
[PY] Ceil value 1: -1
[PY] Vec 2: [-0.7236068   0.52573111  0.4472136 ]
[PY] Dot product 2: -4.53
[PY] Offset 2: 0.47
[PY] Pre-ceil value 2: -5.0
[PY] Ceil value 2: -5
[PY] Vec 3: [-0.7236068  -0.52573111  0.4472136 ]
[PY] Dot product 3: 0.9952329215011363
[PY] Offset 3: 0.57
[PY] Pre-ceil value 3: 0.42523292150113634
[PY] Ceil value 3: 1
[PY] Vec 4: [ 0.2763932  -0.85065081  0.4472136 ]
[PY] Dot product 4: 7.670000000000001
[PY] Offset 4: 0.67
[PY] Pre-ceil value 4: 7.000000000000001
[PY] Ceil value 4: 8
[PY] Vec 5: [0. 0. 1.]
[PY] Dot product 5: 4.085393803173535
[PY] Offset 5: 0.77
[PY] Pre-ceil value 5: 3.3153938031735346
[PY] Ceil value 5: 4
[PY] Final gridspace indices: [ 6 -1 -5  1  8  4]
[PY] Gridspace returned indices: [ 6 -1 -5  1  8  4]
[PY] After loading known indices: [ 6 -1 -5  1  7  4]
[PY] Initial indices: [ 6 -1 -5  1  7  4]
[PY] Initial indices: [ 6 -1 -5  1  7  4]
[PY] Deltas: [array([1, 0, 0, 0, 0, 0]), array([0, 0, 1, 0, 0, 0]), array([0, 0, 0, 0, 1, 0])]
[PY] First neighbour: [0 0 0]
[PY] Generated indices set: [array([ 6, -1, -5,  1,  7,  4]), array([ 6, -1, -5,  1,  8,  4]), array([ 6, -1, -4,  1,  7,  4]), array([ 6, -1, -4,  1,  8,  4]), array([ 7, -1, -5,  1,  7,  4]), array([ 7, -1, -5,  1,  8,  4]), array([ 7, -1, -4,  1,  7,  4]), array([ 7, -1, -4,  1,  8,  4])]
[PY] Generated vertex: [ 9.91934955 -9.95959314  7.57770876] from indices: [ 6 -1 -5  1  7  4]
[PY] Generated vertex: [ 10.19574275 -10.81024395   8.02492236] from indices: [ 6 -1 -5  1  8  4]
[PY] Generated vertex: [ 9.19574275 -9.43386203  8.02492236] from indices: [ 6 -1 -4  1  7  4]
[PY] Generated vertex: [  9.47213595 -10.28451284   8.47213595] from indices: [ 6 -1 -4  1  8  4]
[PY] Generated vertex: [10.81377674 -9.95959314  8.02492236] from indices: [ 7 -1 -5  1  7  4]
[PY] Generated vertex: [ 11.09016994 -10.81024395   8.47213595] from indices: [ 7 -1 -5  1  8  4]
[PY] Generated vertex: [10.09016994 -9.43386203  8.47213595] from indices: [ 7 -1 -4  1  7  4]
[PY] Generated vertex: [ 10.36656315 -10.28451284   8.91934955] from indices: [ 7 -1 -4  1  8  4]
[PY] Final vertices set: [[  9.91934955  -9.95959314   7.57770876]
 [ 10.19574275 -10.81024395   8.02492236]
 [  9.19574275  -9.43386203   8.02492236]
 [  9.47213595 -10.28451284   8.47213595]
 [ 10.81377674  -9.95959314   8.02492236]
 [ 11.09016994 -10.81024395   8.47213595]
 [ 10.09016994  -9.43386203   8.47213595]
 [ 10.36656315 -10.28451284   8.91934955]]
[PY] Found 1 cells for combo (0, 2, 4)
[PY] Getting cells for js: (0, 2, 5)
[PY] Computing intersections with k_range: 0
[PY] k_range input: 0
[PY] k_combo range: [0]
[PY] Generated 1 k_combos
[PY] ds matrix shape: (1, 3)
[PY] First few ds values: [[ 6.27 -4.53  4.77]]
[PY] First intersection: [ 4.62507311 -6.30830938  4.77      ]
[PY] ds matrix:
 [[ 6.27]
 [-4.53]
 [ 4.77]]
[PY] coef_inv:
 [[ 1.11803399  0.         -0.5       ]
 [ 1.53884177  1.90211303 -1.53884177]
 [ 0.          0.          1.        ]]
[PY] Result before transpose:
 [[ 4.62507311]
 [-6.30830938]
 [ 4.77      ]]
[PY] Found 1 intersections for js (0, 2, 5)
[PY] Creating cell from intersection: [ 4.62507311 -6.30830938  4.77      ]
[PY] Using k_combo: [ 6. -5.  4.]
[PY] get_neighbours input:
[PY]   js: (0, 2, 5)
[PY]   ks: [ 6. -5.  4.]
[PY] Vec 0: [0.89442719 0.         0.4472136 ]
[PY] Dot product 0: 6.27
[PY] Offset 0: 0.27
[PY] Pre-ceil value 0: 6.0
[PY] Ceil value 0: 6
[PY] Vec 1: [0.2763932  0.85065081 0.4472136 ]
[PY] Dot product 1: -1.9546208595751826
[PY] Offset 1: 0.37
[PY] Pre-ceil value 1: -2.3246208595751825
[PY] Ceil value 1: -2
[PY] Vec 2: [-0.7236068   0.52573111  0.4472136 ]
[PY] Dot product 2: -4.530000000000001
[PY] Offset 2: 0.47
[PY] Pre-ceil value 2: -5.000000000000001
[PY] Ceil value 2: -5
[PY] Vec 3: [-0.7236068  -0.52573111  0.4472136 ]
[PY] Dot product 3: 2.102949016875157
[PY] Offset 3: 0.57
[PY] Pre-ceil value 3: 1.5329490168751572
[PY] Ceil value 3: 2
[PY] Vec 4: [ 0.2763932  -0.85065081  0.4472136 ]
[PY] Dot product 4: 8.777716095374021
[PY] Offset 4: 0.67
[PY] Pre-ceil value 4: 8.107716095374021
[PY] Ceil value 4: 9
[PY] Vec 5: [0. 0. 1.]
[PY] Dot product 5: 4.77
[PY] Offset 5: 0.77
[PY] Pre-ceil value 5: 3.9999999999999996
[PY] Ceil value 5: 4
[PY] Final gridspace indices: [ 6 -2 -5  2  9  4]
[PY] Gridspace returned indices: [ 6 -2 -5  2  9  4]
[PY] After loading known indices: [ 6 -2 -5  2  9  4]
[PY] Initial indices: [ 6 -2 -5  2  9  4]
[PY] Initial indices: [ 6 -2 -5  2  9  4]
[PY] Deltas: [array([1, 0, 0, 0, 0, 0]), array([0, 0, 1, 0, 0, 0]), array([0, 0, 0, 0, 0, 1])]
[PY] First neighbour: [0 0 0]
[PY] Generated indices set: [array([ 6, -2, -5,  2,  9,  4]), array([ 6, -2, -5,  2,  9,  5]), array([ 6, -2, -4,  2,  9,  4]), array([ 6, -2, -4,  2,  9,  5]), array([ 7, -2, -5,  2,  9,  4]), array([ 7, -2, -5,  2,  9,  5]), array([ 7, -2, -4,  2,  9,  4]), array([ 7, -2, -4,  2,  9,  5])]
[PY] Generated vertex: [  9.47213595 -13.03727668   8.47213595] from indices: [ 6 -2 -5  2  9  4]
[PY] Generated vertex: [  9.47213595 -13.03727668   9.47213595] from indices: [ 6 -2 -5  2  9  5]
[PY] Generated vertex: [  8.74852916 -12.51154556   8.91934955] from indices: [ 6 -2 -4  2  9  4]
[PY] Generated vertex: [  8.74852916 -12.51154556   9.91934955] from indices: [ 6 -2 -4  2  9  5]
[PY] Generated vertex: [ 10.36656315 -13.03727668   8.91934955] from indices: [ 7 -2 -5  2  9  4]
[PY] Generated vertex: [ 10.36656315 -13.03727668   9.91934955] from indices: [ 7 -2 -5  2  9  5]
[PY] Generated vertex: [  9.64295635 -12.51154556   9.36656315] from indices: [ 7 -2 -4  2  9  4]
[PY] Generated vertex: [  9.64295635 -12.51154556  10.36656315] from indices: [ 7 -2 -4  2  9  5]
[PY] Final vertices set: [[  9.47213595 -13.03727668   8.47213595]
 [  9.47213595 -13.03727668   9.47213595]
 [  8.74852916 -12.51154556   8.91934955]
 [  8.74852916 -12.51154556   9.91934955]
 [ 10.36656315 -13.03727668   8.91934955]
 [ 10.36656315 -13.03727668   9.91934955]
 [  9.64295635 -12.51154556   9.36656315]
 [  9.64295635 -12.51154556  10.36656315]]
[PY] Found 1 cells for combo (0, 2, 5)
[PY] Getting cells for js: (0, 3, 4)
[PY] Computing intersections with k_range: 0
[PY] k_range input: 0
[PY] k_combo range: [0]
[PY] Generated 1 k_combos
[PY] ds matrix shape: (1, 3)
[PY] First few ds values: [[6.27 0.57 7.67]]
[PY] First intersection: [ 5.31139687 -5.50475441  3.39735248]
[PY] ds matrix:
 [[6.27]
 [0.57]
 [7.67]]
[PY] coef_inv:
 [[ 0.30901699 -0.80901699  0.5       ]
 [ 0.95105652  0.58778525 -1.53884177]
 [ 1.61803399  1.61803399 -1.        ]]
[PY] Result before transpose:
 [[ 5.31139687]
 [-5.50475441]
 [ 3.39735248]]
[PY] Found 1 intersections for js (0, 3, 4)
[PY] Creating cell from intersection: [ 5.31139687 -5.50475441  3.39735248]
[PY] Using k_combo: [6. 0. 7.]
[PY] get_neighbours input:
[PY]   js: (0, 3, 4)
[PY]   ks: [6. 0. 7.]
[PY] Vec 0: [0.89442719 0.         0.4472136 ]
[PY] Dot product 0: 6.27
[PY] Offset 0: 0.27
[PY] Pre-ceil value 0: 6.0
[PY] Ceil value 0: 6
[PY] Vec 1: [0.2763932  0.85065081 0.4472136 ]
[PY] Dot product 1: -1.695247584249855
[PY] Offset 1: 0.37
[PY] Pre-ceil value 1: -2.065247584249855
[PY] Ceil value 1: -2
[PY] Vec 2: [-0.7236068   0.52573111  0.4472136 ]
[PY] Dot product 2: -5.218041320124255
[PY] Offset 2: 0.47
[PY] Pre-ceil value 2: -5.688041320124254
[PY] Ceil value 2: -5
[PY] Vec 3: [-0.7236068  -0.52573111  0.4472136 ]
[PY] Dot product 3: 0.57
[PY] Offset 3: 0.57
[PY] Pre-ceil value 3: 0.0
[PY] Ceil value 3: 0
[PY] Vec 4: [ 0.2763932  -0.85065081  0.4472136 ]
[PY] Dot product 4: 7.670000000000001
[PY] Offset 4: 0.67
[PY] Pre-ceil value 4: 7.000000000000001
[PY] Ceil value 4: 8
[PY] Vec 5: [0. 0. 1.]
[PY] Dot product 5: 3.3973524830492794
[PY] Offset 5: 0.77
[PY] Pre-ceil value 5: 2.6273524830492794
[PY] Ceil value 5: 3
[PY] Final gridspace indices: [ 6 -2 -5  0  8  3]
[PY] Gridspace returned indices: [ 6 -2 -5  0  8  3]
[PY] After loading known indices: [ 6 -2 -5  0  7  3]
[PY] Initial indices: [ 6 -2 -5  0  7  3]
[PY] Initial indices: [ 6 -2 -5  0  7  3]
[PY] Deltas: [array([1, 0, 0, 0, 0, 0]), array([0, 0, 0, 1, 0, 0]), array([0, 0, 0, 0, 1, 0])]
[PY] First neighbour: [0 0 0]
[PY] Generated indices set: [array([ 6, -2, -5,  0,  7,  3]), array([ 6, -2, -5,  0,  8,  3]), array([ 6, -2, -5,  1,  7,  3]), array([ 6, -2, -5,  1,  8,  3]), array([ 7, -2, -5,  0,  7,  3]), array([ 7, -2, -5,  0,  8,  3]), array([ 7, -2, -5,  1,  7,  3]), array([ 7, -2, -5,  1,  8,  3])]
[PY] Generated vertex: [ 10.36656315 -10.28451284   5.68328157] from indices: [ 6 -2 -5  0  7  3]
[PY] Generated vertex: [ 10.64295635 -11.13516364   6.13049517] from indices: [ 6 -2 -5  0  8  3]
[PY] Generated vertex: [  9.64295635 -10.81024395   6.13049517] from indices: [ 6 -2 -5  1  7  3]
[PY] Generated vertex: [  9.91934955 -11.66089476   6.57770876] from indices: [ 6 -2 -5  1  8  3]
[PY] Generated vertex: [ 11.26099034 -10.28451284   6.13049517] from indices: [ 7 -2 -5  0  7  3]
[PY] Generated vertex: [ 11.53738354 -11.13516364   6.57770876] from indices: [ 7 -2 -5  0  8  3]
[PY] Generated vertex: [ 10.53738354 -10.81024395   6.57770876] from indices: [ 7 -2 -5  1  7  3]
[PY] Generated vertex: [ 10.81377674 -11.66089476   7.02492236] from indices: [ 7 -2 -5  1  8  3]
[PY] Final vertices set: [[ 10.36656315 -10.28451284   5.68328157]
 [ 10.64295635 -11.13516364   6.13049517]
 [  9.64295635 -10.81024395   6.13049517]
 [  9.91934955 -11.66089476   6.57770876]
 [ 11.26099034 -10.28451284   6.13049517]
 [ 11.53738354 -11.13516364   6.57770876]
 [ 10.53738354 -10.81024395   6.57770876]
 [ 10.81377674 -11.66089476   7.02492236]]
[PY] Found 1 cells for combo (0, 3, 4)
[PY] Getting cells for js: (0, 3, 5)
[PY] Computing intersections with k_range: 0
[PY] k_range input: 0
[PY] k_combo range: [0]
[PY] Generated 1 k_combos
[PY] ds matrix shape: (1, 3)
[PY] First few ds values: [[6.27 0.57 4.77]]
[PY] First intersection: [ 4.62507311 -3.39246708  4.77      ]
[PY] ds matrix:
 [[6.27]
 [0.57]
 [4.77]]
[PY] coef_inv:
 [[ 1.11803399  0.         -0.5       ]
 [-1.53884177 -1.90211303  1.53884177]
 [ 0.          0.          1.        ]]
[PY] Result before transpose:
 [[ 4.62507311]
 [-3.39246708]
 [ 4.77      ]]
[PY] Found 1 intersections for js (0, 3, 5)
[PY] Creating cell from intersection: [ 4.62507311 -3.39246708  4.77      ]
[PY] Using k_combo: [6. 0. 4.]
[PY] get_neighbours input:
[PY]   js: (0, 3, 5)
[PY]   ks: [6. 0. 4.]
[PY] Vec 0: [0.89442719 0.         0.4472136 ]
[PY] Dot product 0: 6.27
[PY] Offset 0: 0.27
[PY] Pre-ceil value 0: 6.0
[PY] Ceil value 0: 6
[PY] Vec 1: [0.2763932  0.85065081 0.4472136 ]
[PY] Dot product 1: 0.5257427527495572
[PY] Offset 1: 0.37
[PY] Pre-ceil value 1: 0.15574275274955718
[PY] Ceil value 1: 1
[PY] Vec 2: [-0.7236068   0.52573111  0.4472136 ]
[PY] Dot product 2: -2.997050983124843
[PY] Offset 2: 0.47
[PY] Pre-ceil value 2: -3.4670509831248433
[PY] Ceil value 2: -3
[PY] Vec 3: [-0.7236068  -0.52573111  0.4472136 ]
[PY] Dot product 3: 0.5700000000000002
[PY] Offset 3: 0.57
[PY] Pre-ceil value 3: 2.220446049250313e-16
[PY] Ceil value 3: 1
[PY] Vec 4: [ 0.2763932  -0.85065081  0.4472136 ]
[PY] Dot product 4: 6.297352483049281
[PY] Offset 4: 0.67
[PY] Pre-ceil value 4: 5.627352483049281
[PY] Ceil value 4: 6
[PY] Vec 5: [0. 0. 1.]
[PY] Dot product 5: 4.77
[PY] Offset 5: 0.77
[PY] Pre-ceil value 5: 3.9999999999999996
[PY] Ceil value 5: 4
[PY] Final gridspace indices: [ 6  1 -3  1  6  4]
[PY] Gridspace returned indices: [ 6  1 -3  1  6  4]
[PY] After loading known indices: [ 6  1 -3  0  6  4]
[PY] Initial indices: [ 6  1 -3  0  6  4]
[PY] Initial indices: [ 6  1 -3  0  6  4]
[PY] Deltas: [array([1, 0, 0, 0, 0, 0]), array([0, 0, 0, 1, 0, 0]), array([0, 0, 0, 0, 0, 1])]
[PY] First neighbour: [0 0 0]
[PY] Generated indices set: [array([ 6,  1, -3,  0,  6,  4]), array([ 6,  1, -3,  0,  6,  5]), array([ 6,  1, -3,  1,  6,  4]), array([ 6,  1, -3,  1,  6,  5]), array([ 7,  1, -3,  0,  6,  4]), array([ 7,  1, -3,  0,  6,  5]), array([ 7,  1, -3,  1,  6,  4]), array([ 7,  1, -3,  1,  6,  5])]
[PY] Generated vertex: [ 9.47213595 -5.83044738  8.47213595] from indices: [ 6  1 -3  0  6  4]
[PY] Generated vertex: [ 9.47213595 -5.83044738  9.47213595] from indices: [ 6  1 -3  0  6  5]
[PY] Generated vertex: [ 8.74852916 -6.35617849  8.91934955] from indices: [ 6  1 -3  1  6  4]
[PY] Generated vertex: [ 8.74852916 -6.35617849  9.91934955] from indices: [ 6  1 -3  1  6  5]
[PY] Generated vertex: [10.36656315 -5.83044738  8.91934955] from indices: [ 7  1 -3  0  6  4]
[PY] Generated vertex: [10.36656315 -5.83044738  9.91934955] from indices: [ 7  1 -3  0  6  5]
[PY] Generated vertex: [ 9.64295635 -6.35617849  9.36656315] from indices: [ 7  1 -3  1  6  4]
[PY] Generated vertex: [ 9.64295635 -6.35617849 10.36656315] from indices: [ 7  1 -3  1  6  5]
[PY] Final vertices set: [[ 9.47213595 -5.83044738  8.47213595]
 [ 9.47213595 -5.83044738  9.47213595]
 [ 8.74852916 -6.35617849  8.91934955]
 [ 8.74852916 -6.35617849  9.91934955]
 [10.36656315 -5.83044738  8.91934955]
 [10.36656315 -5.83044738  9.91934955]
 [ 9.64295635 -6.35617849  9.36656315]
 [ 9.64295635 -6.35617849 10.36656315]]
[PY] Found 1 cells for combo (0, 3, 5)
[PY] Getting cells for js: (0, 4, 5)
[PY] Computing intersections with k_range: 0
[PY] k_range input: 0
[PY] k_combo range: [0]
[PY] Generated 1 k_combos
[PY] ds matrix shape: (1, 3)
[PY] First few ds values: [[6.27 7.67 4.77]]
[PY] First intersection: [ 4.62507311 -5.00611102  4.77      ]
[PY] ds matrix:
 [[6.27]
 [7.67]
 [4.77]]
[PY] coef_inv:
 [[ 1.11803399  0.         -0.5       ]
 [ 0.36327126 -1.1755705   0.36327126]
 [ 0.          0.          1.        ]]
[PY] Result before transpose:
 [[ 4.62507311]
 [-5.00611102]
 [ 4.77      ]]
[PY] Found 1 intersections for js (0, 4, 5)
[PY] Creating cell from intersection: [ 4.62507311 -5.00611102  4.77      ]
[PY] Using k_combo: [6. 7. 4.]
[PY] get_neighbours input:
[PY]   js: (0, 4, 5)
[PY]   ks: [6. 7. 4.]
[PY] Vec 0: [0.89442719 0.         0.4472136 ]
[PY] Dot product 0: 6.27
[PY] Offset 0: 0.27
[PY] Pre-ceil value 0: 6.0
[PY] Ceil value 0: 6
[PY] Vec 1: [0.2763932  0.85065081 0.4472136 ]
[PY] Dot product 1: -0.8469047642011615
[PY] Offset 1: 0.37
[PY] Pre-ceil value 1: -1.2169047642011614
[PY] Ceil value 1: -1
[PY] Vec 2: [-0.7236068   0.52573111  0.4472136 ]
[PY] Dot product 2: -3.845393803173535
[PY] Offset 2: 0.47
[PY] Pre-ceil value 2: -4.315393803173535
[PY] Ceil value 2: -4
[PY] Vec 3: [-0.7236068  -0.52573111  0.4472136 ]
[PY] Dot product 3: 1.4183428200486916
[PY] Offset 3: 0.57
[PY] Pre-ceil value 3: 0.8483428200486917
[PY] Ceil value 3: 1
[PY] Vec 4: [ 0.2763932  -0.85065081  0.4472136 ]
[PY] Dot product 4: 7.67
[PY] Offset 4: 0.67
[PY] Pre-ceil value 4: 7.0
[PY] Ceil value 4: 7
[PY] Vec 5: [0. 0. 1.]
[PY] Dot product 5: 4.77
[PY] Offset 5: 0.77
[PY] Pre-ceil value 5: 3.9999999999999996
[PY] Ceil value 5: 4
[PY] Final gridspace indices: [ 6 -1 -4  1  7  4]
[PY] Gridspace returned indices: [ 6 -1 -4  1  7  4]
[PY] After loading known indices: [ 6 -1 -4  1  7  4]
[PY] Initial indices: [ 6 -1 -4  1  7  4]
[PY] Initial indices: [ 6 -1 -4  1  7  4]
[PY] Deltas: [array([1, 0, 0, 0, 0, 0]), array([0, 0, 0, 0, 1, 0]), array([0, 0, 0, 0, 0, 1])]
[PY] First neighbour: [0 0 0]
[PY] Generated indices set: [array([ 6, -1, -4,  1,  7,  4]), array([ 6, -1, -4,  1,  7,  5]), array([ 6, -1, -4,  1,  8,  4]), array([ 6, -1, -4,  1,  8,  5]), array([ 7, -1, -4,  1,  7,  4]), array([ 7, -1, -4,  1,  7,  5]), array([ 7, -1, -4,  1,  8,  4]), array([ 7, -1, -4,  1,  8,  5])]
[PY] Generated vertex: [ 9.19574275 -9.43386203  8.02492236] from indices: [ 6 -1 -4  1  7  4]
[PY] Generated vertex: [ 9.19574275 -9.43386203  9.02492236] from indices: [ 6 -1 -4  1  7  5]
[PY] Generated vertex: [  9.47213595 -10.28451284   8.47213595] from indices: [ 6 -1 -4  1  8  4]
[PY] Generated vertex: [  9.47213595 -10.28451284   9.47213595] from indices: [ 6 -1 -4  1  8  5]
[PY] Generated vertex: [10.09016994 -9.43386203  8.47213595] from indices: [ 7 -1 -4  1  7  4]
[PY] Generated vertex: [10.09016994 -9.43386203  9.47213595] from indices: [ 7 -1 -4  1  7  5]
[PY] Generated vertex: [ 10.36656315 -10.28451284   8.91934955] from indices: [ 7 -1 -4  1  8  4]
[PY] Generated vertex: [ 10.36656315 -10.28451284   9.91934955] from indices: [ 7 -1 -4  1  8  5]
[PY] Final vertices set: [[  9.19574275  -9.43386203   8.02492236]
 [  9.19574275  -9.43386203   9.02492236]
 [  9.47213595 -10.28451284   8.47213595]
 [  9.47213595 -10.28451284   9.47213595]
 [ 10.09016994  -9.43386203   8.47213595]
 [ 10.09016994  -9.43386203   9.47213595]
 [ 10.36656315 -10.28451284   8.91934955]
 [ 10.36656315 -10.28451284   9.91934955]]
[PY] Found 1 cells for combo (0, 4, 5)
[PY] Getting cells for js: (1, 2, 3)
[PY] Computing intersections with k_range: 0
[PY] k_range input: 0
[PY] k_combo range: [0]
[PY] Generated 1 k_combos
[PY] ds matrix shape: (1, 3)
[PY] First few ds values: [[-1.63 -4.53  0.57]]
[PY] First intersection: [ 4.47598667 -4.85038823  2.81488397]
[PY] ds matrix:
 [[-1.63]
 [-4.53]
 [ 0.57]]
[PY] coef_inv:
 [[ 1.00000000e+00 -1.30901699e+00  3.09016994e-01]
 [-8.54228781e-17  9.51056516e-01 -9.51056516e-01]
 [ 1.61803399e+00 -1.00000000e+00  1.61803399e+00]]
[PY] Result before transpose:
 [[ 4.47598667]
 [-4.85038823]
 [ 2.81488397]]
[PY] Found 1 intersections for js (1, 2, 3)
[PY] Creating cell from intersection: [ 4.47598667 -4.85038823  2.81488397]
[PY] Using k_combo: [-2. -5.  0.]
[PY] get_neighbours input:
[PY]   js: (1, 2, 3)
[PY]   ks: [-2. -5.  0.]
[PY] Vec 0: [0.89442719 0.         0.4472136 ]
[PY] Dot product 0: 5.262298567374694
[PY] Offset 0: 0.27
[PY] Pre-ceil value 0: 4.992298567374695
[PY] Ceil value 0: 5
[PY] Vec 1: [0.2763932  0.85065081 0.4472136 ]
[PY] Dot product 1: -1.6300000000000006
[PY] Offset 1: 0.37
[PY] Pre-ceil value 1: -2.0000000000000004
[PY] Ceil value 1: -2
[PY] Vec 2: [-0.7236068   0.52573111  0.4472136 ]
[PY] Dot product 2: -4.53
[PY] Offset 2: 0.47
[PY] Pre-ceil value 2: -5.0
[PY] Ceil value 2: -5
[PY] Vec 3: [-0.7236068  -0.52573111  0.4472136 ]
[PY] Dot product 3: 0.5700000000000002
[PY] Offset 3: 0.57
[PY] Pre-ceil value 3: 2.220446049250313e-16
[PY] Ceil value 3: 1
[PY] Vec 4: [ 0.2763932  -0.85065081  0.4472136 ]
[PY] Dot product 4: 6.621973342624464
[PY] Offset 4: 0.67
[PY] Pre-ceil value 4: 5.951973342624464
[PY] Ceil value 4: 6
[PY] Vec 5: [0. 0. 1.]
[PY] Dot product 5: 2.814883971925111
[PY] Offset 5: 0.77
[PY] Pre-ceil value 5: 2.044883971925111
[PY] Ceil value 5: 3
[PY] Final gridspace indices: [ 5 -2 -5  1  6  3]
[PY] Gridspace returned indices: [ 5 -2 -5  1  6  3]
[PY] After loading known indices: [ 5 -2 -5  0  6  3]
[PY] Initial indices: [ 5 -2 -5  0  6  3]
[PY] Initial indices: [ 5 -2 -5  0  6  3]
[PY] Deltas: [array([0, 1, 0, 0, 0, 0]), array([0, 0, 1, 0, 0, 0]), array([0, 0, 0, 1, 0, 0])]
[PY] First neighbour: [0 0 0]
[PY] Generated indices set: [array([ 5, -2, -5,  0,  6,  3]), array([ 5, -2, -5,  1,  6,  3]), array([ 5, -2, -4,  0,  6,  3]), array([ 5, -2, -4,  1,  6,  3]), array([ 5, -1, -5,  0,  6,  3]), array([ 5, -1, -5,  1,  6,  3]), array([ 5, -1, -4,  0,  6,  3]), array([ 5, -1, -4,  1,  6,  3])]
[PY] Generated vertex: [ 9.19574275 -9.43386203  4.78885438] from indices: [ 5 -2 -5  0  6  3]
[PY] Generated vertex: [ 8.47213595 -9.95959314  5.23606798] from indices: [ 5 -2 -5  1  6  3]
[PY] Generated vertex: [ 8.47213595 -8.90813092  5.23606798] from indices: [ 5 -2 -4  0  6  3]
[PY] Generated vertex: [ 7.74852916 -9.43386203  5.68328157] from indices: [ 5 -2 -4  1  6  3]
[PY] Generated vertex: [ 9.47213595 -8.58321122  5.23606798] from indices: [ 5 -1 -5  0  6  3]
[PY] Generated vertex: [ 8.74852916 -9.10894233  5.68328157] from indices: [ 5 -1 -5  1  6  3]
[PY] Generated vertex: [ 8.74852916 -8.05748011  5.68328157] from indices: [ 5 -1 -4  0  6  3]
[PY] Generated vertex: [ 8.02492236 -8.58321122  6.13049517] from indices: [ 5 -1 -4  1  6  3]
[PY] Final vertices set: [[ 9.19574275 -9.43386203  4.78885438]
 [ 8.47213595 -9.95959314  5.23606798]
 [ 8.47213595 -8.90813092  5.23606798]
 [ 7.74852916 -9.43386203  5.68328157]
 [ 9.47213595 -8.58321122  5.23606798]
 [ 8.74852916 -9.10894233  5.68328157]
 [ 8.74852916 -8.05748011  5.68328157]
 [ 8.02492236 -8.58321122  6.13049517]]
[PY] Found 1 cells for combo (1, 2, 3)
[PY] Getting cells for js: (1, 2, 4)
[PY] Computing intersections with k_range: 0
[PY] k_range input: 0
[PY] k_combo range: [0]
[PY] Generated 1 k_combos
[PY] ds matrix shape: (1, 3)
[PY] First few ds values: [[-1.63 -4.53  7.67]]
[PY] First intersection: [ 4.67614195 -5.46640285  3.86291063]
[PY] ds matrix:
 [[-1.63]
 [-4.53]
 [ 7.67]]
[PY] coef_inv:
 [[ 8.09016994e-01 -1.00000000e+00  1.90983006e-01]
 [ 5.87785252e-01  1.05588484e-16 -5.87785252e-01]
 [ 6.18033989e-01  6.18033989e-01  1.00000000e+00]]
[PY] Result before transpose:
 [[ 4.67614195]
 [-5.46640285]
 [ 3.86291063]]
[PY] Found 1 intersections for js (1, 2, 4)
[PY] Creating cell from intersection: [ 4.67614195 -5.46640285  3.86291063]
[PY] Using k_combo: [-2. -5.  7.]
[PY] get_neighbours input:
[PY]   js: (1, 2, 4)
[PY]   ks: [-2. -5.  7.]
[PY] Vec 0: [0.89442719 0.         0.4472136 ]
[PY] Dot product 0: 5.910014662748715
[PY] Offset 0: 0.27
[PY] Pre-ceil value 0: 5.640014662748715
[PY] Ceil value 0: 6
[PY] Vec 1: [0.2763932  0.85065081 0.4472136 ]
[PY] Dot product 1: -1.6300000000000014
[PY] Offset 1: 0.37
[PY] Pre-ceil value 1: -2.0000000000000013
[PY] Ceil value 1: -2
[PY] Vec 2: [-0.7236068   0.52573111  0.4472136 ]
[PY] Dot product 2: -4.529999999999999
[PY] Offset 2: 0.47
[PY] Pre-ceil value 2: -4.999999999999999
[PY] Ceil value 2: -4
[PY] Vec 3: [-0.7236068  -0.52573111  0.4472136 ]
[PY] Dot product 3: 1.2177160953740234
[PY] Offset 3: 0.57
[PY] Pre-ceil value 3: 0.6477160953740234
[PY] Ceil value 3: 1
[PY] Vec 4: [ 0.2763932  -0.85065081  0.4472136 ]
[PY] Dot product 4: 7.67
[PY] Offset 4: 0.67
[PY] Pre-ceil value 4: 7.0
[PY] Ceil value 4: 7
[PY] Vec 5: [0. 0. 1.]
[PY] Dot product 5: 3.8629106293006474
[PY] Offset 5: 0.77
[PY] Pre-ceil value 5: 3.0929106293006474
[PY] Ceil value 5: 4
[PY] Final gridspace indices: [ 6 -2 -4  1  7  4]
[PY] Gridspace returned indices: [ 6 -2 -4  1  7  4]
[PY] After loading known indices: [ 6 -2 -5  1  7  4]
[PY] Initial indices: [ 6 -2 -5  1  7  4]
[PY] Initial indices: [ 6 -2 -5  1  7  4]
[PY] Deltas: [array([0, 1, 0, 0, 0, 0]), array([0, 0, 1, 0, 0, 0]), array([0, 0, 0, 0, 1, 0])]
[PY] First neighbour: [0 0 0]
[PY] Generated indices set: [array([ 6, -2, -5,  1,  7,  4]), array([ 6, -2, -5,  1,  8,  4]), array([ 6, -2, -4,  1,  7,  4]), array([ 6, -2, -4,  1,  8,  4]), array([ 6, -1, -5,  1,  7,  4]), array([ 6, -1, -5,  1,  8,  4]), array([ 6, -1, -4,  1,  7,  4]), array([ 6, -1, -4,  1,  8,  4])]
[PY] Generated vertex: [  9.64295635 -10.81024395   7.13049517] from indices: [ 6 -2 -5  1  7  4]
[PY] Generated vertex: [  9.91934955 -11.66089476   7.57770876] from indices: [ 6 -2 -5  1  8  4]
[PY] Generated vertex: [  8.91934955 -10.28451284   7.57770876] from indices: [ 6 -2 -4  1  7  4]
[PY] Generated vertex: [  9.19574275 -11.13516364   8.02492236] from indices: [ 6 -2 -4  1  8  4]
[PY] Generated vertex: [ 9.91934955 -9.95959314  7.57770876] from indices: [ 6 -1 -5  1  7  4]
[PY] Generated vertex: [ 10.19574275 -10.81024395   8.02492236] from indices: [ 6 -1 -5  1  8  4]
[PY] Generated vertex: [ 9.19574275 -9.43386203  8.02492236] from indices: [ 6 -1 -4  1  7  4]
[PY] Generated vertex: [  9.47213595 -10.28451284   8.47213595] from indices: [ 6 -1 -4  1  8  4]
[PY] Final vertices set: [[  9.64295635 -10.81024395   7.13049517]
 [  9.91934955 -11.66089476   7.57770876]
 [  8.91934955 -10.28451284   7.57770876]
 [  9.19574275 -11.13516364   8.02492236]
 [  9.91934955  -9.95959314   7.57770876]
 [ 10.19574275 -10.81024395   8.02492236]
 [  9.19574275  -9.43386203   8.02492236]
 [  9.47213595 -10.28451284   8.47213595]]
[PY] Found 1 cells for combo (1, 2, 4)
[PY] Getting cells for js: (1, 2, 5)
[PY] Computing intersections with k_range: 0
[PY] k_range input: 0
[PY] k_combo range: [0]
[PY] Generated 1 k_combos
[PY] ds matrix shape: (1, 3)
[PY] First few ds values: [[-1.63 -4.53  4.77]]
[PY] First intersection: [ 4.84938061 -5.9995766   4.77      ]
[PY] ds matrix:
 [[-1.63]
 [-4.53]
 [ 4.77]]
[PY] coef_inv:
 [[ 0.69098301 -1.11803399  0.19098301]
 [ 0.95105652  0.36327126 -0.58778525]
 [ 0.          0.          1.        ]]
[PY] Result before transpose:
 [[ 4.84938061]
 [-5.9995766 ]
 [ 4.77      ]]
[PY] Found 1 intersections for js (1, 2, 5)
[PY] Creating cell from intersection: [ 4.84938061 -5.9995766   4.77      ]
[PY] Using k_combo: [-2. -5.  4.]
[PY] get_neighbours input:
[PY]   js: (1, 2, 5)
[PY]   ks: [-2. -5.  4.]
[PY] Vec 0: [0.89442719 0.         0.4472136 ]
[PY] Dot product 0: 6.470626724674668
[PY] Offset 0: 0.27
[PY] Pre-ceil value 0: 6.2006267246746685
[PY] Ceil value 0: 7
[PY] Vec 1: [0.2763932  0.85065081 0.4472136 ]
[PY] Dot product 1: -1.6300000000000006
[PY] Offset 1: 0.37
[PY] Pre-ceil value 1: -2.0000000000000004
[PY] Ceil value 1: -2
[PY] Vec 2: [-0.7236068   0.52573111  0.4472136 ]
[PY] Dot product 2: -4.53
[PY] Offset 2: 0.47
[PY] Pre-ceil value 2: -5.0
[PY] Ceil value 2: -5
[PY] Vec 3: [-0.7236068  -0.52573111  0.4472136 ]
[PY] Dot product 3: 1.7783281572999752
[PY] Offset 3: 0.57
[PY] Pre-ceil value 3: 1.2083281572999751
[PY] Ceil value 3: 2
[PY] Vec 4: [ 0.2763932  -0.85065081  0.4472136 ]
[PY] Dot product 4: 8.577089370699351
[PY] Offset 4: 0.67
[PY] Pre-ceil value 4: 7.907089370699351
[PY] Ceil value 4: 8
[PY] Vec 5: [0. 0. 1.]
[PY] Dot product 5: 4.77
[PY] Offset 5: 0.77
[PY] Pre-ceil value 5: 3.9999999999999996
[PY] Ceil value 5: 4
[PY] Final gridspace indices: [ 7 -2 -5  2  8  4]
[PY] Gridspace returned indices: [ 7 -2 -5  2  8  4]
[PY] After loading known indices: [ 7 -2 -5  2  8  4]
[PY] Initial indices: [ 7 -2 -5  2  8  4]
[PY] Initial indices: [ 7 -2 -5  2  8  4]
[PY] Deltas: [array([0, 1, 0, 0, 0, 0]), array([0, 0, 1, 0, 0, 0]), array([0, 0, 0, 0, 0, 1])]
[PY] First neighbour: [0 0 0]
[PY] Generated indices set: [array([ 7, -2, -5,  2,  8,  4]), array([ 7, -2, -5,  2,  8,  5]), array([ 7, -2, -4,  2,  8,  4]), array([ 7, -2, -4,  2,  8,  5]), array([ 7, -1, -5,  2,  8,  4]), array([ 7, -1, -5,  2,  8,  5]), array([ 7, -1, -4,  2,  8,  4]), array([ 7, -1, -4,  2,  8,  5])]
[PY] Generated vertex: [ 10.09016994 -12.18662587   8.47213595] from indices: [ 7 -2 -5  2  8  4]
[PY] Generated vertex: [ 10.09016994 -12.18662587   9.47213595] from indices: [ 7 -2 -5  2  8  5]
[PY] Generated vertex: [  9.36656315 -11.66089476   8.91934955] from indices: [ 7 -2 -4  2  8  4]
[PY] Generated vertex: [  9.36656315 -11.66089476   9.91934955] from indices: [ 7 -2 -4  2  8  5]
[PY] Generated vertex: [ 10.36656315 -11.33597506   8.91934955] from indices: [ 7 -1 -5  2  8  4]
[PY] Generated vertex: [ 10.36656315 -11.33597506   9.91934955] from indices: [ 7 -1 -5  2  8  5]
[PY] Generated vertex: [  9.64295635 -10.81024395   9.36656315] from indices: [ 7 -1 -4  2  8  4]
[PY] Generated vertex: [  9.64295635 -10.81024395  10.36656315] from indices: [ 7 -1 -4  2  8  5]
[PY] Final vertices set: [[ 10.09016994 -12.18662587   8.47213595]
 [ 10.09016994 -12.18662587   9.47213595]
 [  9.36656315 -11.66089476   8.91934955]
 [  9.36656315 -11.66089476   9.91934955]
 [ 10.36656315 -11.33597506   8.91934955]
 [ 10.36656315 -11.33597506   9.91934955]
 [  9.64295635 -10.81024395   9.36656315]
 [  9.64295635 -10.81024395  10.36656315]]
[PY] Found 1 cells for combo (1, 2, 5)
[PY] Getting cells for js: (1, 3, 4)
[PY] Computing intersections with k_range: 0
[PY] k_range input: 0
[PY] k_combo range: [0]
[PY] Generated 1 k_combos
[PY] ds matrix shape: (1, 3)
[PY] First few ds values: [[-1.63  0.57  7.67]]
[PY] First intersection: [ 5.32385805 -5.46640285  3.46260007]
[PY] ds matrix:
 [[-1.63]
 [ 0.57]
 [ 7.67]]
[PY] coef_inv:
 [[ 1.90983006e-01 -1.00000000e+00  8.09016994e-01]
 [ 5.87785252e-01  1.58382726e-16 -5.87785252e-01]
 [ 1.00000000e+00  6.18033989e-01  6.18033989e-01]]
[PY] Result before transpose:
 [[ 5.32385805]
 [-5.46640285]
 [ 3.46260007]]
[PY] Found 1 intersections for js (1, 3, 4)
[PY] Creating cell from intersection: [ 5.32385805 -5.46640285  3.46260007]
[PY] Using k_combo: [-2.  0.  7.]
[PY] get_neighbours input:
[PY]   js: (1, 3, 4)
[PY]   ks: [-2.  0.  7.]
[PY] Vec 0: [0.89442719 0.         0.4472136 ]
[PY] Dot product 0: 6.3103252247502315
[PY] Offset 0: 0.27
[PY] Pre-ceil value 0: 6.040325224750232
[PY] Ceil value 0: 7
[PY] Vec 1: [0.2763932  0.85065081 0.4472136 ]
[PY] Dot product 1: -1.6300000000000006
[PY] Offset 1: 0.37
[PY] Pre-ceil value 1: -2.0000000000000004
[PY] Ceil value 1: -2
[PY] Vec 2: [-0.7236068   0.52573111  0.4472136 ]
[PY] Dot product 2: -5.177716095374023
[PY] Offset 2: 0.47
[PY] Pre-ceil value 2: -5.647716095374022
[PY] Ceil value 2: -5
[PY] Vec 3: [-0.7236068  -0.52573111  0.4472136 ]
[PY] Dot product 3: 0.57
[PY] Offset 3: 0.57
[PY] Pre-ceil value 3: 0.0
[PY] Ceil value 3: 0
[PY] Vec 4: [ 0.2763932  -0.85065081  0.4472136 ]
[PY] Dot product 4: 7.67
[PY] Offset 4: 0.67
[PY] Pre-ceil value 4: 7.0
[PY] Ceil value 4: 7
[PY] Vec 5: [0. 0. 1.]
[PY] Dot product 5: 3.4626000672991335
[PY] Offset 5: 0.77
[PY] Pre-ceil value 5: 2.6926000672991335
[PY] Ceil value 5: 3
[PY] Final gridspace indices: [ 7 -2 -5  0  7  3]
[PY] Gridspace returned indices: [ 7 -2 -5  0  7  3]
[PY] After loading known indices: [ 7 -2 -5  0  7  3]
[PY] Initial indices: [ 7 -2 -5  0  7  3]
[PY] Initial indices: [ 7 -2 -5  0  7  3]
[PY] Deltas: [array([0, 1, 0, 0, 0, 0]), array([0, 0, 0, 1, 0, 0]), array([0, 0, 0, 0, 1, 0])]
[PY] First neighbour: [0 0 0]
[PY] Generated indices set: [array([ 7, -2, -5,  0,  7,  3]), array([ 7, -2, -5,  0,  8,  3]), array([ 7, -2, -5,  1,  7,  3]), array([ 7, -2, -5,  1,  8,  3]), array([ 7, -1, -5,  0,  7,  3]), array([ 7, -1, -5,  0,  8,  3]), array([ 7, -1, -5,  1,  7,  3]), array([ 7, -1, -5,  1,  8,  3])]
[PY] Generated vertex: [ 11.26099034 -10.28451284   6.13049517] from indices: [ 7 -2 -5  0  7  3]
[PY] Generated vertex: [ 11.53738354 -11.13516364   6.57770876] from indices: [ 7 -2 -5  0  8  3]
[PY] Generated vertex: [ 10.53738354 -10.81024395   6.57770876] from indices: [ 7 -2 -5  1  7  3]
[PY] Generated vertex: [ 10.81377674 -11.66089476   7.02492236] from indices: [ 7 -2 -5  1  8  3]
[PY] Generated vertex: [11.53738354 -9.43386203  6.57770876] from indices: [ 7 -1 -5  0  7  3]
[PY] Generated vertex: [ 11.81377674 -10.28451284   7.02492236] from indices: [ 7 -1 -5  0  8  3]
[PY] Generated vertex: [10.81377674 -9.95959314  7.02492236] from indices: [ 7 -1 -5  1  7  3]
[PY] Generated vertex: [ 11.09016994 -10.81024395   7.47213595] from indices: [ 7 -1 -5  1  8  3]
[PY] Final vertices set: [[ 11.26099034 -10.28451284   6.13049517]
 [ 11.53738354 -11.13516364   6.57770876]
 [ 10.53738354 -10.81024395   6.57770876]
 [ 10.81377674 -11.66089476   7.02492236]
 [ 11.53738354  -9.43386203   6.57770876]
 [ 11.81377674 -10.28451284   7.02492236]
 [ 10.81377674  -9.95959314   7.02492236]
 [ 11.09016994 -10.81024395   7.47213595]]
[PY] Found 1 cells for combo (1, 3, 4)
[PY] Getting cells for js: (1, 3, 5)
[PY] Computing intersections with k_range: 0
[PY] k_range input: 0
[PY] k_combo range: [0]
[PY] Generated 1 k_combos
[PY] ds matrix shape: (1, 3)
[PY] First few ds values: [[-1.63  0.57  4.77]]
[PY] First intersection: [ 7.03526678 -6.70981407  4.77      ]
[PY] ds matrix:
 [[-1.63]
 [ 0.57]
 [ 4.77]]
[PY] coef_inv:
 [[-1.11803399 -1.80901699  1.30901699]
 [ 1.53884177  0.58778525 -0.95105652]
 [ 0.          0.          1.        ]]
[PY] Result before transpose:
 [[ 7.03526678]
 [-6.70981407]
 [ 4.77      ]]
[PY] Found 1 intersections for js (1, 3, 5)
[PY] Creating cell from intersection: [ 7.03526678 -6.70981407  4.77      ]
[PY] Using k_combo: [-2.  0.  4.]
[PY] get_neighbours input:
[PY]   js: (1, 3, 5)
[PY]   ks: [-2.  0.  4.]
[PY] Vec 0: [0.89442719 0.         0.4472136 ]
[PY] Dot product 0: 8.425742752749558
[PY] Offset 0: 0.27
[PY] Pre-ceil value 0: 8.155742752749559
[PY] Ceil value 0: 9
[PY] Vec 1: [0.2763932  0.85065081 0.4472136 ]
[PY] Dot product 1: -1.6300000000000006
[PY] Offset 1: 0.37
[PY] Pre-ceil value 1: -2.0000000000000004
[PY] Ceil value 1: -2
[PY] Vec 2: [-0.7236068   0.52573111  0.4472136 ]
[PY] Dot product 2: -6.485116028074889
[PY] Offset 2: 0.47
[PY] Pre-ceil value 2: -6.9551160280748885
[PY] Ceil value 2: -6
[PY] Vec 3: [-0.7236068  -0.52573111  0.4472136 ]
[PY] Dot product 3: 0.5699999999999997
[PY] Offset 3: 0.57
[PY] Pre-ceil value 3: -2.220446049250313e-16
[PY] Ceil value 3: 0
[PY] Vec 4: [ 0.2763932  -0.85065081  0.4472136 ]
[PY] Dot product 4: 9.785417527999327
[PY] Offset 4: 0.67
[PY] Pre-ceil value 4: 9.115417527999327
[PY] Ceil value 4: 10
[PY] Vec 5: [0. 0. 1.]
[PY] Dot product 5: 4.77
[PY] Offset 5: 0.77
[PY] Pre-ceil value 5: 3.9999999999999996
[PY] Ceil value 5: 4
[PY] Final gridspace indices: [ 9 -2 -6  0 10  4]
[PY] Gridspace returned indices: [ 9 -2 -6  0 10  4]
[PY] After loading known indices: [ 9 -2 -6  0 10  4]
[PY] Initial indices: [ 9 -2 -6  0 10  4]
[PY] Initial indices: [ 9 -2 -6  0 10  4]
[PY] Deltas: [array([0, 1, 0, 0, 0, 0]), array([0, 0, 0, 1, 0, 0]), array([0, 0, 0, 0, 0, 1])]
[PY] First neighbour: [0 0 0]
[PY] Generated indices set: [array([ 9, -2, -6,  0, 10,  4]), array([ 9, -2, -6,  0, 10,  5]), array([ 9, -2, -6,  1, 10,  4]), array([ 9, -2, -6,  1, 10,  5]), array([ 9, -1, -6,  0, 10,  4]), array([ 9, -1, -6,  0, 10,  5]), array([ 9, -1, -6,  1, 10,  4]), array([ 9, -1, -6,  1, 10,  5])]
[PY] Generated vertex: [ 14.60263112 -13.36219637   8.91934955] from indices: [ 9 -2 -6  0 10  4]
[PY] Generated vertex: [ 14.60263112 -13.36219637   9.91934955] from indices: [ 9 -2 -6  0 10  5]
[PY] Generated vertex: [ 13.87902433 -13.88792749   9.36656315] from indices: [ 9 -2 -6  1 10  4]
[PY] Generated vertex: [ 13.87902433 -13.88792749  10.36656315] from indices: [ 9 -2 -6  1 10  5]
[PY] Generated vertex: [ 14.87902433 -12.51154556   9.36656315] from indices: [ 9 -1 -6  0 10  4]
[PY] Generated vertex: [ 14.87902433 -12.51154556  10.36656315] from indices: [ 9 -1 -6  0 10  5]
[PY] Generated vertex: [ 14.15541753 -13.03727668   9.81377674] from indices: [ 9 -1 -6  1 10  4]
[PY] Generated vertex: [ 14.15541753 -13.03727668  10.81377674] from indices: [ 9 -1 -6  1 10  5]
[PY] Final vertices set: [[ 14.60263112 -13.36219637   8.91934955]
 [ 14.60263112 -13.36219637   9.91934955]
 [ 13.87902433 -13.88792749   9.36656315]
 [ 13.87902433 -13.88792749  10.36656315]
 [ 14.87902433 -12.51154556   9.36656315]
 [ 14.87902433 -12.51154556  10.36656315]
 [ 14.15541753 -13.03727668   9.81377674]
 [ 14.15541753 -13.03727668  10.81377674]]
[PY] Found 1 cells for combo (1, 3, 5)
[PY] Getting cells for js: (1, 4, 5)
[PY] Computing intersections with k_range: 0
[PY] k_range input: 0
[PY] k_combo range: [0]
[PY] Generated 1 k_combos
[PY] ds matrix shape: (1, 3)
[PY] First few ds values: [[-1.63  7.67  4.77]]
[PY] First intersection: [ 3.20844052 -5.46640285  4.77      ]
[PY] ds matrix:
 [[-1.63]
 [ 7.67]
 [ 4.77]]
[PY] coef_inv:
 [[ 1.80901699e+00  1.80901699e+00 -1.61803399e+00]
 [ 5.87785252e-01 -5.87785252e-01  1.95771816e-16]
 [ 0.00000000e+00  0.00000000e+00  1.00000000e+00]]
[PY] Result before transpose:
 [[ 3.20844052]
 [-5.46640285]
 [ 4.77      ]]
[PY] Found 1 intersections for js (1, 4, 5)
[PY] Creating cell from intersection: [ 3.20844052 -5.46640285  4.77      ]
[PY] Using k_combo: [-2.  7.  4.]
[PY] get_neighbours input:
[PY]   js: (1, 4, 5)
[PY]   ks: [-2.  7.  4.]
[PY] Vec 0: [0.89442719 0.         0.4472136 ]
[PY] Dot product 0: 5.0029252920493645
[PY] Offset 0: 0.27
[PY] Pre-ceil value 0: 4.732925292049364
[PY] Ceil value 0: 5
[PY] Vec 1: [0.2763932  0.85065081 0.4472136 ]
[PY] Dot product 1: -1.6300000000000001
[PY] Offset 1: 0.37
[PY] Pre-ceil value 1: -2.0
[PY] Ceil value 1: -2
[PY] Vec 2: [-0.7236068   0.52573111  0.4472136 ]
[PY] Dot product 2: -3.0622985673746954
[PY] Offset 2: 0.47
[PY] Pre-ceil value 2: -3.5322985673746956
[PY] Ceil value 2: -3
[PY] Vec 3: [-0.7236068  -0.52573111  0.4472136 ]
[PY] Dot product 3: 2.6854175279993258
[PY] Offset 3: 0.57
[PY] Pre-ceil value 3: 2.115417527999326
[PY] Ceil value 3: 3
[PY] Vec 4: [ 0.2763932  -0.85065081  0.4472136 ]
[PY] Dot product 4: 7.669999999999999
[PY] Offset 4: 0.67
[PY] Pre-ceil value 4: 6.999999999999999
[PY] Ceil value 4: 7
[PY] Vec 5: [0. 0. 1.]
[PY] Dot product 5: 4.77
[PY] Offset 5: 0.77
[PY] Pre-ceil value 5: 3.9999999999999996
[PY] Ceil value 5: 4
[PY] Final gridspace indices: [ 5 -2 -3  3  7  4]
[PY] Gridspace returned indices: [ 5 -2 -3  3  7  4]
[PY] After loading known indices: [ 5 -2 -3  3  7  4]
[PY] Initial indices: [ 5 -2 -3  3  7  4]
[PY] Initial indices: [ 5 -2 -3  3  7  4]
[PY] Deltas: [array([0, 1, 0, 0, 0, 0]), array([0, 0, 0, 0, 1, 0]), array([0, 0, 0, 0, 0, 1])]
[PY] First neighbour: [0 0 0]
[PY] Generated indices set: [array([ 5, -2, -3,  3,  7,  4]), array([ 5, -2, -3,  3,  7,  5]), array([ 5, -2, -3,  3,  8,  4]), array([ 5, -2, -3,  3,  8,  5]), array([ 5, -1, -3,  3,  7,  4]), array([ 5, -1, -3,  3,  7,  5]), array([ 5, -1, -3,  3,  8,  4]), array([ 5, -1, -3,  3,  8,  5])]
[PY] Generated vertex: [  5.85410197 -10.81024395   8.47213595] from indices: [ 5 -2 -3  3  7  4]
[PY] Generated vertex: [  5.85410197 -10.81024395   9.47213595] from indices: [ 5 -2 -3  3  7  5]
[PY] Generated vertex: [  6.13049517 -11.66089476   8.91934955] from indices: [ 5 -2 -3  3  8  4]
[PY] Generated vertex: [  6.13049517 -11.66089476   9.91934955] from indices: [ 5 -2 -3  3  8  5]
[PY] Generated vertex: [ 6.13049517 -9.95959314  8.91934955] from indices: [ 5 -1 -3  3  7  4]
[PY] Generated vertex: [ 6.13049517 -9.95959314  9.91934955] from indices: [ 5 -1 -3  3  7  5]
[PY] Generated vertex: [  6.40688837 -10.81024395   9.36656315] from indices: [ 5 -1 -3  3  8  4]
[PY] Generated vertex: [  6.40688837 -10.81024395  10.36656315] from indices: [ 5 -1 -3  3  8  5]
[PY] Final vertices set: [[  5.85410197 -10.81024395   8.47213595]
 [  5.85410197 -10.81024395   9.47213595]
 [  6.13049517 -11.66089476   8.91934955]
 [  6.13049517 -11.66089476   9.91934955]
 [  6.13049517  -9.95959314   8.91934955]
 [  6.13049517  -9.95959314   9.91934955]
 [  6.40688837 -10.81024395   9.36656315]
 [  6.40688837 -10.81024395  10.36656315]]
[PY] Found 1 cells for combo (1, 4, 5)
[PY] Getting cells for js: (2, 3, 4)
[PY] Computing intersections with k_range: 0
[PY] k_range input: 0
[PY] k_combo range: [0]
[PY] Generated 1 k_combos
[PY] ds matrix shape: (1, 3)
[PY] First few ds values: [[-4.53  0.57  7.67]]
[PY] First intersection: [ 5.52401333 -4.85038823  4.51062672]
[PY] ds matrix:
 [[-4.53]
 [ 0.57]
 [ 7.67]]
[PY] coef_inv:
 [[ 3.09016994e-01 -1.30901699e+00  1.00000000e+00]
 [ 9.51056516e-01 -9.51056516e-01 -8.54228781e-17]
 [ 1.61803399e+00 -1.00000000e+00  1.61803399e+00]]
[PY] Result before transpose:
 [[ 5.52401333]
 [-4.85038823]
 [ 4.51062672]]
[PY] Found 1 intersections for js (2, 3, 4)
[PY] Creating cell from intersection: [ 5.52401333 -4.85038823  4.51062672]
[PY] Using k_combo: [-5.  0.  7.]
[PY] get_neighbours input:
[PY]   js: (2, 3, 4)
[PY]   ks: [-5.  0.  7.]
[PY] Vec 0: [0.89442719 0.         0.4472136 ]
[PY] Dot product 0: 6.958041320124255
[PY] Offset 0: 0.27
[PY] Pre-ceil value 0: 6.688041320124254
[PY] Ceil value 0: 7
[PY] Vec 1: [0.2763932  0.85065081 0.4472136 ]
[PY] Dot product 1: -0.5819733426244634
[PY] Offset 1: 0.37
[PY] Pre-ceil value 1: -0.9519733426244634
[PY] Ceil value 1: 0
[PY] Vec 2: [-0.7236068   0.52573111  0.4472136 ]
[PY] Dot product 2: -4.53
[PY] Offset 2: 0.47
[PY] Pre-ceil value 2: -5.0
[PY] Ceil value 2: -5
[PY] Vec 3: [-0.7236068  -0.52573111  0.4472136 ]
[PY] Dot product 3: 0.57
[PY] Offset 3: 0.57
[PY] Pre-ceil value 3: 0.0
[PY] Ceil value 3: 0
[PY] Vec 4: [ 0.2763932  -0.85065081  0.4472136 ]
[PY] Dot product 4: 7.670000000000001
[PY] Offset 4: 0.67
[PY] Pre-ceil value 4: 7.000000000000001
[PY] Ceil value 4: 8
[PY] Vec 5: [0. 0. 1.]
[PY] Dot product 5: 4.510626724674671
[PY] Offset 5: 0.77
[PY] Pre-ceil value 5: 3.7406267246746707
[PY] Ceil value 5: 4
[PY] Final gridspace indices: [ 7  0 -5  0  8  4]
[PY] Gridspace returned indices: [ 7  0 -5  0  8  4]
[PY] After loading known indices: [ 7  0 -5  0  7  4]
[PY] Initial indices: [ 7  0 -5  0  7  4]
[PY] Initial indices: [ 7  0 -5  0  7  4]
[PY] Deltas: [array([0, 0, 1, 0, 0, 0]), array([0, 0, 0, 1, 0, 0]), array([0, 0, 0, 0, 1, 0])]
[PY] First neighbour: [0 0 0]
[PY] Generated indices set: [array([ 7,  0, -5,  0,  7,  4]), array([ 7,  0, -5,  0,  8,  4]), array([ 7,  0, -5,  1,  7,  4]), array([ 7,  0, -5,  1,  8,  4]), array([ 7,  0, -4,  0,  7,  4]), array([ 7,  0, -4,  0,  8,  4]), array([ 7,  0, -4,  1,  7,  4]), array([ 7,  0, -4,  1,  8,  4])]
[PY] Generated vertex: [11.81377674 -8.58321122  8.02492236] from indices: [ 7  0 -5  0  7  4]
[PY] Generated vertex: [12.09016994 -9.43386203  8.47213595] from indices: [ 7  0 -5  0  8  4]
[PY] Generated vertex: [11.09016994 -9.10894233  8.47213595] from indices: [ 7  0 -5  1  7  4]
[PY] Generated vertex: [11.36656315 -9.95959314  8.91934955] from indices: [ 7  0 -5  1  8  4]
[PY] Generated vertex: [11.09016994 -8.05748011  8.47213595] from indices: [ 7  0 -4  0  7  4]
[PY] Generated vertex: [11.36656315 -8.90813092  8.91934955] from indices: [ 7  0 -4  0  8  4]
[PY] Generated vertex: [10.36656315 -8.58321122  8.91934955] from indices: [ 7  0 -4  1  7  4]
[PY] Generated vertex: [10.64295635 -9.43386203  9.36656315] from indices: [ 7  0 -4  1  8  4]
[PY] Final vertices set: [[11.81377674 -8.58321122  8.02492236]
 [12.09016994 -9.43386203  8.47213595]
 [11.09016994 -9.10894233  8.47213595]
 [11.36656315 -9.95959314  8.91934955]
 [11.09016994 -8.05748011  8.47213595]
 [11.36656315 -8.90813092  8.91934955]
 [10.36656315 -8.58321122  8.91934955]
 [10.64295635 -9.43386203  9.36656315]]
[PY] Found 1 cells for combo (2, 3, 4)
[PY] Getting cells for js: (2, 3, 5)
[PY] Computing intersections with k_range: 0
[PY] k_range input: 0
[PY] k_combo range: [0]
[PY] Generated 1 k_combos
[PY] ds matrix shape: (1, 3)
[PY] First few ds values: [[-4.53  0.57  4.77]]
[PY] First intersection: [ 5.68431483 -4.85038823  4.77      ]
[PY] ds matrix:
 [[-4.53]
 [ 0.57]
 [ 4.77]]
[PY] coef_inv:
 [[-6.90983006e-01 -6.90983006e-01  6.18033989e-01]
 [ 9.51056516e-01 -9.51056516e-01 -5.27942421e-17]
 [ 0.00000000e+00  0.00000000e+00  1.00000000e+00]]
[PY] Result before transpose:
 [[ 5.68431483]
 [-4.85038823]
 [ 4.77      ]]
[PY] Found 1 intersections for js (2, 3, 5)
[PY] Creating cell from intersection: [ 5.68431483 -4.85038823  4.77      ]
[PY] Using k_combo: [-5.  0.  4.]
[PY] get_neighbours input:
[PY]   js: (2, 3, 5)
[PY]   ks: [-5.  0.  4.]
[PY] Vec 0: [0.89442719 0.         0.4472136 ]
[PY] Dot product 0: 7.217414595449583
[PY] Offset 0: 0.27
[PY] Pre-ceil value 0: 6.947414595449583
[PY] Ceil value 0: 7
[PY] Vec 1: [0.2763932  0.85065081 0.4472136 ]
[PY] Dot product 1: -0.4216718427000258
[PY] Offset 1: 0.37
[PY] Pre-ceil value 1: -0.7916718427000258
[PY] Ceil value 1: 0
[PY] Vec 2: [-0.7236068   0.52573111  0.4472136 ]
[PY] Dot product 2: -4.53
[PY] Offset 2: 0.47
[PY] Pre-ceil value 2: -5.0
[PY] Ceil value 2: -5
[PY] Vec 3: [-0.7236068  -0.52573111  0.4472136 ]
[PY] Dot product 3: 0.5700000000000006
[PY] Offset 3: 0.57
[PY] Pre-ceil value 3: 6.661338147750939e-16
[PY] Ceil value 3: 1
[PY] Vec 4: [ 0.2763932  -0.85065081  0.4472136 ]
[PY] Dot product 4: 7.830301499924437
[PY] Offset 4: 0.67
[PY] Pre-ceil value 4: 7.160301499924437
[PY] Ceil value 4: 8
[PY] Vec 5: [0. 0. 1.]
[PY] Dot product 5: 4.77
[PY] Offset 5: 0.77
[PY] Pre-ceil value 5: 3.9999999999999996
[PY] Ceil value 5: 4
[PY] Final gridspace indices: [ 7  0 -5  1  8  4]
[PY] Gridspace returned indices: [ 7  0 -5  1  8  4]
[PY] After loading known indices: [ 7  0 -5  0  8  4]
[PY] Initial indices: [ 7  0 -5  0  8  4]
[PY] Initial indices: [ 7  0 -5  0  8  4]
[PY] Deltas: [array([0, 0, 1, 0, 0, 0]), array([0, 0, 0, 1, 0, 0]), array([0, 0, 0, 0, 0, 1])]
[PY] First neighbour: [0 0 0]
[PY] Generated indices set: [array([ 7,  0, -5,  0,  8,  4]), array([ 7,  0, -5,  0,  8,  5]), array([ 7,  0, -5,  1,  8,  4]), array([ 7,  0, -5,  1,  8,  5]), array([ 7,  0, -4,  0,  8,  4]), array([ 7,  0, -4,  0,  8,  5]), array([ 7,  0, -4,  1,  8,  4]), array([ 7,  0, -4,  1,  8,  5])]
[PY] Generated vertex: [12.09016994 -9.43386203  8.47213595] from indices: [ 7  0 -5  0  8  4]
[PY] Generated vertex: [12.09016994 -9.43386203  9.47213595] from indices: [ 7  0 -5  0  8  5]
[PY] Generated vertex: [11.36656315 -9.95959314  8.91934955] from indices: [ 7  0 -5  1  8  4]
[PY] Generated vertex: [11.36656315 -9.95959314  9.91934955] from indices: [ 7  0 -5  1  8  5]
[PY] Generated vertex: [11.36656315 -8.90813092  8.91934955] from indices: [ 7  0 -4  0  8  4]
[PY] Generated vertex: [11.36656315 -8.90813092  9.91934955] from indices: [ 7  0 -4  0  8  5]
[PY] Generated vertex: [10.64295635 -9.43386203  9.36656315] from indices: [ 7  0 -4  1  8  4]
[PY] Generated vertex: [10.64295635 -9.43386203 10.36656315] from indices: [ 7  0 -4  1  8  5]
[PY] Final vertices set: [[12.09016994 -9.43386203  8.47213595]
 [12.09016994 -9.43386203  9.47213595]
 [11.36656315 -9.95959314  8.91934955]
 [11.36656315 -9.95959314  9.91934955]
 [11.36656315 -8.90813092  8.91934955]
 [11.36656315 -8.90813092  9.91934955]
 [10.64295635 -9.43386203  9.36656315]
 [10.64295635 -9.43386203 10.36656315]]
[PY] Found 1 cells for combo (2, 3, 5)
[PY] Getting cells for js: (2, 4, 5)
[PY] Computing intersections with k_range: 0
[PY] k_range input: 0
[PY] k_combo range: [0]
[PY] Generated 1 k_combos
[PY] ds matrix shape: (1, 3)
[PY] First few ds values: [[-4.53  7.67  4.77]]
[PY] First intersection: [ 5.86353735 -4.60370959  4.77      ]
[PY] ds matrix:
 [[-4.53]
 [ 7.67]
 [ 4.77]]
[PY] coef_inv:
 [[-1.80901699 -1.11803399  1.30901699]
 [-0.58778525 -1.53884177  0.95105652]
 [ 0.          0.          1.        ]]
[PY] Result before transpose:
 [[ 5.86353735]
 [-4.60370959]
 [ 4.77      ]]
[PY] Found 1 intersections for js (2, 4, 5)
[PY] Creating cell from intersection: [ 5.86353735 -4.60370959  4.77      ]
[PY] Using k_combo: [-5.  7.  4.]
[PY] get_neighbours input:
[PY]   js: (2, 4, 5)
[PY]   ks: [-5.  7.  4.]
[PY] Vec 0: [0.89442719 0.         0.4472136 ]
[PY] Dot product 0: 7.37771609537402
[PY] Offset 0: 0.27
[PY] Pre-ceil value 0: 7.10771609537402
[PY] Ceil value 0: 8
[PY] Vec 1: [0.2763932  0.85065081 0.4472136 ]
[PY] Dot product 1: -0.16229856737469697
[PY] Offset 1: 0.37
[PY] Pre-ceil value 1: -0.5322985673746969
[PY] Ceil value 1: 0
[PY] Vec 2: [-0.7236068   0.52573111  0.4472136 ]
[PY] Dot product 2: -4.53
[PY] Offset 2: 0.47
[PY] Pre-ceil value 2: -5.0
[PY] Ceil value 2: -5
[PY] Vec 3: [-0.7236068  -0.52573111  0.4472136 ]
[PY] Dot product 3: 0.3106267246746709
[PY] Offset 3: 0.57
[PY] Pre-ceil value 3: -0.25937327532532906
[PY] Ceil value 3: 0
[PY] Vec 4: [ 0.2763932  -0.85065081  0.4472136 ]
[PY] Dot product 4: 7.67
[PY] Offset 4: 0.67
[PY] Pre-ceil value 4: 7.0
[PY] Ceil value 4: 7
[PY] Vec 5: [0. 0. 1.]
[PY] Dot product 5: 4.77
[PY] Offset 5: 0.77
[PY] Pre-ceil value 5: 3.9999999999999996
[PY] Ceil value 5: 4
[PY] Final gridspace indices: [ 8  0 -5  0  7  4]
[PY] Gridspace returned indices: [ 8  0 -5  0  7  4]
[PY] After loading known indices: [ 8  0 -5  0  7  4]
[PY] Initial indices: [ 8  0 -5  0  7  4]
[PY] Initial indices: [ 8  0 -5  0  7  4]
[PY] Deltas: [array([0, 0, 1, 0, 0, 0]), array([0, 0, 0, 0, 1, 0]), array([0, 0, 0, 0, 0, 1])]
[PY] First neighbour: [0 0 0]
[PY] Generated indices set: [array([ 8,  0, -5,  0,  7,  4]), array([ 8,  0, -5,  0,  7,  5]), array([ 8,  0, -5,  0,  8,  4]), array([ 8,  0, -5,  0,  8,  5]), array([ 8,  0, -4,  0,  7,  4]), array([ 8,  0, -4,  0,  7,  5]), array([ 8,  0, -4,  0,  8,  4]), array([ 8,  0, -4,  0,  8,  5])]
[PY] Generated vertex: [12.70820393 -8.58321122  8.47213595] from indices: [ 8  0 -5  0  7  4]
[PY] Generated vertex: [12.70820393 -8.58321122  9.47213595] from indices: [ 8  0 -5  0  7  5]
[PY] Generated vertex: [12.98459713 -9.43386203  8.91934955] from indices: [ 8  0 -5  0  8  4]
[PY] Generated vertex: [12.98459713 -9.43386203  9.91934955] from indices: [ 8  0 -5  0  8  5]
[PY] Generated vertex: [11.98459713 -8.05748011  8.91934955] from indices: [ 8  0 -4  0  7  4]
[PY] Generated vertex: [11.98459713 -8.05748011  9.91934955] from indices: [ 8  0 -4  0  7  5]
[PY] Generated vertex: [12.26099034 -8.90813092  9.36656315] from indices: [ 8  0 -4  0  8  4]
[PY] Generated vertex: [12.26099034 -8.90813092 10.36656315] from indices: [ 8  0 -4  0  8  5]
[PY] Final vertices set: [[12.70820393 -8.58321122  8.47213595]
 [12.70820393 -8.58321122  9.47213595]
 [12.98459713 -9.43386203  8.91934955]
 [12.98459713 -9.43386203  9.91934955]
 [11.98459713 -8.05748011  8.91934955]
 [11.98459713 -8.05748011  9.91934955]
 [12.26099034 -8.90813092  9.36656315]
 [12.26099034 -8.90813092 10.36656315]]
[PY] Found 1 cells for combo (2, 4, 5)
[PY] Getting cells for js: (3, 4, 5)
[PY] Computing intersections with k_range: 0
[PY] k_range input: 0
[PY] k_combo range: [0]
[PY] Generated 1 k_combos
[PY] ds matrix shape: (1, 3)
[PY] First few ds values: [[0.57 7.67 4.77]]
[PY] First intersection: [ 5.57354922 -4.69793245  4.77      ]
[PY] ds matrix:
 [[0.57]
 [7.67]
 [4.77]]
[PY] coef_inv:
 [[-1.11803399  0.69098301  0.19098301]
 [-0.36327126 -0.95105652  0.58778525]
 [ 0.          0.          1.        ]]
[PY] Result before transpose:
 [[ 5.57354922]
 [-4.69793245]
 [ 4.77      ]]
[PY] Found 1 intersections for js (3, 4, 5)
[PY] Creating cell from intersection: [ 5.57354922 -4.69793245  4.77      ]
[PY] Using k_combo: [0. 7. 4.]
[PY] get_neighbours input:
[PY]   js: (3, 4, 5)
[PY]   ks: [0. 7. 4.]
[PY] Vec 0: [0.89442719 0.         0.4472136 ]
[PY] Dot product 0: 7.118342820048692
[PY] Offset 0: 0.27
[PY] Pre-ceil value 0: 6.848342820048693
[PY] Ceil value 0: 7
[PY] Vec 1: [0.2763932  0.85065081 0.4472136 ]
[PY] Dot product 1: -0.3226000672991344
[PY] Offset 1: 0.37
[PY] Pre-ceil value 1: -0.6926000672991344
[PY] Ceil value 1: 0
[PY] Vec 2: [-0.7236068   0.52573111  0.4472136 ]
[PY] Dot product 2: -4.369698500075564
[PY] Offset 2: 0.47
[PY] Pre-ceil value 2: -4.8396985000755635
[PY] Ceil value 2: -4
[PY] Vec 3: [-0.7236068  -0.52573111  0.4472136 ]
[PY] Dot product 3: 0.5700000000000002
[PY] Offset 3: 0.57
[PY] Pre-ceil value 3: 2.220446049250313e-16
[PY] Ceil value 3: 1
[PY] Vec 4: [ 0.2763932  -0.85065081  0.4472136 ]
[PY] Dot product 4: 7.67
[PY] Offset 4: 0.67
[PY] Pre-ceil value 4: 7.0
[PY] Ceil value 4: 7
[PY] Vec 5: [0. 0. 1.]
[PY] Dot product 5: 4.77
[PY] Offset 5: 0.77
[PY] Pre-ceil value 5: 3.9999999999999996
[PY] Ceil value 5: 4
[PY] Final gridspace indices: [ 7  0 -4  1  7  4]
[PY] Gridspace returned indices: [ 7  0 -4  1  7  4]
[PY] After loading known indices: [ 7  0 -4  0  7  4]
[PY] Initial indices: [ 7  0 -4  0  7  4]
[PY] Initial indices: [ 7  0 -4  0  7  4]
[PY] Deltas: [array([0, 0, 0, 1, 0, 0]), array([0, 0, 0, 0, 1, 0]), array([0, 0, 0, 0, 0, 1])]
[PY] First neighbour: [0 0 0]
[PY] Generated indices set: [array([ 7,  0, -4,  0,  7,  4]), array([ 7,  0, -4,  0,  7,  5]), array([ 7,  0, -4,  0,  8,  4]), array([ 7,  0, -4,  0,  8,  5]), array([ 7,  0, -4,  1,  7,  4]), array([ 7,  0, -4,  1,  7,  5]), array([ 7,  0, -4,  1,  8,  4]), array([ 7,  0, -4,  1,  8,  5])]
[PY] Generated vertex: [11.09016994 -8.05748011  8.47213595] from indices: [ 7  0 -4  0  7  4]
[PY] Generated vertex: [11.09016994 -8.05748011  9.47213595] from indices: [ 7  0 -4  0  7  5]
[PY] Generated vertex: [11.36656315 -8.90813092  8.91934955] from indices: [ 7  0 -4  0  8  4]
[PY] Generated vertex: [11.36656315 -8.90813092  9.91934955] from indices: [ 7  0 -4  0  8  5]
[PY] Generated vertex: [10.36656315 -8.58321122  8.91934955] from indices: [ 7  0 -4  1  7  4]
[PY] Generated vertex: [10.36656315 -8.58321122  9.91934955] from indices: [ 7  0 -4  1  7  5]
[PY] Generated vertex: [10.64295635 -9.43386203  9.36656315] from indices: [ 7  0 -4  1  8  4]
[PY] Generated vertex: [10.64295635 -9.43386203 10.36656315] from indices: [ 7  0 -4  1  8  5]
[PY] Final vertices set: [[11.09016994 -8.05748011  8.47213595]
 [11.09016994 -8.05748011  9.47213595]
 [11.36656315 -8.90813092  8.91934955]
 [11.36656315 -8.90813092  9.91934955]
 [10.36656315 -8.58321122  8.91934955]
 [10.36656315 -8.58321122  9.91934955]
 [10.64295635 -9.43386203  9.36656315]
 [10.64295635 -9.43386203 10.36656315]]
[PY] Found 1 cells for combo (3, 4, 5)
[PY] Total cells found: 20
number of cells: 20
Cells found.
Filtering...
Triangulation analysis and adjustment for first cell (UUID: c95cbfdb-73bf-45bc-abab-b288e373dc44):
DONE :)
