Rust icosahedral basis:
v0: [0.894427, 0.000000, 0.447214]
v1: [0.276393, 0.850651, 0.447214]
v2: [-0.723607, 0.525731, 0.447214]
v3: [-0.723607, -0.525731, 0.447214]
v4: [0.276393, -0.850651, 0.447214]
v5: [0.000000, 0.000000, 1.000000]
Offsets: [0.27, 0.37, 0.47, 0.57, 0.67, 0.77]
Basis offsets: [0.27, 0.37, 0.47, 0.57, 0.67, 0.77]

[RS] Calculating intersections for js: [0, 1, 2]
[RS] First normal: [0.8944271909999159, 0.0, 0.4472135954999579]
[RS] Other normals: [[0.27639320225002106, 0.8506508083520399, 0.4472135954999579], [-0.7236067977499788, 0.5257311121191337, 0.4472135954999579]]

[RS] get_intersections_with details:
[RS] k_range: 2
[RS] self.normal: [0.8944271909999159, 0.0, 0.4472135954999579]
[RS] self.offset: 0.27
[RS] others normals: [[0.27639320225002106, 0.8506508083520399, 0.4472135954999579], [-0.7236067977499788, 0.5257311121191337, 0.4472135954999579]]
[RS] others offsets: [0.37, 0.47]
[RS] First two intersections: [[4.787383539249432, -5.808769247083543, -0.02675681457476209], [3.9783665448744845, -6.396554499376016, 1.5912771741751328]]
[RS] First two k_combos: [[4, -4, -7], [4, -4, -6]]

[RS] Cell 1: Initial gridspace indices: [4, -4, -6, 1, 7, 1]
[RS] Cell 1: After setting js indices: [4, -4, -6, 1, 7, 1]
[RS] Cell 1: After restoring non-js indices: [4, -4, -6, 1, 7, 1]
[RS] Cell 1: Directions: [[0, 0, 0], [0, 0, 1], [0, 1, 0], [0, 1, 1], [1, 0, 0], [1, 0, 1], [1, 1, 0], [1, 1, 1]]
[RS] Cell 1: Deltas: [[1, 0, 0, 0, 0, 0], [0, 1, 0, 0, 0, 0], [0, 0, 1, 0, 0, 0]]
[RS] Cell 1: Final neighbours: [[4, -4, -6, 1, 7, 1], [4, -4, -5, 1, 7, 1], [4, -3, -6, 1, 7, 1], [4, -3, -5, 1, 7, 1], [5, -4, -6, 1, 7, 1], [5, -4, -5, 1, 7, 1], [5, -3, -6, 1, 7, 1], [5, -3, -5, 1, 7, 1]]

[RS] Processing cell 1
[RS] js: [0, 1, 2]
[RS] Intersection: [3.9783665448744845, -6.396554499376016, 1.5912771741751328]
[RS] k_combo: [4, -4, -6]
[RS] Indices set: [[4, -4, -6, 1, 7, 1], [4, -4, -5, 1, 7, 1], [4, -3, -6, 1, 7, 1], [4, -3, -5, 1, 7, 1], [5, -4, -6, 1, 7, 1], [5, -4, -5, 1, 7, 1], [5, -3, -6, 1, 7, 1], [5, -3, -5, 1, 7, 1]]
[RS] Vertices set: [[8.02492235949962, -13.037276676706375, 1.8944271909999157], [7.3013155617496395, -12.51154556458724, 2.3416407864998736], [8.30131556174964, -12.186625868354335, 2.3416407864998736], [7.577708763999661, -11.660894756235201, 2.7888543819998315], [8.919349550499536, -13.037276676706375, 2.3416407864998736], [8.195742752749556, -12.51154556458724, 2.7888543819998315], [9.195742752749556, -12.186625868354335, 2.7888543819998315], [8.472135954999576, -11.660894756235201, 3.23606797749979]]

[RS] Cell 2 neighbour calculation:
[RS] Input intersection: [3.169349550499537, -6.9843397516684895, 3.2093111629250277]
[RS] Input js: [0, 1, 2]
[RS] Input ks: [4, -4, -5]
[RS] Initial gridspace indices: [4, -4, -5, 3, 8, 3]
[RS] After setting js indices: [4, -4, -5, 3, 8, 3]
[RS] Directions: [[0, 0, 0], [0, 0, 1], [0, 1, 0], [0, 1, 1], [1, 0, 0], [1, 0, 1], [1, 1, 0], [1, 1, 1]]
[RS] Deltas: [[1, 0, 0, 0, 0, 0], [0, 1, 0, 0, 0, 0], [0, 0, 1, 0, 0, 0]]
[RS] Final neighbours: [[4, -4, -5, 3, 8, 3], [4, -4, -4, 3, 8, 3], [4, -3, -5, 3, 8, 3], [4, -3, -4, 3, 8, 3], [5, -4, -5, 3, 8, 3], [5, -4, -4, 3, 8, 3], [5, -3, -5, 3, 8, 3], [5, -3, -4, 3, 8, 3]]

[RS] Processing cell 2
[RS] js: [0, 1, 2]
[RS] Intersection: [3.169349550499537, -6.9843397516684895, 3.2093111629250277]
[RS] k_combo: [4, -4, -5]
[RS] Indices set: [[4, -4, -5, 3, 8, 3], [4, -4, -4, 3, 8, 3], [4, -3, -5, 3, 8, 3], [4, -3, -4, 3, 8, 3], [5, -4, -5, 3, 8, 3], [5, -4, -4, 3, 8, 3], [5, -3, -5, 3, 8, 3], [5, -3, -4, 3, 8, 3]]
[RS] Vertices set: [[6.130495168499703, -14.413658597177548, 5.683281572999747], [5.406888370749725, -13.887927485058416, 6.1304951684997055], [6.406888370749725, -13.563007788825509, 6.1304951684997055], [5.683281572999746, -13.037276676706373, 6.577708763999663], [7.0249223594996195, -14.413658597177548, 6.1304951684997055], [6.301315561749641, -13.887927485058416, 6.577708763999664], [7.30131556174964, -13.563007788825509, 6.577708763999663], [6.577708763999661, -13.037276676706373, 7.024922359499621]]

[RS] Calculating intersections for js: [0, 1, 3]
[RS] First normal: [0.8944271909999159, 0.0, 0.4472135954999579]
[RS] Other normals: [[0.27639320225002106, 0.8506508083520399, 0.4472135954999579], [-0.7236067977499789, -0.5257311121191335, 0.4472135954999579]]

[RS] get_intersections_with details:
[RS] k_range: 2
[RS] self.normal: [0.8944271909999159, 0.0, 0.4472135954999579]
[RS] self.offset: 0.27
[RS] others normals: [[0.27639320225002106, 0.8506508083520399, 0.4472135954999579], [-0.7236067977499789, -0.5257311121191335, 0.4472135954999579]]
[RS] others offsets: [0.37, 0.57]
[RS] First two intersections: [[5.291234255562085, -5.442700273916436, -1.034458247200067], [4.791234255562085, -5.805971537919116, -0.03445824720006685]]
[RS] First two k_combos: [[4, -4, -2], [4, -4, -1]]

[RS] Cell 1: Initial gridspace indices: [4, -4, -7, 0, 6, 0]
[RS] Cell 1: After setting js indices: [4, -4, -7, -1, 6, 0]
[RS] Cell 1: After restoring non-js indices: [4, -4, -7, -1, 6, 0]
[RS] Cell 1: Directions: [[0, 0, 0], [0, 0, 1], [0, 1, 0], [0, 1, 1], [1, 0, 0], [1, 0, 1], [1, 1, 0], [1, 1, 1]]
[RS] Cell 1: Deltas: [[1, 0, 0, 0, 0, 0], [0, 1, 0, 0, 0, 0], [0, 0, 0, 1, 0, 0]]
[RS] Cell 1: Final neighbours: [[4, -4, -7, -1, 6, 0], [4, -4, -7, 0, 6, 0], [4, -3, -7, -1, 6, 0], [4, -3, -7, 0, 6, 0], [5, -4, -7, -1, 6, 0], [5, -4, -7, 0, 6, 0], [5, -3, -7, -1, 6, 0], [5, -3, -7, 0, 6, 0]]

[RS] Processing cell 1
[RS] js: [0, 1, 3]
[RS] Intersection: [4.791234255562085, -5.805971537919116, -0.03445824720006685]
[RS] k_combo: [4, -4, -1]
[RS] Indices set: [[4, -4, -7, -1, 6, 0], [4, -4, -7, 0, 6, 0], [4, -3, -7, -1, 6, 0], [4, -3, -7, 0, 6, 0], [5, -4, -7, -1, 6, 0], [5, -4, -7, 0, 6, 0], [5, -3, -7, -1, 6, 0], [5, -3, -7, 0, 6, 0]]
[RS] Vertices set: [[9.919349550499534, -11.660894756235201, -0.8944271909999157], [9.195742752749556, -12.186625868354335, -0.44721359549995787], [10.195742752749556, -10.810243947883162, -0.44721359549995787], [9.472135954999576, -11.335975060002296, 0.0], [10.81377674149945, -11.660894756235201, -0.44721359549995743], [10.090169943749471, -12.186625868354335, 4.440892098500626e-16], [11.090169943749471, -10.810243947883162, 0.0], [10.366563145999493, -11.335975060002296, 0.44721359549995787]]

[RS] Cell 2 neighbour calculation:
[RS] Input intersection: [4.291234255562085, -6.169242801921796, 0.9655417527999332]
[RS] Input js: [0, 1, 3]
[RS] Input ks: [4, -4, 0]
[RS] Initial gridspace indices: [4, -3, -6, 1, 7, 1]
[RS] After setting js indices: [4, -4, -6, 0, 7, 1]
[RS] Directions: [[0, 0, 0], [0, 0, 1], [0, 1, 0], [0, 1, 1], [1, 0, 0], [1, 0, 1], [1, 1, 0], [1, 1, 1]]
[RS] Deltas: [[1, 0, 0, 0, 0, 0], [0, 1, 0, 0, 0, 0], [0, 0, 0, 1, 0, 0]]
[RS] Final neighbours: [[4, -4, -6, 0, 7, 1], [4, -4, -6, 1, 7, 1], [4, -3, -6, 0, 7, 1], [4, -3, -6, 1, 7, 1], [5, -4, -6, 0, 7, 1], [5, -4, -6, 1, 7, 1], [5, -3, -6, 0, 7, 1], [5, -3, -6, 1, 7, 1]]

[RS] Processing cell 2
[RS] js: [0, 1, 3]
[RS] Intersection: [4.291234255562085, -6.169242801921796, 0.9655417527999332]
[RS] k_combo: [4, -4, 0]
[RS] Indices set: [[4, -4, -6, 0, 7, 1], [4, -4, -6, 1, 7, 1], [4, -3, -6, 0, 7, 1], [4, -3, -6, 1, 7, 1], [5, -4, -6, 0, 7, 1], [5, -4, -6, 1, 7, 1], [5, -3, -6, 0, 7, 1], [5, -3, -6, 1, 7, 1]]
[RS] Vertices set: [[8.7485291572496, -12.51154556458724, 1.4472135954999579], [8.02492235949962, -13.037276676706375, 1.8944271909999157], [9.02492235949962, -11.660894756235201, 1.8944271909999157], [8.30131556174964, -12.186625868354335, 2.3416407864998736], [9.642956348249514, -12.51154556458724, 1.8944271909999157], [8.919349550499536, -13.037276676706375, 2.3416407864998736], [9.919349550499536, -11.660894756235201, 2.341640786499874], [9.195742752749556, -12.186625868354335, 2.7888543819998315]]

[RS] Calculating intersections for js: [0, 1, 4]
[RS] First normal: [0.8944271909999159, 0.0, 0.4472135954999579]
[RS] Other normals: [[0.27639320225002106, 0.8506508083520399, 0.4472135954999579], [0.27639320225002084, -0.85065080835204, 0.4472135954999579]]

[RS] get_intersections_with details:
[RS] k_range: 2
[RS] self.normal: [0.8944271909999159, 0.0, 0.4472135954999579]
[RS] self.offset: 0.27
[RS] others normals: [[0.27639320225002106, 0.8506508083520399, 0.4472135954999579], [0.27639320225002084, -0.85065080835204, 0.4472135954999579]]
[RS] others offsets: [0.37, 0.67]
[RS] First two intersections: [[5.258610463437158, -5.466402846320001, -0.9692106629502142], [4.4495934690622105, -6.0541880986124745, 0.6488233257996807]]
[RS] First two k_combos: [[4, -4, 5], [4, -4, 6]]

[RS] Cell 1: Initial gridspace indices: [4, -4, -6, 0, 6, 0]
[RS] Cell 1: After setting js indices: [4, -4, -6, 0, 6, 0]
[RS] Cell 1: After restoring non-js indices: [4, -4, -6, 0, 6, 0]
[RS] Cell 1: Directions: [[0, 0, 0], [0, 0, 1], [0, 1, 0], [0, 1, 1], [1, 0, 0], [1, 0, 1], [1, 1, 0], [1, 1, 1]]
[RS] Cell 1: Deltas: [[1, 0, 0, 0, 0, 0], [0, 1, 0, 0, 0, 0], [0, 0, 0, 0, 1, 0]]
[RS] Cell 1: Final neighbours: [[4, -4, -6, 0, 6, 0], [4, -4, -6, 0, 7, 0], [4, -3, -6, 0, 6, 0], [4, -3, -6, 0, 7, 0], [5, -4, -6, 0, 6, 0], [5, -4, -6, 0, 7, 0], [5, -3, -6, 0, 6, 0], [5, -3, -6, 0, 7, 0]]

[RS] Processing cell 1
[RS] js: [0, 1, 4]
[RS] Intersection: [4.4495934690622105, -6.0541880986124745, 0.6488233257996807]
[RS] k_combo: [4, -4, 6]
[RS] Indices set: [[4, -4, -6, 0, 6, 0], [4, -4, -6, 0, 7, 0], [4, -3, -6, 0, 6, 0], [4, -3, -6, 0, 7, 0], [5, -4, -6, 0, 6, 0], [5, -4, -6, 0, 7, 0], [5, -3, -6, 0, 6, 0], [5, -3, -6, 0, 7, 0]]
[RS] Vertices set: [[8.472135954999578, -11.660894756235201, 0.0], [8.7485291572496, -12.51154556458724, 0.44721359549995787], [8.7485291572496, -10.810243947883162, 0.44721359549995787], [9.02492235949962, -11.660894756235201, 0.8944271909999157], [9.366563145999493, -11.660894756235201, 0.44721359549995787], [9.642956348249514, -12.51154556458724, 0.8944271909999157], [9.642956348249514, -10.810243947883162, 0.894427190999916], [9.919349550499536, -11.660894756235201, 1.3416407864998738]]

[RS] Cell 2 neighbour calculation:
[RS] Input intersection: [3.640576474687263, -6.641973350904948, 2.2668573145495756]
[RS] Input js: [0, 1, 4]
[RS] Input ks: [4, -4, 7]
[RS] Initial gridspace indices: [4, -4, -5, 2, 8, 2]
[RS] After setting js indices: [4, -4, -5, 2, 7, 2]
[RS] Directions: [[0, 0, 0], [0, 0, 1], [0, 1, 0], [0, 1, 1], [1, 0, 0], [1, 0, 1], [1, 1, 0], [1, 1, 1]]
[RS] Deltas: [[1, 0, 0, 0, 0, 0], [0, 1, 0, 0, 0, 0], [0, 0, 0, 0, 1, 0]]
[RS] Final neighbours: [[4, -4, -5, 2, 7, 2], [4, -4, -5, 2, 8, 2], [4, -3, -5, 2, 7, 2], [4, -3, -5, 2, 8, 2], [5, -4, -5, 2, 7, 2], [5, -4, -5, 2, 8, 2], [5, -3, -5, 2, 7, 2], [5, -3, -5, 2, 8, 2]]

[RS] Processing cell 2
[RS] js: [0, 1, 4]
[RS] Intersection: [3.640576474687263, -6.641973350904948, 2.2668573145495756]
[RS] k_combo: [4, -4, 7]
[RS] Indices set: [[4, -4, -5, 2, 7, 2], [4, -4, -5, 2, 8, 2], [4, -3, -5, 2, 7, 2], [4, -3, -5, 2, 8, 2], [5, -4, -5, 2, 7, 2], [5, -4, -5, 2, 8, 2], [5, -3, -5, 2, 7, 2], [5, -3, -5, 2, 8, 2]]
[RS] Vertices set: [[6.57770876399966, -13.037276676706375, 3.7888543819998315], [6.854101966249681, -13.887927485058416, 4.23606797749979], [6.854101966249682, -12.186625868354334, 4.23606797749979], [7.130495168499703, -13.037276676706375, 4.683281572999747], [7.472135954999577, -13.037276676706375, 4.23606797749979], [7.748529157249598, -13.887927485058416, 4.683281572999748], [7.748529157249599, -12.186625868354334, 4.683281572999748], [8.02492235949962, -13.037276676706375, 5.1304951684997055]]

[RS] Calculating intersections for js: [0, 1, 5]
[RS] First normal: [0.8944271909999159, 0.0, 0.4472135954999579]
[RS] Other normals: [[0.27639320225002106, 0.8506508083520399, 0.4472135954999579], [0.0, 0.0, 1.0]]

[RS] get_intersections_with details:
[RS] k_range: 2
[RS] self.normal: [0.8944271909999159, 0.0, 0.4472135954999579]
[RS] self.offset: 0.27
[RS] others normals: [[0.27639320225002106, 0.8506508083520399, 0.4472135954999579], [0.0, 0.0, 1.0]]
[RS] others offsets: [0.37, 0.77]
[RS] First two intersections: [[3.389005131962051, -6.824750630222226, 2.77], [2.889005131962051, -7.188021894224907, 3.77]]
[RS] First two k_combos: [[4, -4, 2], [4, -4, 3]]

[RS] Cell 1: Initial gridspace indices: [4, -4, -4, 3, 8, 3]
[RS] Cell 1: After setting js indices: [4, -4, -4, 3, 8, 3]
[RS] Cell 1: After restoring non-js indices: [4, -4, -4, 3, 8, 3]
[RS] Cell 1: Directions: [[0, 0, 0], [0, 0, 1], [0, 1, 0], [0, 1, 1], [1, 0, 0], [1, 0, 1], [1, 1, 0], [1, 1, 1]]
[RS] Cell 1: Deltas: [[1, 0, 0, 0, 0, 0], [0, 1, 0, 0, 0, 0], [0, 0, 0, 0, 0, 1]]
[RS] Cell 1: Final neighbours: [[4, -4, -4, 3, 8, 3], [4, -4, -4, 3, 8, 4], [4, -3, -4, 3, 8, 3], [4, -3, -4, 3, 8, 4], [5, -4, -4, 3, 8, 3], [5, -4, -4, 3, 8, 4], [5, -3, -4, 3, 8, 3], [5, -3, -4, 3, 8, 4]]

[RS] Processing cell 1
[RS] js: [0, 1, 5]
[RS] Intersection: [2.889005131962051, -7.188021894224907, 3.77]
[RS] k_combo: [4, -4, 3]
[RS] Indices set: [[4, -4, -4, 3, 8, 3], [4, -4, -4, 3, 8, 4], [4, -3, -4, 3, 8, 3], [4, -3, -4, 3, 8, 4], [5, -4, -4, 3, 8, 3], [5, -4, -4, 3, 8, 4], [5, -3, -4, 3, 8, 3], [5, -3, -4, 3, 8, 4]]
[RS] Vertices set: [[5.406888370749725, -13.887927485058416, 6.1304951684997055], [5.406888370749725, -13.887927485058416, 7.1304951684997055], [5.683281572999746, -13.037276676706373, 6.577708763999663], [5.683281572999746, -13.037276676706373, 7.577708763999663], [6.301315561749641, -13.887927485058416, 6.577708763999664], [6.301315561749641, -13.887927485058416, 7.577708763999664], [6.577708763999661, -13.037276676706373, 7.024922359499621], [6.577708763999661, -13.037276676706373, 8.024922359499621]]

[RS] Cell 2 neighbour calculation:
[RS] Input intersection: [2.389005131962051, -7.551293158227587, 4.77]
[RS] Input js: [0, 1, 5]
[RS] Input ks: [4, -4, 4]
[RS] Initial gridspace indices: [4, -4, -4, 4, 9, 4]
[RS] After setting js indices: [4, -4, -4, 4, 9, 4]
[RS] Directions: [[0, 0, 0], [0, 0, 1], [0, 1, 0], [0, 1, 1], [1, 0, 0], [1, 0, 1], [1, 1, 0], [1, 1, 1]]
[RS] Deltas: [[1, 0, 0, 0, 0, 0], [0, 1, 0, 0, 0, 0], [0, 0, 0, 0, 0, 1]]
[RS] Final neighbours: [[4, -4, -4, 4, 9, 4], [4, -4, -4, 4, 9, 5], [4, -3, -4, 4, 9, 4], [4, -3, -4, 4, 9, 5], [5, -4, -4, 4, 9, 4], [5, -4, -4, 4, 9, 5], [5, -3, -4, 4, 9, 4], [5, -3, -4, 4, 9, 5]]

[RS] Processing cell 2
[RS] js: [0, 1, 5]
[RS] Intersection: [2.389005131962051, -7.551293158227587, 4.77]
[RS] k_combo: [4, -4, 4]
[RS] Indices set: [[4, -4, -4, 4, 9, 4], [4, -4, -4, 4, 9, 5], [4, -3, -4, 4, 9, 4], [4, -3, -4, 4, 9, 5], [5, -4, -4, 4, 9, 4], [5, -4, -4, 4, 9, 5], [5, -3, -4, 4, 9, 4], [5, -3, -4, 4, 9, 5]]
[RS] Vertices set: [[4.959674775249766, -15.264309405529588, 8.024922359499621], [4.959674775249766, -15.264309405529588, 9.024922359499621], [5.236067977499788, -14.413658597177548, 8.47213595499958], [5.236067977499788, -14.413658597177548, 9.47213595499958], [5.854101966249683, -15.264309405529588, 8.47213595499958], [5.854101966249683, -15.264309405529588, 9.47213595499958], [6.130495168499703, -14.413658597177548, 8.919349550499536], [6.130495168499703, -14.413658597177548, 9.919349550499536]]

[RS] Calculating intersections for js: [0, 2, 3]
[RS] First normal: [0.8944271909999159, 0.0, 0.4472135954999579]
[RS] Other normals: [[-0.7236067977499788, 0.5257311121191337, 0.4472135954999579], [-0.7236067977499789, -0.5257311121191335, 0.4472135954999579]]

[RS] get_intersections_with details:
[RS] k_range: 2
[RS] self.normal: [0.8944271909999159, 0.0, 0.4472135954999579]
[RS] self.offset: 0.27
[RS] others normals: [[-0.7236067977499788, 0.5257311121191337, 0.4472135954999579], [-0.7236067977499789, -0.5257311121191335, 0.4472135954999579]]
[RS] others offsets: [0.47, 0.57]
[RS] First two intersections: [[5.0987804071866325, -4.850388233105284, -0.6495505504491637], [4.789763412811685, -5.801444749400438, -0.03151656169926864]]
[RS] First two k_combos: [[4, -7, -2], [4, -7, -1]]

[RS] Cell 1: Initial gridspace indices: [4, -3, -7, -1, 6, 0]
[RS] Cell 1: After setting js indices: [4, -3, -7, -1, 6, 0]
[RS] Cell 1: After restoring non-js indices: [4, -3, -7, -1, 6, 0]
[RS] Cell 1: Directions: [[0, 0, 0], [0, 0, 1], [0, 1, 0], [0, 1, 1], [1, 0, 0], [1, 0, 1], [1, 1, 0], [1, 1, 1]]
[RS] Cell 1: Deltas: [[1, 0, 0, 0, 0, 0], [0, 0, 1, 0, 0, 0], [0, 0, 0, 1, 0, 0]]
[RS] Cell 1: Final neighbours: [[4, -3, -7, -1, 6, 0], [4, -3, -7, 0, 6, 0], [4, -3, -6, -1, 6, 0], [4, -3, -6, 0, 6, 0], [5, -3, -7, -1, 6, 0], [5, -3, -7, 0, 6, 0], [5, -3, -6, -1, 6, 0], [5, -3, -6, 0, 6, 0]]

[RS] Processing cell 1
[RS] js: [0, 2, 3]
[RS] Intersection: [4.789763412811685, -5.801444749400438, -0.03151656169926864]
[RS] k_combo: [4, -7, -1]
[RS] Indices set: [[4, -3, -7, -1, 6, 0], [4, -3, -7, 0, 6, 0], [4, -3, -6, -1, 6, 0], [4, -3, -6, 0, 6, 0], [5, -3, -7, -1, 6, 0], [5, -3, -7, 0, 6, 0], [5, -3, -6, -1, 6, 0], [5, -3, -6, 0, 6, 0]]
[RS] Vertices set: [[10.195742752749556, -10.810243947883162, -0.44721359549995787], [9.472135954999576, -11.335975060002296, 0.0], [9.472135954999578, -10.284512835764028, 0.0], [8.7485291572496, -10.810243947883162, 0.44721359549995787], [11.090169943749471, -10.810243947883162, 0.0], [10.366563145999493, -11.335975060002296, 0.44721359549995787], [10.366563145999493, -10.284512835764028, 0.44721359549995787], [9.642956348249514, -10.810243947883162, 0.894427190999916]]

[RS] Cell 2 neighbour calculation:
[RS] Input intersection: [4.480746418436738, -6.752501265695591, 0.5865174270506264]
[RS] Input js: [0, 2, 3]
[RS] Input ks: [4, -7, 0]
[RS] Initial gridspace indices: [4, -4, -7, 1, 7, 0]
[RS] After setting js indices: [4, -4, -7, 0, 7, 0]
[RS] Directions: [[0, 0, 0], [0, 0, 1], [0, 1, 0], [0, 1, 1], [1, 0, 0], [1, 0, 1], [1, 1, 0], [1, 1, 1]]
[RS] Deltas: [[1, 0, 0, 0, 0, 0], [0, 0, 1, 0, 0, 0], [0, 0, 0, 1, 0, 0]]
[RS] Final neighbours: [[4, -4, -7, 0, 7, 0], [4, -4, -7, 1, 7, 0], [4, -4, -6, 0, 7, 0], [4, -4, -6, 1, 7, 0], [5, -4, -7, 0, 7, 0], [5, -4, -7, 1, 7, 0], [5, -4, -6, 0, 7, 0], [5, -4, -6, 1, 7, 0]]

[RS] Processing cell 2
[RS] js: [0, 2, 3]
[RS] Intersection: [4.480746418436738, -6.752501265695591, 0.5865174270506264]
[RS] k_combo: [4, -7, 0]
[RS] Indices set: [[4, -4, -7, 0, 7, 0], [4, -4, -7, 1, 7, 0], [4, -4, -6, 0, 7, 0], [4, -4, -6, 1, 7, 0], [5, -4, -7, 0, 7, 0], [5, -4, -7, 1, 7, 0], [5, -4, -6, 0, 7, 0], [5, -4, -6, 1, 7, 0]]
[RS] Vertices set: [[9.472135954999576, -13.037276676706375, 0.0], [8.748529157249598, -13.563007788825509, 0.44721359549995787], [8.7485291572496, -12.51154556458724, 0.44721359549995787], [8.02492235949962, -13.037276676706375, 0.8944271909999157], [10.366563145999493, -13.037276676706375, 0.4472135954999583], [9.642956348249513, -13.563007788825509, 0.8944271909999162], [9.642956348249514, -12.51154556458724, 0.8944271909999157], [8.919349550499536, -13.037276676706375, 1.3416407864998736]]

[RS] Calculating intersections for js: [0, 2, 4]
[RS] First normal: [0.8944271909999159, 0.0, 0.4472135954999579]
[RS] Other normals: [[-0.7236067977499788, 0.5257311121191337, 0.4472135954999579], [0.27639320225002084, -0.85065080835204, 0.4472135954999579]]

[RS] get_intersections_with details:
[RS] k_range: 2
[RS] self.normal: [0.8944271909999159, 0.0, 0.4472135954999579]
[RS] self.offset: 0.27
[RS] others normals: [[-0.7236067977499788, 0.5257311121191337, 0.4472135954999579], [0.27639320225002084, -0.85065080835204, 0.4472135954999579]]
[RS] others offsets: [0.47, 0.67]
[RS] First two intersections: [[4.967376207875073, -5.254808774042164, -0.386742151826045], [4.658359213500127, -6.205865290337318, 0.23129183692384991]]
[RS] First two k_combos: [[4, -7, 5], [4, -7, 6]]

[RS] Cell 1: Initial gridspace indices: [5, -4, -7, 0, 7, 0]
[RS] Cell 1: After setting js indices: [4, -4, -7, 0, 6, 0]
[RS] Cell 1: After restoring non-js indices: [4, -4, -7, 0, 6, 0]
[RS] Cell 1: Directions: [[0, 0, 0], [0, 0, 1], [0, 1, 0], [0, 1, 1], [1, 0, 0], [1, 0, 1], [1, 1, 0], [1, 1, 1]]
[RS] Cell 1: Deltas: [[1, 0, 0, 0, 0, 0], [0, 0, 1, 0, 0, 0], [0, 0, 0, 0, 1, 0]]
[RS] Cell 1: Final neighbours: [[4, -4, -7, 0, 6, 0], [4, -4, -7, 0, 7, 0], [4, -4, -6, 0, 6, 0], [4, -4, -6, 0, 7, 0], [5, -4, -7, 0, 6, 0], [5, -4, -7, 0, 7, 0], [5, -4, -6, 0, 6, 0], [5, -4, -6, 0, 7, 0]]

[RS] Processing cell 1
[RS] js: [0, 2, 4]
[RS] Intersection: [4.658359213500127, -6.205865290337318, 0.23129183692384991]
[RS] k_combo: [4, -7, 6]
[RS] Indices set: [[4, -4, -7, 0, 6, 0], [4, -4, -7, 0, 7, 0], [4, -4, -6, 0, 6, 0], [4, -4, -6, 0, 7, 0], [5, -4, -7, 0, 6, 0], [5, -4, -7, 0, 7, 0], [5, -4, -6, 0, 6, 0], [5, -4, -6, 0, 7, 0]]
[RS] Vertices set: [[9.195742752749556, -12.186625868354335, -0.44721359549995787], [9.472135954999576, -13.037276676706375, 0.0], [8.472135954999578, -11.660894756235201, 0.0], [8.7485291572496, -12.51154556458724, 0.44721359549995787], [10.090169943749471, -12.186625868354335, 4.440892098500626e-16], [10.366563145999493, -13.037276676706375, 0.4472135954999583], [9.366563145999493, -11.660894756235201, 0.44721359549995787], [9.642956348249514, -12.51154556458724, 0.8944271909999157]]

[RS] Cell 2 neighbour calculation:
[RS] Input intersection: [4.3493422191251785, -7.156921806632472, 0.8493258256737448]
[RS] Input js: [0, 2, 4]
[RS] Input ks: [4, -7, 7]
[RS] Initial gridspace indices: [4, -4, -6, 1, 8, 1]
[RS] After setting js indices: [4, -4, -7, 1, 7, 1]
[RS] Directions: [[0, 0, 0], [0, 0, 1], [0, 1, 0], [0, 1, 1], [1, 0, 0], [1, 0, 1], [1, 1, 0], [1, 1, 1]]
[RS] Deltas: [[1, 0, 0, 0, 0, 0], [0, 0, 1, 0, 0, 0], [0, 0, 0, 0, 1, 0]]
[RS] Final neighbours: [[4, -4, -7, 1, 7, 1], [4, -4, -7, 1, 8, 1], [4, -4, -6, 1, 7, 1], [4, -4, -6, 1, 8, 1], [5, -4, -7, 1, 7, 1], [5, -4, -7, 1, 8, 1], [5, -4, -6, 1, 7, 1], [5, -4, -6, 1, 8, 1]]

[RS] Processing cell 2
[RS] js: [0, 2, 4]
[RS] Intersection: [4.3493422191251785, -7.156921806632472, 0.8493258256737448]
[RS] k_combo: [4, -7, 7]
[RS] Indices set: [[4, -4, -7, 1, 7, 1], [4, -4, -7, 1, 8, 1], [4, -4, -6, 1, 7, 1], [4, -4, -6, 1, 8, 1], [5, -4, -7, 1, 7, 1], [5, -4, -7, 1, 8, 1], [5, -4, -6, 1, 7, 1], [5, -4, -6, 1, 8, 1]]
[RS] Vertices set: [[8.748529157249598, -13.563007788825509, 1.4472135954999579], [9.02492235949962, -14.413658597177548, 1.8944271909999157], [8.02492235949962, -13.037276676706375, 1.8944271909999157], [8.30131556174964, -13.887927485058416, 2.3416407864998736], [9.642956348249513, -13.563007788825509, 1.8944271909999162], [9.919349550499533, -14.413658597177548, 2.341640786499874], [8.919349550499536, -13.037276676706375, 2.3416407864998736], [9.195742752749556, -13.887927485058416, 2.7888543819998315]]

[RS] Calculating intersections for js: [0, 2, 5]
[RS] First normal: [0.8944271909999159, 0.0, 0.4472135954999579]
[RS] Other normals: [[-0.7236067977499788, 0.5257311121191337, 0.4472135954999579], [0.0, 0.0, 1.0]]

[RS] get_intersections_with details:
[RS] k_range: 2
[RS] self.normal: [0.8944271909999159, 0.0, 0.4472135954999579]
[RS] self.offset: 0.27
[RS] others normals: [[-0.7236067977499788, 0.5257311121191337, 0.4472135954999579], [0.0, 0.0, 1.0]]
[RS] others offsets: [0.47, 0.77]
[RS] First two intersections: [[3.389005131962051, -10.112535449933265, 2.77], [2.889005131962051, -11.651377218520892, 3.77]]
[RS] First two k_combos: [[4, -7, 2], [4, -7, 3]]

[RS] Cell 1: Initial gridspace indices: [4, -7, -6, 6, 12, 3]
[RS] Cell 1: After setting js indices: [4, -7, -7, 6, 12, 3]
[RS] Cell 1: After restoring non-js indices: [4, -7, -7, 6, 12, 3]
[RS] Cell 1: Directions: [[0, 0, 0], [0, 0, 1], [0, 1, 0], [0, 1, 1], [1, 0, 0], [1, 0, 1], [1, 1, 0], [1, 1, 1]]
[RS] Cell 1: Deltas: [[1, 0, 0, 0, 0, 0], [0, 0, 1, 0, 0, 0], [0, 0, 0, 0, 0, 1]]
[RS] Cell 1: Final neighbours: [[4, -7, -7, 6, 12, 3], [4, -7, -7, 6, 12, 4], [4, -7, -6, 6, 12, 3], [4, -7, -6, 6, 12, 4], [5, -7, -7, 6, 12, 3], [5, -7, -7, 6, 12, 4], [5, -7, -6, 6, 12, 3], [5, -7, -6, 6, 12, 4]]

[RS] Processing cell 1
[RS] js: [0, 2, 5]
[RS] Intersection: [2.889005131962051, -11.651377218520892, 3.77]
[RS] k_combo: [4, -7, 3]
[RS] Indices set: [[4, -7, -7, 6, 12, 3], [4, -7, -7, 6, 12, 4], [4, -7, -6, 6, 12, 3], [4, -7, -6, 6, 12, 4], [5, -7, -7, 6, 12, 3], [5, -7, -7, 6, 12, 4], [5, -7, -6, 6, 12, 3], [5, -7, -6, 6, 12, 4]]
[RS] Vertices set: [[5.683281572999745, -22.996869816237496, 6.577708763999663], [5.683281572999745, -22.996869816237496, 7.577708763999663], [4.959674775249766, -22.471138704118363, 7.024922359499621], [4.959674775249766, -22.471138704118363, 8.024922359499621], [6.57770876399966, -22.996869816237496, 7.024922359499621], [6.57770876399966, -22.996869816237496, 8.024922359499621], [5.854101966249682, -22.471138704118363, 7.47213595499958], [5.854101966249682, -22.471138704118363, 8.47213595499958]]

[RS] Cell 2 neighbour calculation:
[RS] Input intersection: [2.389005131962051, -13.19021898710852, 4.77]
[RS] Input js: [0, 2, 5]
[RS] Input ks: [4, -7, 4]
[RS] Initial gridspace indices: [4, -8, -7, 7, 14, 4]
[RS] After setting js indices: [4, -8, -7, 7, 14, 4]
[RS] Directions: [[0, 0, 0], [0, 0, 1], [0, 1, 0], [0, 1, 1], [1, 0, 0], [1, 0, 1], [1, 1, 0], [1, 1, 1]]
[RS] Deltas: [[1, 0, 0, 0, 0, 0], [0, 0, 1, 0, 0, 0], [0, 0, 0, 0, 0, 1]]
[RS] Final neighbours: [[4, -8, -7, 7, 14, 4], [4, -8, -7, 7, 14, 5], [4, -8, -6, 7, 14, 4], [4, -8, -6, 7, 14, 5], [5, -8, -7, 7, 14, 4], [5, -8, -7, 7, 14, 5], [5, -8, -6, 7, 14, 4], [5, -8, -6, 7, 14, 5]]

[RS] Processing cell 2
[RS] js: [0, 2, 5]
[RS] Intersection: [2.389005131962051, -13.19021898710852, 4.77]
[RS] k_combo: [4, -7, 4]
[RS] Indices set: [[4, -8, -7, 7, 14, 4], [4, -8, -7, 7, 14, 5], [4, -8, -6, 7, 14, 4], [4, -8, -6, 7, 14, 5], [5, -8, -7, 7, 14, 4], [5, -8, -7, 7, 14, 5], [5, -8, -6, 7, 14, 4], [5, -8, -6, 7, 14, 5]]
[RS] Vertices set: [[5.236067977499785, -26.074553353412746, 8.47213595499958], [5.236067977499785, -26.074553353412746, 9.47213595499958], [4.512461179749807, -25.548822241293614, 8.919349550499536], [4.512461179749807, -25.548822241293614, 9.919349550499536], [6.130495168499702, -26.074553353412746, 8.919349550499536], [6.130495168499702, -26.074553353412746, 9.919349550499536], [5.406888370749724, -25.548822241293614, 9.366563145999496], [5.406888370749724, -25.548822241293614, 10.366563145999496]]

[RS] Calculating intersections for js: [0, 3, 4]
[RS] First normal: [0.8944271909999159, 0.0, 0.4472135954999579]
[RS] Other normals: [[-0.7236067977499789, -0.5257311121191335, 0.4472135954999579], [0.27639320225002084, -0.85065080835204, 0.4472135954999579]]

[RS] get_intersections_with details:
[RS] k_range: 2
[RS] self.normal: [0.8944271909999159, 0.0, 0.4472135954999579]
[RS] self.offset: 0.27
[RS] others normals: [[-0.7236067977499789, -0.5257311121191335, 0.4472135954999579], [0.27639320225002084, -0.85065080835204, 0.4472135954999579]]
[RS] others offsets: [0.57, 0.67]
[RS] First two intersections: [[5.3113968679372, -5.504754414089774, -1.0747834719503002], [5.8113968679372, -7.043596182677401, -2.0747834719502993]]
[RS] First two k_combos: [[4, -2, 5], [4, -2, 6]]

[RS] Cell 1: Initial gridspace indices: [4, -5, -9, -2, 6, -2]
[RS] Cell 1: After setting js indices: [4, -5, -9, -2, 6, -2]
[RS] Cell 1: After restoring non-js indices: [4, -5, -9, -2, 6, -2]
[RS] Cell 1: Directions: [[0, 0, 0], [0, 0, 1], [0, 1, 0], [0, 1, 1], [1, 0, 0], [1, 0, 1], [1, 1, 0], [1, 1, 1]]
[RS] Cell 1: Deltas: [[1, 0, 0, 0, 0, 0], [0, 0, 0, 1, 0, 0], [0, 0, 0, 0, 1, 0]]
[RS] Cell 1: Final neighbours: [[4, -5, -9, -2, 6, -2], [4, -5, -9, -2, 7, -2], [4, -5, -9, -1, 6, -2], [4, -5, -9, -1, 7, -2], [5, -5, -9, -2, 6, -2], [5, -5, -9, -2, 7, -2], [5, -5, -9, -1, 6, -2], [5, -5, -9, -1, 7, -2]]

[RS] Processing cell 1
[RS] js: [0, 3, 4]
[RS] Intersection: [5.8113968679372, -7.043596182677401, -2.0747834719502993]
[RS] k_combo: [4, -2, 6]
[RS] Indices set: [[4, -5, -9, -2, 6, -2], [4, -5, -9, -2, 7, -2], [4, -5, -9, -1, 6, -2], [4, -5, -9, -1, 7, -2], [5, -5, -9, -2, 6, -2], [5, -5, -9, -2, 7, -2], [5, -5, -9, -1, 6, -2], [5, -5, -9, -1, 7, -2]]
[RS] Vertices set: [[11.813776741499451, -13.037276676706377, -4.683281572999748], [12.090169943749473, -13.887927485058416, -4.23606797749979], [11.090169943749471, -13.563007788825509, -4.23606797749979], [11.366563145999493, -14.413658597177548, -3.7888543819998324], [12.708203932499368, -13.037276676706377, -4.23606797749979], [12.98459713474939, -13.887927485058416, -3.7888543819998315], [11.984597134749388, -13.563007788825509, -3.788854381999832], [12.26099033699941, -14.413658597177548, -3.341640786499874]]

[RS] Cell 2 neighbour calculation:
[RS] Input intersection: [6.3113968679372, -8.582437951265028, -3.0747834719502993]
[RS] Input js: [0, 3, 4]
[RS] Input ks: [4, -2, 7]
[RS] Initial gridspace indices: [4, -7, -10, -1, 7, -3]
[RS] After setting js indices: [4, -7, -10, -2, 7, -3]
[RS] Directions: [[0, 0, 0], [0, 0, 1], [0, 1, 0], [0, 1, 1], [1, 0, 0], [1, 0, 1], [1, 1, 0], [1, 1, 1]]
[RS] Deltas: [[1, 0, 0, 0, 0, 0], [0, 0, 0, 1, 0, 0], [0, 0, 0, 0, 1, 0]]
[RS] Final neighbours: [[4, -7, -10, -2, 7, -3], [4, -7, -10, -2, 8, -3], [4, -7, -10, -1, 7, -3], [4, -7, -10, -1, 8, -3], [5, -7, -10, -2, 7, -3], [5, -7, -10, -2, 8, -3], [5, -7, -10, -1, 7, -3], [5, -7, -10, -1, 8, -3]]

[RS] Processing cell 2
[RS] js: [0, 3, 4]
[RS] Intersection: [6.3113968679372, -8.582437951265028, -3.0747834719502993]
[RS] k_combo: [4, -2, 7]
[RS] Indices set: [[4, -7, -10, -2, 7, -3], [4, -7, -10, -2, 8, -3], [4, -7, -10, -1, 7, -3], [4, -7, -10, -1, 8, -3], [5, -7, -10, -2, 7, -3], [5, -7, -10, -2, 8, -3], [5, -7, -10, -1, 7, -3], [5, -7, -10, -1, 8, -3]]
[RS] Vertices set: [[12.26099033699941, -16.11496021388163, -6.577708763999664], [12.53738353924943, -16.96561102223367, -6.130495168499706], [11.53738353924943, -16.640691326000763, -6.130495168499706], [11.81377674149945, -17.491342134352802, -5.683281572999748], [13.155417527999322, -16.11496021388163, -6.1304951684997055], [13.431810730249344, -16.96561102223367, -5.683281572999748], [12.431810730249342, -16.640691326000763, -5.683281572999748], [12.708203932499364, -17.491342134352802, -5.23606797749979]]

[RS] Calculating intersections for js: [0, 3, 5]
[RS] First normal: [0.8944271909999159, 0.0, 0.4472135954999579]
[RS] Other normals: [[-0.7236067977499789, -0.5257311121191335, 0.4472135954999579], [0.0, 0.0, 1.0]]

[RS] get_intersections_with details:
[RS] k_range: 2
[RS] self.normal: [0.8944271909999159, 0.0, 0.4472135954999579]
[RS] self.offset: 0.27
[RS] others normals: [[-0.7236067977499789, -0.5257311121191335, 0.4472135954999579], [0.0, 0.0, 1.0]]
[RS] others offsets: [0.57, 0.77]
[RS] First two intersections: [[3.389005131962051, 0.4117589837227005, 2.77], [2.889005131962051, 1.9506007523103275, 3.77]]
[RS] First two k_combos: [[4, -2, 2], [4, -2, 3]]

[RS] Cell 1: Initial gridspace indices: [4, 4, 1, -2, 1, 3]
[RS] Cell 1: After setting js indices: [4, 4, 1, -2, 1, 3]
[RS] Cell 1: After restoring non-js indices: [4, 4, 1, -2, 1, 3]
[RS] Cell 1: Directions: [[0, 0, 0], [0, 0, 1], [0, 1, 0], [0, 1, 1], [1, 0, 0], [1, 0, 1], [1, 1, 0], [1, 1, 1]]
[RS] Cell 1: Deltas: [[1, 0, 0, 0, 0, 0], [0, 0, 0, 1, 0, 0], [0, 0, 0, 0, 0, 1]]
[RS] Cell 1: Final neighbours: [[4, 4, 1, -2, 1, 3], [4, 4, 1, -2, 1, 4], [4, 4, 1, -1, 1, 3], [4, 4, 1, -1, 1, 4], [5, 4, 1, -2, 1, 3], [5, 4, 1, -2, 1, 4], [5, 4, 1, -1, 1, 3], [5, 4, 1, -1, 1, 4]]

[RS] Processing cell 1
[RS] js: [0, 3, 5]
[RS] Intersection: [2.889005131962051, 1.9506007523103275, 3.77]
[RS] k_combo: [4, -2, 3]
[RS] Indices set: [[4, 4, 1, -2, 1, 3], [4, 4, 1, -2, 1, 4], [4, 4, 1, -1, 1, 3], [4, 4, 1, -1, 1, 4], [5, 4, 1, -2, 1, 3], [5, 4, 1, -2, 1, 4], [5, 4, 1, -1, 1, 3], [5, 4, 1, -1, 1, 4]]
[RS] Vertices set: [[5.683281572999748, 4.12914576141352, 6.577708763999663], [5.683281572999748, 4.12914576141352, 7.577708763999663], [4.959674775249769, 3.6034146492943875, 7.024922359499621], [4.959674775249769, 3.6034146492943875, 8.024922359499621], [6.577708763999664, 4.12914576141352, 7.024922359499622], [6.577708763999664, 4.12914576141352, 8.024922359499623], [5.854101966249685, 3.6034146492943875, 7.47213595499958], [5.854101966249685, 3.6034146492943875, 8.47213595499958]]

[RS] Cell 2 neighbour calculation:
[RS] Input intersection: [2.389005131962051, 3.4894425208979536, 4.77]
[RS] Input js: [0, 3, 5]
[RS] Input ks: [4, -2, 4]
[RS] Initial gridspace indices: [4, 6, 2, -2, 0, 4]
[RS] After setting js indices: [4, 6, 2, -2, 0, 4]
[RS] Directions: [[0, 0, 0], [0, 0, 1], [0, 1, 0], [0, 1, 1], [1, 0, 0], [1, 0, 1], [1, 1, 0], [1, 1, 1]]
[RS] Deltas: [[1, 0, 0, 0, 0, 0], [0, 0, 0, 1, 0, 0], [0, 0, 0, 0, 0, 1]]
[RS] Final neighbours: [[4, 6, 2, -2, 0, 4], [4, 6, 2, -2, 0, 5], [4, 6, 2, -1, 0, 4], [4, 6, 2, -1, 0, 5], [5, 6, 2, -2, 0, 4], [5, 6, 2, -2, 0, 5], [5, 6, 2, -1, 0, 4], [5, 6, 2, -1, 0, 5]]

[RS] Processing cell 2
[RS] js: [0, 3, 5]
[RS] Intersection: [2.389005131962051, 3.4894425208979536, 4.77]
[RS] k_combo: [4, -2, 4]
[RS] Indices set: [[4, 6, 2, -2, 0, 4], [4, 6, 2, -2, 0, 5], [4, 6, 2, -1, 0, 4], [4, 6, 2, -1, 0, 5], [5, 6, 2, -2, 0, 4], [5, 6, 2, -2, 0, 5], [5, 6, 2, -1, 0, 4], [5, 6, 2, -1, 0, 5]]
[RS] Vertices set: [[5.23606797749979, 7.206829298588773, 8.47213595499958], [5.23606797749979, 7.206829298588773, 9.47213595499958], [4.5124611797498115, 6.68109818646964, 8.919349550499536], [4.5124611797498115, 6.68109818646964, 9.919349550499536], [6.130495168499706, 7.206829298588773, 8.919349550499538], [6.130495168499706, 7.206829298588773, 9.919349550499538], [5.406888370749728, 6.68109818646964, 9.366563145999496], [5.406888370749728, 6.68109818646964, 10.366563145999496]]

[RS] Calculating intersections for js: [0, 4, 5]
[RS] First normal: [0.8944271909999159, 0.0, 0.4472135954999579]
[RS] Other normals: [[0.27639320225002084, -0.85065080835204, 0.4472135954999579], [0.0, 0.0, 1.0]]

[RS] get_intersections_with details:
[RS] k_range: 2
[RS] self.normal: [0.8944271909999159, 0.0, 0.4472135954999579]
[RS] self.offset: 0.27
[RS] others normals: [[0.27639320225002084, -0.85065080835204, 0.4472135954999579], [0.0, 0.0, 1.0]]
[RS] others offsets: [0.67, 0.77]
[RS] First two intersections: [[3.389005131962051, -4.108055062417776, 2.77], [2.889005131962051, -3.744783798415096, 3.77]]
[RS] First two k_combos: [[4, 5, 2], [4, 5, 3]]

[RS] Cell 1: Initial gridspace indices: [4, -1, -2, 1, 6, 3]
[RS] Cell 1: After setting js indices: [4, -1, -2, 1, 5, 3]
[RS] Cell 1: After restoring non-js indices: [4, -1, -2, 1, 5, 3]
[RS] Cell 1: Directions: [[0, 0, 0], [0, 0, 1], [0, 1, 0], [0, 1, 1], [1, 0, 0], [1, 0, 1], [1, 1, 0], [1, 1, 1]]
[RS] Cell 1: Deltas: [[1, 0, 0, 0, 0, 0], [0, 0, 0, 0, 1, 0], [0, 0, 0, 0, 0, 1]]
[RS] Cell 1: Final neighbours: [[4, -1, -2, 1, 5, 3], [4, -1, -2, 1, 5, 4], [4, -1, -2, 1, 6, 3], [4, -1, -2, 1, 6, 4], [5, -1, -2, 1, 5, 3], [5, -1, -2, 1, 5, 4], [5, -1, -2, 1, 6, 3], [5, -1, -2, 1, 6, 4]]

[RS] Processing cell 1
[RS] js: [0, 4, 5]
[RS] Intersection: [2.889005131962051, -3.744783798415096, 3.77]
[RS] k_combo: [4, 5, 3]
[RS] Indices set: [[4, -1, -2, 1, 5, 3], [4, -1, -2, 1, 5, 4], [4, -1, -2, 1, 6, 3], [4, -1, -2, 1, 6, 4], [5, -1, -2, 1, 5, 3], [5, -1, -2, 1, 5, 4], [5, -1, -2, 1, 6, 3], [5, -1, -2, 1, 6, 4]]
[RS] Vertices set: [[5.406888370749725, -6.68109818646964, 6.1304951684997055], [5.406888370749725, -6.68109818646964, 7.1304951684997055], [5.6832815729997455, -7.531748994821681, 6.577708763999664], [5.6832815729997455, -7.531748994821681, 7.577708763999664], [6.301315561749641, -6.68109818646964, 6.577708763999664], [6.301315561749641, -6.68109818646964, 7.577708763999664], [6.577708763999662, -7.531748994821681, 7.024922359499621], [6.577708763999662, -7.531748994821681, 8.024922359499621]]

[RS] Cell 2 neighbour calculation:
[RS] Input intersection: [2.389005131962051, -3.381512534412415, 4.77]
[RS] Input js: [0, 4, 5]
[RS] Input ks: [4, 5, 4]
[RS] Initial gridspace indices: [4, 0, -1, 2, 5, 4]
[RS] After setting js indices: [4, 0, -1, 2, 5, 4]
[RS] Directions: [[0, 0, 0], [0, 0, 1], [0, 1, 0], [0, 1, 1], [1, 0, 0], [1, 0, 1], [1, 1, 0], [1, 1, 1]]
[RS] Deltas: [[1, 0, 0, 0, 0, 0], [0, 0, 0, 0, 1, 0], [0, 0, 0, 0, 0, 1]]
[RS] Final neighbours: [[4, 0, -1, 2, 5, 4], [4, 0, -1, 2, 5, 5], [4, 0, -1, 2, 6, 4], [4, 0, -1, 2, 6, 5], [5, 0, -1, 2, 5, 4], [5, 0, -1, 2, 5, 5], [5, 0, -1, 2, 6, 4], [5, 0, -1, 2, 6, 5]]

[RS] Processing cell 2
[RS] js: [0, 4, 5]
[RS] Intersection: [2.389005131962051, -3.381512534412415, 4.77]
[RS] k_combo: [4, 5, 4]
[RS] Indices set: [[4, 0, -1, 2, 5, 4], [4, 0, -1, 2, 5, 5], [4, 0, -1, 2, 6, 4], [4, 0, -1, 2, 6, 5], [5, 0, -1, 2, 5, 4], [5, 0, -1, 2, 5, 5], [5, 0, -1, 2, 6, 4], [5, 0, -1, 2, 6, 5]]
[RS] Vertices set: [[4.236067977499788, -5.830447378117601, 8.47213595499958], [4.236067977499788, -5.830447378117601, 9.47213595499958], [4.51246117974981, -6.681098186469641, 8.919349550499538], [4.51246117974981, -6.681098186469641, 9.919349550499538], [5.130495168499705, -5.830447378117601, 8.919349550499538], [5.130495168499705, -5.830447378117601, 9.919349550499538], [5.406888370749726, -6.681098186469641, 9.366563145999496], [5.406888370749726, -6.681098186469641, 10.366563145999496]]

[RS] Calculating intersections for js: [1, 2, 3]
[RS] First normal: [0.27639320225002106, 0.8506508083520399, 0.4472135954999579]
[RS] Other normals: [[-0.7236067977499788, 0.5257311121191337, 0.4472135954999579], [-0.7236067977499789, -0.5257311121191335, 0.4472135954999579]]

[RS] get_intersections_with details:
[RS] k_range: 2
[RS] self.normal: [0.27639320225002106, 0.8506508083520399, 0.4472135954999579]
[RS] self.offset: 0.37
[RS] others normals: [[-0.7236067977499788, 0.5257311121191337, 0.4472135954999579], [-0.7236067977499789, -0.5257311121191335, 0.4472135954999579]]
[RS] others offsets: [0.47, 0.57]
[RS] First two intersections: [[4.475986671312234, -4.850388233105285, -1.6572519830744668], [4.785003665687181, -5.801444749400439, -0.039217994324571515]]
[RS] First two k_combos: [[-4, -7, -2], [-4, -7, -1]]

[RS] Cell 1: Initial gridspace indices: [4, -4, -7, -1, 6, 0]
[RS] Cell 1: After setting js indices: [4, -4, -7, -1, 6, 0]
[RS] Cell 1: After restoring non-js indices: [4, -4, -7, -1, 6, 0]
[RS] Cell 1: Directions: [[0, 0, 0], [0, 0, 1], [0, 1, 0], [0, 1, 1], [1, 0, 0], [1, 0, 1], [1, 1, 0], [1, 1, 1]]
[RS] Cell 1: Deltas: [[0, 1, 0, 0, 0, 0], [0, 0, 1, 0, 0, 0], [0, 0, 0, 1, 0, 0]]
[RS] Cell 1: Final neighbours: [[4, -4, -7, -1, 6, 0], [4, -4, -7, 0, 6, 0], [4, -4, -6, -1, 6, 0], [4, -4, -6, 0, 6, 0], [4, -3, -7, -1, 6, 0], [4, -3, -7, 0, 6, 0], [4, -3, -6, -1, 6, 0], [4, -3, -6, 0, 6, 0]]

[RS] Processing cell 1
[RS] js: [1, 2, 3]
[RS] Intersection: [4.785003665687181, -5.801444749400439, -0.039217994324571515]
[RS] k_combo: [-4, -7, -1]
[RS] Indices set: [[4, -4, -7, -1, 6, 0], [4, -4, -7, 0, 6, 0], [4, -4, -6, -1, 6, 0], [4, -4, -6, 0, 6, 0], [4, -3, -7, -1, 6, 0], [4, -3, -7, 0, 6, 0], [4, -3, -6, -1, 6, 0], [4, -3, -6, 0, 6, 0]]
[RS] Vertices set: [[9.919349550499534, -11.660894756235201, -0.8944271909999157], [9.195742752749556, -12.186625868354335, -0.44721359549995787], [9.195742752749556, -11.135163644116068, -0.44721359549995787], [8.472135954999578, -11.660894756235201, 0.0], [10.195742752749556, -10.810243947883162, -0.44721359549995787], [9.472135954999576, -11.335975060002296, 0.0], [9.472135954999578, -10.284512835764028, 0.0], [8.7485291572496, -10.810243947883162, 0.44721359549995787]]

[RS] Cell 2 neighbour calculation:
[RS] Input intersection: [5.094020660062128, -6.752501265695592, 1.5788159944253235]
[RS] Input js: [1, 2, 3]
[RS] Input ks: [-4, -7, 0]
[RS] Initial gridspace indices: [5, -4, -7, 1, 8, 1]
[RS] After setting js indices: [5, -4, -7, 0, 8, 1]
[RS] Directions: [[0, 0, 0], [0, 0, 1], [0, 1, 0], [0, 1, 1], [1, 0, 0], [1, 0, 1], [1, 1, 0], [1, 1, 1]]
[RS] Deltas: [[0, 1, 0, 0, 0, 0], [0, 0, 1, 0, 0, 0], [0, 0, 0, 1, 0, 0]]
[RS] Final neighbours: [[5, -4, -7, 0, 8, 1], [5, -4, -7, 1, 8, 1], [5, -4, -6, 0, 8, 1], [5, -4, -6, 1, 8, 1], [5, -3, -7, 0, 8, 1], [5, -3, -7, 1, 8, 1], [5, -3, -6, 0, 8, 1], [5, -3, -6, 1, 8, 1]]

[RS] Processing cell 2
[RS] js: [1, 2, 3]
[RS] Intersection: [5.094020660062128, -6.752501265695592, 1.5788159944253235]
[RS] k_combo: [-4, -7, 0]
[RS] Indices set: [[5, -4, -7, 0, 8, 1], [5, -4, -7, 1, 8, 1], [5, -4, -6, 0, 8, 1], [5, -4, -6, 1, 8, 1], [5, -3, -7, 0, 8, 1], [5, -3, -7, 1, 8, 1], [5, -3, -6, 0, 8, 1], [5, -3, -6, 1, 8, 1]]
[RS] Vertices set: [[10.642956348249513, -13.887927485058416, 1.8944271909999162], [9.919349550499533, -14.413658597177548, 2.341640786499874], [9.919349550499536, -13.36219637293928, 2.3416407864998736], [9.195742752749556, -13.887927485058416, 2.7888543819998315], [10.919349550499534, -13.037276676706377, 2.3416407864998736], [10.195742752749556, -13.563007788825509, 2.7888543819998315], [10.195742752749556, -12.51154556458724, 2.7888543819998315], [9.472135954999576, -13.037276676706377, 3.23606797749979]]

[RS] Calculating intersections for js: [1, 2, 4]
[RS] First normal: [0.27639320225002106, 0.8506508083520399, 0.4472135954999579]
[RS] Other normals: [[-0.7236067977499788, 0.5257311121191337, 0.4472135954999579], [0.27639320225002084, -0.85065080835204, 0.4472135954999579]]

[RS] get_intersections_with details:
[RS] k_range: 2
[RS] self.normal: [0.27639320225002106, 0.8506508083520399, 0.4472135954999579]
[RS] self.offset: 0.37
[RS] others normals: [[-0.7236067977499788, 0.5257311121191337, 0.4472135954999579], [0.27639320225002084, -0.85065080835204, 0.4472135954999579]]
[RS] others offsets: [0.47, 0.67]
[RS] First two intersections: [[4.676141952312988, -5.466402846320001, -0.6092253256989313], [4.8671249579380405, -6.054188098612474, 0.3907746743010687]]
[RS] First two k_combos: [[-4, -7, 5], [-4, -7, 6]]

[RS] Cell 1: Initial gridspace indices: [5, -4, -6, 0, 6, 0]
[RS] Cell 1: After setting js indices: [5, -4, -7, 0, 6, 0]
[RS] Cell 1: After restoring non-js indices: [5, -4, -7, 0, 6, 0]
[RS] Cell 1: Directions: [[0, 0, 0], [0, 0, 1], [0, 1, 0], [0, 1, 1], [1, 0, 0], [1, 0, 1], [1, 1, 0], [1, 1, 1]]
[RS] Cell 1: Deltas: [[0, 1, 0, 0, 0, 0], [0, 0, 1, 0, 0, 0], [0, 0, 0, 0, 1, 0]]
[RS] Cell 1: Final neighbours: [[5, -4, -7, 0, 6, 0], [5, -4, -7, 0, 7, 0], [5, -4, -6, 0, 6, 0], [5, -4, -6, 0, 7, 0], [5, -3, -7, 0, 6, 0], [5, -3, -7, 0, 7, 0], [5, -3, -6, 0, 6, 0], [5, -3, -6, 0, 7, 0]]

[RS] Processing cell 1
[RS] js: [1, 2, 4]
[RS] Intersection: [4.8671249579380405, -6.054188098612474, 0.3907746743010687]
[RS] k_combo: [-4, -7, 6]
[RS] Indices set: [[5, -4, -7, 0, 6, 0], [5, -4, -7, 0, 7, 0], [5, -4, -6, 0, 6, 0], [5, -4, -6, 0, 7, 0], [5, -3, -7, 0, 6, 0], [5, -3, -7, 0, 7, 0], [5, -3, -6, 0, 6, 0], [5, -3, -6, 0, 7, 0]]
[RS] Vertices set: [[10.090169943749471, -12.186625868354335, 4.440892098500626e-16], [10.366563145999493, -13.037276676706375, 0.4472135954999583], [9.366563145999493, -11.660894756235201, 0.44721359549995787], [9.642956348249514, -12.51154556458724, 0.8944271909999157], [10.366563145999493, -11.335975060002296, 0.44721359549995787], [10.642956348249513, -12.186625868354335, 0.8944271909999157], [9.642956348249514, -10.810243947883162, 0.894427190999916], [9.919349550499536, -11.660894756235201, 1.3416407864998738]]

[RS] Cell 2 neighbour calculation:
[RS] Input intersection: [5.058107963563093, -6.641973350904947, 1.3907746743010687]
[RS] Input js: [1, 2, 4]
[RS] Input ks: [-4, -7, 7]
[RS] Initial gridspace indices: [5, -4, -6, 0, 7, 1]
[RS] After setting js indices: [5, -4, -7, 0, 7, 1]
[RS] Directions: [[0, 0, 0], [0, 0, 1], [0, 1, 0], [0, 1, 1], [1, 0, 0], [1, 0, 1], [1, 1, 0], [1, 1, 1]]
[RS] Deltas: [[0, 1, 0, 0, 0, 0], [0, 0, 1, 0, 0, 0], [0, 0, 0, 0, 1, 0]]
[RS] Final neighbours: [[5, -4, -7, 0, 7, 1], [5, -4, -7, 0, 8, 1], [5, -4, -6, 0, 7, 1], [5, -4, -6, 0, 8, 1], [5, -3, -7, 0, 7, 1], [5, -3, -7, 0, 8, 1], [5, -3, -6, 0, 7, 1], [5, -3, -6, 0, 8, 1]]

[RS] Processing cell 2
[RS] js: [1, 2, 4]
[RS] Intersection: [5.058107963563093, -6.641973350904947, 1.3907746743010687]
[RS] k_combo: [-4, -7, 7]
[RS] Indices set: [[5, -4, -7, 0, 7, 1], [5, -4, -7, 0, 8, 1], [5, -4, -6, 0, 7, 1], [5, -4, -6, 0, 8, 1], [5, -3, -7, 0, 7, 1], [5, -3, -7, 0, 8, 1], [5, -3, -6, 0, 7, 1], [5, -3, -6, 0, 8, 1]]
[RS] Vertices set: [[10.366563145999493, -13.037276676706375, 1.4472135954999583], [10.642956348249513, -13.887927485058416, 1.8944271909999162], [9.642956348249514, -12.51154556458724, 1.8944271909999157], [9.919349550499536, -13.36219637293928, 2.3416407864998736], [10.642956348249513, -12.186625868354335, 1.8944271909999157], [10.919349550499534, -13.037276676706377, 2.3416407864998736], [9.919349550499536, -11.660894756235201, 2.341640786499874], [10.195742752749556, -12.51154556458724, 2.7888543819998315]]

[RS] Calculating intersections for js: [1, 2, 5]
[RS] First normal: [0.27639320225002106, 0.8506508083520399, 0.4472135954999579]
[RS] Other normals: [[-0.7236067977499788, 0.5257311121191337, 0.4472135954999579], [0.0, 0.0, 1.0]]

[RS] get_intersections_with details:
[RS] k_range: 2
[RS] self.normal: [0.27639320225002106, 0.8506508083520399, 0.4472135954999579]
[RS] self.offset: 0.37
[RS] others normals: [[-0.7236067977499788, 0.5257311121191337, 0.4472135954999579], [0.0, 0.0, 1.0]]
[RS] others offsets: [0.47, 0.77]
[RS] First two intersections: [[5.3215165616992675, -7.452661656939062, 2.77], [5.512499567324321, -8.040446909231536, 3.77]]
[RS] First two k_combos: [[-4, -7, 2], [-4, -7, 3]]

[RS] Cell 1: Initial gridspace indices: [7, -4, -6, 2, 10, 3]
[RS] Cell 1: After setting js indices: [7, -4, -7, 2, 10, 3]
[RS] Cell 1: After restoring non-js indices: [7, -4, -7, 2, 10, 3]
[RS] Cell 1: Directions: [[0, 0, 0], [0, 0, 1], [0, 1, 0], [0, 1, 1], [1, 0, 0], [1, 0, 1], [1, 1, 0], [1, 1, 1]]
[RS] Cell 1: Deltas: [[0, 1, 0, 0, 0, 0], [0, 0, 1, 0, 0, 0], [0, 0, 0, 0, 0, 1]]
[RS] Cell 1: Final neighbours: [[7, -4, -7, 2, 10, 3], [7, -4, -7, 2, 10, 4], [7, -4, -6, 2, 10, 3], [7, -4, -6, 2, 10, 4], [7, -3, -7, 2, 10, 3], [7, -3, -7, 2, 10, 4], [7, -3, -6, 2, 10, 3], [7, -3, -6, 2, 10, 4]]

[RS] Processing cell 1
[RS] js: [1, 2, 5]
[RS] Intersection: [5.512499567324321, -8.040446909231536, 3.77]
[RS] k_combo: [-4, -7, 3]
[RS] Indices set: [[7, -4, -7, 2, 10, 3], [7, -4, -7, 2, 10, 4], [7, -4, -6, 2, 10, 3], [7, -4, -6, 2, 10, 4], [7, -3, -7, 2, 10, 3], [7, -3, -7, 2, 10, 4], [7, -3, -6, 2, 10, 3], [7, -3, -6, 2, 10, 4]]
[RS] Vertices set: [[11.53738353924943, -16.640691326000763, 6.577708763999664], [11.53738353924943, -16.640691326000763, 7.577708763999664], [10.81377674149945, -16.114960213881627, 7.024922359499621], [10.81377674149945, -16.114960213881627, 8.024922359499621], [11.81377674149945, -15.790040517648723, 7.024922359499621], [11.81377674149945, -15.790040517648723, 8.024922359499621], [11.090169943749471, -15.264309405529588, 7.47213595499958], [11.090169943749471, -15.264309405529588, 8.47213595499958]]

[RS] Cell 2 neighbour calculation:
[RS] Input intersection: [5.7034825729493726, -8.628232161524007, 4.77]
[RS] Input js: [1, 2, 5]
[RS] Input ks: [-4, -7, 4]
[RS] Initial gridspace indices: [7, -3, -6, 2, 11, 4]
[RS] After setting js indices: [7, -4, -7, 2, 11, 4]
[RS] Directions: [[0, 0, 0], [0, 0, 1], [0, 1, 0], [0, 1, 1], [1, 0, 0], [1, 0, 1], [1, 1, 0], [1, 1, 1]]
[RS] Deltas: [[0, 1, 0, 0, 0, 0], [0, 0, 1, 0, 0, 0], [0, 0, 0, 0, 0, 1]]
[RS] Final neighbours: [[7, -4, -7, 2, 11, 4], [7, -4, -7, 2, 11, 5], [7, -4, -6, 2, 11, 4], [7, -4, -6, 2, 11, 5], [7, -3, -7, 2, 11, 4], [7, -3, -7, 2, 11, 5], [7, -3, -6, 2, 11, 4], [7, -3, -6, 2, 11, 5]]

[RS] Processing cell 2
[RS] js: [1, 2, 5]
[RS] Intersection: [5.7034825729493726, -8.628232161524007, 4.77]
[RS] k_combo: [-4, -7, 4]
[RS] Indices set: [[7, -4, -7, 2, 11, 4], [7, -4, -7, 2, 11, 5], [7, -4, -6, 2, 11, 4], [7, -4, -6, 2, 11, 5], [7, -3, -7, 2, 11, 4], [7, -3, -7, 2, 11, 5], [7, -3, -6, 2, 11, 4], [7, -3, -6, 2, 11, 5]]
[RS] Vertices set: [[11.81377674149945, -17.4913421343528, 8.024922359499621], [11.81377674149945, -17.4913421343528, 9.024922359499621], [11.09016994374947, -16.965611022233666, 8.47213595499958], [11.09016994374947, -16.965611022233666, 9.47213595499958], [12.09016994374947, -16.640691326000763, 8.47213595499958], [12.09016994374947, -16.640691326000763, 9.47213595499958], [11.366563145999493, -16.114960213881627, 8.919349550499536], [11.366563145999493, -16.114960213881627, 9.919349550499536]]

[RS] Calculating intersections for js: [1, 3, 4]
[RS] First normal: [0.27639320225002106, 0.8506508083520399, 0.4472135954999579]
[RS] Other normals: [[-0.7236067977499789, -0.5257311121191335, 0.4472135954999579], [0.27639320225002084, -0.85065080835204, 0.4472135954999579]]

[RS] get_intersections_with details:
[RS] k_range: 2
[RS] self.normal: [0.27639320225002106, 0.8506508083520399, 0.4472135954999579]
[RS] self.offset: 0.37
[RS] others normals: [[-0.7236067977499789, -0.5257311121191335, 0.4472135954999579], [0.27639320225002084, -0.85065080835204, 0.4472135954999579]]
[RS] others offsets: [0.57, 0.67]
[RS] First two intersections: [[5.32385804768701, -5.466402846320001, -1.0095358877004452], [6.132875042061958, -6.0541880986124745, -0.3915018989505503]]
[RS] First two k_combos: [[-4, -2, 5], [-4, -2, 6]]

[RS] Cell 1: Initial gridspace indices: [6, -4, -8, -1, 6, -1]
[RS] Cell 1: After setting js indices: [6, -4, -8, -2, 6, -1]
[RS] Cell 1: After restoring non-js indices: [6, -4, -8, -2, 6, -1]
[RS] Cell 1: Directions: [[0, 0, 0], [0, 0, 1], [0, 1, 0], [0, 1, 1], [1, 0, 0], [1, 0, 1], [1, 1, 0], [1, 1, 1]]
[RS] Cell 1: Deltas: [[0, 1, 0, 0, 0, 0], [0, 0, 0, 1, 0, 0], [0, 0, 0, 0, 1, 0]]
[RS] Cell 1: Final neighbours: [[6, -4, -8, -2, 6, -1], [6, -4, -8, -2, 7, -1], [6, -4, -8, -1, 6, -1], [6, -4, -8, -1, 7, -1], [6, -3, -8, -2, 6, -1], [6, -3, -8, -2, 7, -1], [6, -3, -8, -1, 6, -1], [6, -3, -8, -1, 7, -1]]

[RS] Processing cell 1
[RS] js: [1, 3, 4]
[RS] Intersection: [6.132875042061958, -6.0541880986124745, -0.3915018989505503]
[RS] k_combo: [-4, -2, 6]
[RS] Indices set: [[6, -4, -8, -2, 6, -1], [6, -4, -8, -2, 7, -1], [6, -4, -8, -1, 6, -1], [6, -4, -8, -1, 7, -1], [6, -3, -8, -2, 6, -1], [6, -3, -8, -2, 7, -1], [6, -3, -8, -1, 6, -1], [6, -3, -8, -1, 7, -1]]
[RS] Vertices set: [[13.155417527999326, -11.660894756235201, -1.8944271909999153], [13.431810730249346, -12.51154556458724, -1.4472135954999574], [12.431810730249346, -12.186625868354335, -1.4472135954999574], [12.708203932499366, -13.037276676706375, -0.9999999999999996], [13.431810730249346, -10.810243947883162, -1.4472135954999579], [13.708203932499366, -11.660894756235201, -1.0], [12.708203932499366, -11.335975060002296, -1.0], [12.984597134749386, -12.186625868354335, -0.5527864045000421]]

[RS] Cell 2 neighbour calculation:
[RS] Input intersection: [6.941892036436905, -6.641973350904948, 0.22653208979934458]
[RS] Input js: [1, 3, 4]
[RS] Input ks: [-4, -2, 7]
[RS] Initial gridspace indices: [7, -4, -8, -1, 7, 0]
[RS] After setting js indices: [7, -4, -8, -2, 7, 0]
[RS] Directions: [[0, 0, 0], [0, 0, 1], [0, 1, 0], [0, 1, 1], [1, 0, 0], [1, 0, 1], [1, 1, 0], [1, 1, 1]]
[RS] Deltas: [[0, 1, 0, 0, 0, 0], [0, 0, 0, 1, 0, 0], [0, 0, 0, 0, 1, 0]]
[RS] Final neighbours: [[7, -4, -8, -2, 7, 0], [7, -4, -8, -2, 8, 0], [7, -4, -8, -1, 7, 0], [7, -4, -8, -1, 8, 0], [7, -3, -8, -2, 7, 0], [7, -3, -8, -2, 8, 0], [7, -3, -8, -1, 7, 0], [7, -3, -8, -1, 8, 0]]

[RS] Processing cell 2
[RS] js: [1, 3, 4]
[RS] Intersection: [6.941892036436905, -6.641973350904948, 0.22653208979934458]
[RS] k_combo: [-4, -2, 7]
[RS] Indices set: [[7, -4, -8, -2, 7, 0], [7, -4, -8, -2, 8, 0], [7, -4, -8, -1, 7, 0], [7, -4, -8, -1, 8, 0], [7, -3, -8, -2, 7, 0], [7, -3, -8, -2, 8, 0], [7, -3, -8, -1, 7, 0], [7, -3, -8, -1, 8, 0]]
[RS] Vertices set: [[14.326237921249263, -12.51154556458724, 0.0], [14.602631123499282, -13.362196372939282, 0.44721359549995787], [13.602631123499282, -13.037276676706375, 0.44721359549995787], [13.879024325749302, -13.887927485058416, 0.8944271909999157], [14.602631123499282, -11.660894756235201, 0.44721359549995787], [14.879024325749304, -12.511545564587243, 0.8944271909999157], [13.879024325749302, -12.186625868354335, 0.8944271909999157], [14.155417527999324, -13.037276676706377, 1.3416407864998736]]

[RS] Calculating intersections for js: [1, 3, 5]
[RS] First normal: [0.27639320225002106, 0.8506508083520399, 0.4472135954999579]
[RS] Other normals: [[-0.7236067977499789, -0.5257311121191335, 0.4472135954999579], [0.0, 0.0, 1.0]]

[RS] get_intersections_with details:
[RS] k_range: 2
[RS] self.normal: [0.27639320225002106, 0.8506508083520399, 0.4472135954999579]
[RS] self.offset: 0.37
[RS] others normals: [[-0.7236067977499789, -0.5257311121191335, 0.4472135954999579], [0.0, 0.0, 1.0]]
[RS] others offsets: [0.57, 0.77]
[RS] First two intersections: [[10.271334755536898, -9.060955080888897, 2.77], [11.580351749911845, -10.01201159718405, 3.77]]
[RS] First two k_combos: [[-4, -2, 2], [-4, -2, 3]]

[RS] Cell 1: Initial gridspace indices: [12, -3, -12, -2, 13, 3]
[RS] Cell 1: After setting js indices: [12, -4, -12, -2, 13, 3]
[RS] Cell 1: After restoring non-js indices: [12, -4, -12, -2, 13, 3]
[RS] Cell 1: Directions: [[0, 0, 0], [0, 0, 1], [0, 1, 0], [0, 1, 1], [1, 0, 0], [1, 0, 1], [1, 1, 0], [1, 1, 1]]
[RS] Cell 1: Deltas: [[0, 1, 0, 0, 0, 0], [0, 0, 0, 1, 0, 0], [0, 0, 0, 0, 0, 1]]
[RS] Cell 1: Final neighbours: [[12, -4, -12, -2, 13, 3], [12, -4, -12, -2, 13, 4], [12, -4, -12, -1, 13, 3], [12, -4, -12, -1, 13, 4], [12, -3, -12, -2, 13, 3], [12, -3, -12, -2, 13, 4], [12, -3, -12, -1, 13, 3], [12, -3, -12, -1, 13, 4]]

[RS] Processing cell 1
[RS] js: [1, 3, 5]
[RS] Intersection: [11.580351749911845, -10.01201159718405, 3.77]
[RS] k_combo: [-4, -2, 3]
[RS] Indices set: [[12, -4, -12, -2, 13, 3], [12, -4, -12, -2, 13, 4], [12, -4, -12, -1, 13, 3], [12, -4, -12, -1, 13, 4], [12, -3, -12, -2, 13, 3], [12, -3, -12, -2, 13, 4], [12, -3, -12, -1, 13, 3], [12, -3, -12, -1, 13, 4]]
[RS] Vertices set: [[23.35116028074888, -19.718374863176017, 6.1304951684997055], [23.35116028074888, -19.718374863176017, 7.1304951684997055], [22.627553482998902, -20.24410597529515, 6.577708763999663], [22.627553482998902, -20.24410597529515, 7.577708763999663], [23.6275534829989, -18.867724054823977, 6.577708763999663], [23.6275534829989, -18.867724054823977, 7.577708763999663], [22.903946685248922, -19.39345516694311, 7.024922359499621], [22.903946685248922, -19.39345516694311, 8.024922359499621]]

[RS] Cell 2 neighbour calculation:
[RS] Input intersection: [12.889368744286791, -10.963068113479205, 4.77]
[RS] Input js: [1, 3, 5]
[RS] Input ks: [-4, -2, 4]
[RS] Initial gridspace indices: [14, -4, -13, -1, 15, 4]
[RS] After setting js indices: [14, -4, -13, -2, 15, 4]
[RS] Directions: [[0, 0, 0], [0, 0, 1], [0, 1, 0], [0, 1, 1], [1, 0, 0], [1, 0, 1], [1, 1, 0], [1, 1, 1]]
[RS] Deltas: [[0, 1, 0, 0, 0, 0], [0, 0, 0, 1, 0, 0], [0, 0, 0, 0, 0, 1]]
[RS] Final neighbours: [[14, -4, -13, -2, 15, 4], [14, -4, -13, -2, 15, 5], [14, -4, -13, -1, 15, 4], [14, -4, -13, -1, 15, 5], [14, -3, -13, -2, 15, 4], [14, -3, -13, -2, 15, 5], [14, -3, -13, -1, 15, 4], [14, -3, -13, -1, 15, 5]]

[RS] Processing cell 2
[RS] js: [1, 3, 5]
[RS] Intersection: [12.889368744286791, -10.963068113479205, 4.77]
[RS] k_combo: [-4, -2, 4]
[RS] Indices set: [[14, -4, -13, -2, 15, 4], [14, -4, -13, -2, 15, 5], [14, -4, -13, -1, 15, 4], [14, -4, -13, -1, 15, 5], [14, -3, -13, -2, 15, 4], [14, -3, -13, -2, 15, 5], [14, -3, -13, -1, 15, 4], [14, -3, -13, -1, 15, 5]]
[RS] Vertices set: [[26.416407864998735, -21.945407591999228, 8.47213595499958], [26.416407864998735, -21.945407591999228, 9.47213595499958], [25.69280106724876, -22.471138704118363, 8.919349550499538], [25.69280106724876, -22.471138704118363, 9.919349550499538], [26.692801067248755, -21.094756783647192, 8.919349550499536], [26.692801067248755, -21.094756783647192, 9.919349550499536], [25.96919426949878, -21.620487895766324, 9.366563145999494], [25.96919426949878, -21.620487895766324, 10.366563145999494]]

[RS] Calculating intersections for js: [1, 4, 5]
[RS] First normal: [0.27639320225002106, 0.8506508083520399, 0.4472135954999579]
[RS] Other normals: [[0.27639320225002084, -0.85065080835204, 0.4472135954999579], [0.0, 0.0, 1.0]]

[RS] get_intersections_with details:
[RS] k_range: 2
[RS] self.normal: [0.27639320225002106, 0.8506508083520399, 0.4472135954999579]
[RS] self.offset: 0.37
[RS] others normals: [[0.27639320225002084, -0.85065080835204, 0.4472135954999579], [0.0, 0.0, 1.0]]
[RS] others offsets: [0.67, 0.77]
[RS] First two intersections: [[-0.7915594803123165, -5.466402846319999, 2.77], [-2.4095934690622114, -5.466402846319999, 3.77]]
[RS] First two k_combos: [[-4, 5, 2], [-4, 5, 3]]

[RS] Cell 1: Initial gridspace indices: [0, -4, 1, 6, 5, 3]
[RS] Cell 1: After setting js indices: [0, -4, 1, 6, 5, 3]
[RS] Cell 1: After restoring non-js indices: [0, -4, 1, 6, 5, 3]
[RS] Cell 1: Directions: [[0, 0, 0], [0, 0, 1], [0, 1, 0], [0, 1, 1], [1, 0, 0], [1, 0, 1], [1, 1, 0], [1, 1, 1]]
[RS] Cell 1: Deltas: [[0, 1, 0, 0, 0, 0], [0, 0, 0, 0, 1, 0], [0, 0, 0, 0, 0, 1]]
[RS] Cell 1: Final neighbours: [[0, -4, 1, 6, 5, 3], [0, -4, 1, 6, 5, 4], [0, -4, 1, 6, 6, 3], [0, -4, 1, 6, 6, 4], [0, -3, 1, 6, 5, 3], [0, -3, 1, 6, 5, 4], [0, -3, 1, 6, 6, 3], [0, -3, 1, 6, 6, 4]]

[RS] Processing cell 1
[RS] js: [1, 4, 5]
[RS] Intersection: [-2.4095934690622114, -5.466402846319999, 3.77]
[RS] k_combo: [-4, 5, 3]
[RS] Indices set: [[0, -4, 1, 6, 5, 3], [0, -4, 1, 6, 5, 4], [0, -4, 1, 6, 6, 3], [0, -4, 1, 6, 6, 4], [0, -3, 1, 6, 5, 3], [0, -3, 1, 6, 5, 4], [0, -3, 1, 6, 6, 3], [0, -3, 1, 6, 6, 4]]
[RS] Vertices set: [[-4.788854381999832, -10.284512835764026, 6.577708763999664], [-4.788854381999832, -10.284512835764026, 7.577708763999664], [-4.5124611797498115, -11.135163644116066, 7.024922359499621], [-4.5124611797498115, -11.135163644116066, 8.024922359499621], [-4.512461179749811, -9.433862027411987, 7.024922359499621], [-4.512461179749811, -9.433862027411987, 8.024922359499621], [-4.23606797749979, -10.284512835764026, 7.47213595499958], [-4.23606797749979, -10.284512835764026, 8.47213595499958]]

[RS] Cell 2 neighbour calculation:
[RS] Input intersection: [-4.027627457812105, -5.466402846319999, 4.77]
[RS] Input js: [1, 4, 5]
[RS] Input ks: [-4, 5, 4]
[RS] Initial gridspace indices: [-1, -3, 2, 8, 5, 4]
[RS] After setting js indices: [-1, -4, 2, 8, 5, 4]
[RS] Directions: [[0, 0, 0], [0, 0, 1], [0, 1, 0], [0, 1, 1], [1, 0, 0], [1, 0, 1], [1, 1, 0], [1, 1, 1]]
[RS] Deltas: [[0, 1, 0, 0, 0, 0], [0, 0, 0, 0, 1, 0], [0, 0, 0, 0, 0, 1]]
[RS] Final neighbours: [[-1, -4, 2, 8, 5, 4], [-1, -4, 2, 8, 5, 5], [-1, -4, 2, 8, 6, 4], [-1, -4, 2, 8, 6, 5], [-1, -3, 2, 8, 5, 4], [-1, -3, 2, 8, 5, 5], [-1, -3, 2, 8, 6, 4], [-1, -3, 2, 8, 6, 5]]

[RS] Processing cell 2
[RS] js: [1, 4, 5]
[RS] Intersection: [-4.027627457812105, -5.466402846319999, 4.77]
[RS] k_combo: [-4, 5, 4]
[RS] Indices set: [[-1, -4, 2, 8, 5, 4], [-1, -4, 2, 8, 5, 5], [-1, -4, 2, 8, 6, 4], [-1, -4, 2, 8, 6, 5], [-1, -3, 2, 8, 5, 4], [-1, -3, 2, 8, 5, 5], [-1, -3, 2, 8, 6, 4], [-1, -3, 2, 8, 6, 5]]
[RS] Vertices set: [[-7.854101966249686, -10.810243947883158, 8.47213595499958], [-7.854101966249686, -10.810243947883158, 9.47213595499958], [-7.577708763999665, -11.6608947562352, 8.919349550499536], [-7.577708763999665, -11.6608947562352, 9.919349550499536], [-7.577708763999664, -9.959593139531119, 8.919349550499538], [-7.577708763999664, -9.959593139531119, 9.919349550499538], [-7.301315561749643, -10.81024394788316, 9.366563145999496], [-7.301315561749643, -10.81024394788316, 10.366563145999496]]

[RS] Calculating intersections for js: [2, 3, 4]
[RS] First normal: [-0.7236067977499788, 0.5257311121191337, 0.4472135954999579]
[RS] Other normals: [[-0.7236067977499789, -0.5257311121191335, 0.4472135954999579], [0.27639320225002084, -0.85065080835204, 0.4472135954999579]]

[RS] get_intersections_with details:
[RS] k_range: 2
[RS] self.normal: [-0.7236067977499788, 0.5257311121191337, 0.4472135954999579]
[RS] self.offset: 0.47
[RS] others normals: [[-0.7236067977499789, -0.5257311121191335, 0.4472135954999579], [0.27639320225002084, -0.85065080835204, 0.4472135954999579]]
[RS] others offsets: [0.57, 0.67]
[RS] First two intersections: [[5.524013328687769, -4.850388233105285, 0.038490769675089354], [6.5240133286877695, -4.850388233105285, 1.6565247584249843]]
[RS] First two k_combos: [[-7, -2, 5], [-7, -2, 6]]

[RS] Cell 1: Initial gridspace indices: [7, -1, -7, -2, 6, 1]
[RS] Cell 1: After setting js indices: [7, -1, -7, -2, 6, 1]
[RS] Cell 1: After restoring non-js indices: [7, -1, -7, -2, 6, 1]
[RS] Cell 1: Directions: [[0, 0, 0], [0, 0, 1], [0, 1, 0], [0, 1, 1], [1, 0, 0], [1, 0, 1], [1, 1, 0], [1, 1, 1]]
[RS] Cell 1: Deltas: [[0, 0, 1, 0, 0, 0], [0, 0, 0, 1, 0, 0], [0, 0, 0, 0, 1, 0]]
[RS] Cell 1: Final neighbours: [[7, -1, -7, -2, 6, 1], [7, -1, -7, -2, 7, 1], [7, -1, -7, -1, 6, 1], [7, -1, -7, -1, 7, 1], [7, -1, -6, -2, 6, 1], [7, -1, -6, -2, 7, 1], [7, -1, -6, -1, 6, 1], [7, -1, -6, -1, 7, 1]]

[RS] Processing cell 1
[RS] js: [2, 3, 4]
[RS] Intersection: [6.5240133286877695, -4.850388233105285, 1.6565247584249843]
[RS] k_combo: [-7, -2, 6]
[RS] Indices set: [[7, -1, -7, -2, 6, 1], [7, -1, -7, -2, 7, 1], [7, -1, -7, -1, 6, 1], [7, -1, -7, -1, 7, 1], [7, -1, -6, -2, 6, 1], [7, -1, -6, -2, 7, 1], [7, -1, -6, -1, 6, 1], [7, -1, -6, -1, 7, 1]]
[RS] Vertices set: [[14.155417527999326, -8.583211219059947, 2.341640786499874], [14.431810730249346, -9.433862027411987, 2.788854381999832], [13.431810730249346, -9.108942331179081, 2.788854381999832], [13.708203932499366, -9.95959313953112, 3.23606797749979], [13.431810730249346, -8.057480106940815, 2.788854381999832], [13.708203932499366, -8.908130915292855, 3.23606797749979], [12.708203932499366, -8.58321121905995, 3.23606797749979], [12.984597134749386, -9.433862027411989, 3.6832815729997477]]

[RS] Cell 2 neighbour calculation:
[RS] Input intersection: [7.5240133286877695, -4.850388233105285, 3.274558747174879]
[RS] Input js: [2, 3, 4]
[RS] Input ks: [-7, -2, 7]
[RS] Initial gridspace indices: [8, 0, -7, -2, 7, 3]
[RS] After setting js indices: [8, 0, -7, -2, 7, 3]
[RS] Directions: [[0, 0, 0], [0, 0, 1], [0, 1, 0], [0, 1, 1], [1, 0, 0], [1, 0, 1], [1, 1, 0], [1, 1, 1]]
[RS] Deltas: [[0, 0, 1, 0, 0, 0], [0, 0, 0, 1, 0, 0], [0, 0, 0, 0, 1, 0]]
[RS] Final neighbours: [[8, 0, -7, -2, 7, 3], [8, 0, -7, -2, 8, 3], [8, 0, -7, -1, 7, 3], [8, 0, -7, -1, 8, 3], [8, 0, -6, -2, 7, 3], [8, 0, -6, -2, 8, 3], [8, 0, -6, -1, 7, 3], [8, 0, -6, -1, 8, 3]]

[RS] Processing cell 2
[RS] js: [2, 3, 4]
[RS] Intersection: [7.5240133286877695, -4.850388233105285, 3.274558747174879]
[RS] k_combo: [-7, -2, 7]
[RS] Indices set: [[8, 0, -7, -2, 7, 3], [8, 0, -7, -2, 8, 3], [8, 0, -7, -1, 7, 3], [8, 0, -7, -1, 8, 3], [8, 0, -6, -2, 7, 3], [8, 0, -6, -2, 8, 3], [8, 0, -6, -1, 7, 3], [8, 0, -6, -1, 8, 3]]
[RS] Vertices set: [[15.602631123499282, -8.583211219059947, 5.683281572999748], [15.879024325749304, -9.433862027411989, 6.1304951684997055], [14.879024325749302, -9.108942331179081, 6.1304951684997055], [15.155417527999324, -9.959593139531123, 6.577708763999663], [14.879024325749302, -8.057480106940815, 6.1304951684997055], [15.155417527999324, -8.908130915292855, 6.577708763999663], [14.155417527999322, -8.583211219059947, 6.577708763999663], [14.431810730249344, -9.433862027411989, 7.024922359499621]]

[RS] Calculating intersections for js: [2, 3, 5]
[RS] First normal: [-0.7236067977499788, 0.5257311121191337, 0.4472135954999579]
[RS] Other normals: [[-0.7236067977499789, -0.5257311121191335, 0.4472135954999579], [0.0, 0.0, 1.0]]

[RS] get_intersections_with details:
[RS] k_range: 2
[RS] self.normal: [-0.7236067977499788, 0.5257311121191337, 0.4472135954999579]
[RS] self.offset: 0.47
[RS] others normals: [[-0.7236067977499789, -0.5257311121191335, 0.4472135954999579], [0.0, 0.0, 1.0]]
[RS] others offsets: [0.57, 0.77]
[RS] First two intersections: [[7.212178873612627, -4.850388233105284, 2.77], [7.830212862362522, -4.850388233105284, 3.77]]
[RS] First two k_combos: [[-7, -2, 2], [-7, -2, 3]]

[RS] Cell 1: Initial gridspace indices: [9, 0, -6, -1, 8, 3]
[RS] Cell 1: After setting js indices: [9, 0, -7, -2, 8, 3]
[RS] Cell 1: After restoring non-js indices: [9, 0, -7, -2, 8, 3]
[RS] Cell 1: Directions: [[0, 0, 0], [0, 0, 1], [0, 1, 0], [0, 1, 1], [1, 0, 0], [1, 0, 1], [1, 1, 0], [1, 1, 1]]
[RS] Cell 1: Deltas: [[0, 0, 1, 0, 0, 0], [0, 0, 0, 1, 0, 0], [0, 0, 0, 0, 0, 1]]
[RS] Cell 1: Final neighbours: [[9, 0, -7, -2, 8, 3], [9, 0, -7, -2, 8, 4], [9, 0, -7, -1, 8, 3], [9, 0, -7, -1, 8, 4], [9, 0, -6, -2, 8, 3], [9, 0, -6, -2, 8, 4], [9, 0, -6, -1, 8, 3], [9, 0, -6, -1, 8, 4]]

[RS] Processing cell 1
[RS] js: [2, 3, 5]
[RS] Intersection: [7.830212862362522, -4.850388233105284, 3.77]
[RS] k_combo: [-7, -2, 3]
[RS] Indices set: [[9, 0, -7, -2, 8, 3], [9, 0, -7, -2, 8, 4], [9, 0, -7, -1, 8, 3], [9, 0, -7, -1, 8, 4], [9, 0, -6, -2, 8, 3], [9, 0, -6, -2, 8, 4], [9, 0, -6, -1, 8, 3], [9, 0, -6, -1, 8, 4]]
[RS] Vertices set: [[16.77345151674922, -9.433862027411989, 6.577708763999663], [16.77345151674922, -9.433862027411989, 7.577708763999663], [16.04984471899924, -9.959593139531123, 7.024922359499621], [16.04984471899924, -9.959593139531123, 8.024922359499621], [16.04984471899924, -8.908130915292855, 7.024922359499621], [16.04984471899924, -8.908130915292855, 8.024922359499621], [15.32623792124926, -9.433862027411989, 7.47213595499958], [15.32623792124926, -9.433862027411989, 8.47213595499958]]

[RS] Cell 2 neighbour calculation:
[RS] Input intersection: [8.448246851112417, -4.850388233105284, 4.77]
[RS] Input js: [2, 3, 5]
[RS] Input ks: [-7, -2, 4]
[RS] Initial gridspace indices: [10, 0, -6, -2, 8, 4]
[RS] After setting js indices: [10, 0, -7, -2, 8, 4]
[RS] Directions: [[0, 0, 0], [0, 0, 1], [0, 1, 0], [0, 1, 1], [1, 0, 0], [1, 0, 1], [1, 1, 0], [1, 1, 1]]
[RS] Deltas: [[0, 0, 1, 0, 0, 0], [0, 0, 0, 1, 0, 0], [0, 0, 0, 0, 0, 1]]
[RS] Final neighbours: [[10, 0, -7, -2, 8, 4], [10, 0, -7, -2, 8, 5], [10, 0, -7, -1, 8, 4], [10, 0, -7, -1, 8, 5], [10, 0, -6, -2, 8, 4], [10, 0, -6, -2, 8, 5], [10, 0, -6, -1, 8, 4], [10, 0, -6, -1, 8, 5]]

[RS] Processing cell 2
[RS] js: [2, 3, 5]
[RS] Intersection: [8.448246851112417, -4.850388233105284, 4.77]
[RS] k_combo: [-7, -2, 4]
[RS] Indices set: [[10, 0, -7, -2, 8, 4], [10, 0, -7, -2, 8, 5], [10, 0, -7, -1, 8, 4], [10, 0, -7, -1, 8, 5], [10, 0, -6, -2, 8, 4], [10, 0, -6, -2, 8, 5], [10, 0, -6, -1, 8, 4], [10, 0, -6, -1, 8, 5]]
[RS] Vertices set: [[17.667878707749136, -9.433862027411989, 8.024922359499621], [17.667878707749136, -9.433862027411989, 9.024922359499621], [16.944271909999156, -9.959593139531123, 8.47213595499958], [16.944271909999156, -9.959593139531123, 9.47213595499958], [16.94427190999916, -8.908130915292855, 8.47213595499958], [16.94427190999916, -8.908130915292855, 9.47213595499958], [16.22066511224918, -9.433862027411989, 8.919349550499538], [16.22066511224918, -9.433862027411989, 9.919349550499538]]

[RS] Calculating intersections for js: [2, 4, 5]
[RS] First normal: [-0.7236067977499788, 0.5257311121191337, 0.4472135954999579]
[RS] Other normals: [[0.27639320225002084, -0.85065080835204, 0.4472135954999579], [0.0, 0.0, 1.0]]

[RS] get_intersections_with details:
[RS] k_range: 2
[RS] self.normal: [-0.7236067977499788, 0.5257311121191337, 0.4472135954999579]
[RS] self.offset: 0.47
[RS] others normals: [[0.27639320225002084, -0.85065080835204, 0.4472135954999579], [0.0, 0.0, 1.0]]
[RS] others offsets: [0.67, 0.77]
[RS] First two intersections: [[9.099605331475107, -2.2525685802844193, 2.77], [10.408622325850054, -1.3015120639892657, 3.77]]
[RS] First two k_combos: [[-7, 5, 2], [-7, 5, 3]]

[RS] Cell 1: Initial gridspace indices: [11, 4, -6, -5, 5, 3]
[RS] Cell 1: After setting js indices: [11, 4, -7, -5, 5, 3]
[RS] Cell 1: After restoring non-js indices: [11, 4, -7, -5, 5, 3]
[RS] Cell 1: Directions: [[0, 0, 0], [0, 0, 1], [0, 1, 0], [0, 1, 1], [1, 0, 0], [1, 0, 1], [1, 1, 0], [1, 1, 1]]
[RS] Cell 1: Deltas: [[0, 0, 1, 0, 0, 0], [0, 0, 0, 0, 1, 0], [0, 0, 0, 0, 0, 1]]
[RS] Cell 1: Final neighbours: [[11, 4, -7, -5, 5, 3], [11, 4, -7, -5, 5, 4], [11, 4, -7, -5, 6, 3], [11, 4, -7, -5, 6, 4], [11, 4, -6, -5, 5, 3], [11, 4, -6, -5, 5, 4], [11, 4, -6, -5, 6, 3], [11, 4, -6, -5, 6, 4]]

[RS] Processing cell 1
[RS] js: [2, 4, 5]
[RS] Intersection: [10.408622325850054, -1.3015120639892657, 3.77]
[RS] k_combo: [-7, 5, 3]
[RS] Indices set: [[11, 4, -7, -5, 5, 3], [11, 4, -7, -5, 5, 4], [11, 4, -7, -5, 6, 3], [11, 4, -7, -5, 6, 4], [11, 4, -6, -5, 5, 3], [11, 4, -6, -5, 5, 4], [11, 4, -6, -5, 6, 3], [11, 4, -6, -5, 6, 4]]
[RS] Vertices set: [[21.00951949424901, -1.9021130325903086, 6.577708763999663], [21.00951949424901, -1.9021130325903086, 7.577708763999663], [21.285912696499032, -2.752763840942349, 7.024922359499621], [21.285912696499032, -2.752763840942349, 8.024922359499621], [20.28591269649903, -1.3763819204711751, 7.024922359499621], [20.28591269649903, -1.3763819204711751, 8.024922359499621], [20.562305898749052, -2.2270327288232155, 7.47213595499958], [20.562305898749052, -2.2270327288232155, 8.47213595499958]]

[RS] Cell 2 neighbour calculation:
[RS] Input intersection: [11.717639320225, -0.35045554769411336, 4.77]
[RS] Input js: [2, 4, 5]
[RS] Input ks: [-7, 5, 4]
[RS] Initial gridspace indices: [13, 5, -6, -6, 5, 4]
[RS] After setting js indices: [13, 5, -7, -6, 5, 4]
[RS] Directions: [[0, 0, 0], [0, 0, 1], [0, 1, 0], [0, 1, 1], [1, 0, 0], [1, 0, 1], [1, 1, 0], [1, 1, 1]]
[RS] Deltas: [[0, 0, 1, 0, 0, 0], [0, 0, 0, 0, 1, 0], [0, 0, 0, 0, 0, 1]]
[RS] Final neighbours: [[13, 5, -7, -6, 5, 4], [13, 5, -7, -6, 5, 5], [13, 5, -7, -6, 6, 4], [13, 5, -7, -6, 6, 5], [13, 5, -6, -6, 5, 4], [13, 5, -6, -6, 5, 5], [13, 5, -6, -6, 6, 4], [13, 5, -6, -6, 6, 5]]

[RS] Processing cell 2
[RS] js: [2, 4, 5]
[RS] Intersection: [11.717639320225, -0.35045554769411336, 4.77]
[RS] k_combo: [-7, 5, 4]
[RS] Indices set: [[13, 5, -7, -6, 5, 4], [13, 5, -7, -6, 5, 5], [13, 5, -7, -6, 6, 4], [13, 5, -7, -6, 6, 5], [13, 5, -6, -6, 5, 4], [13, 5, -6, -6, 5, 5], [13, 5, -6, -6, 6, 4], [13, 5, -6, -6, 6, 5]]
[RS] Vertices set: [[23.79837387624884, -0.5257311121191357, 8.47213595499958], [23.79837387624884, -0.5257311121191357, 9.47213595499958], [24.07476707849886, -1.376381920471176, 8.919349550499536], [24.07476707849886, -1.376381920471176, 9.919349550499536], [23.074767078498862, -2.6645352591003757e-15, 8.919349550499536], [23.074767078498862, -2.6645352591003757e-15, 9.919349550499536], [23.351160280748886, -0.850650808352043, 9.366563145999494], [23.351160280748886, -0.850650808352043, 10.366563145999494]]

[RS] Calculating intersections for js: [3, 4, 5]
[RS] First normal: [-0.7236067977499789, -0.5257311121191335, 0.4472135954999579]
[RS] Other normals: [[0.27639320225002084, -0.85065080835204, 0.4472135954999579], [0.0, 0.0, 1.0]]

[RS] get_intersections_with details:
[RS] k_range: 2
[RS] self.normal: [-0.7236067977499789, -0.5257311121191335, 0.4472135954999579]
[RS] self.offset: 0.57
[RS] others normals: [[0.27639320225002084, -0.85065080835204, 0.4472135954999579], [0.0, 0.0, 1.0]]
[RS] others offsets: [0.67, 0.77]
[RS] First two intersections: [[6.0456851713877935, -3.2448473910195372, 2.77], [6.236668177012846, -2.657062138727064, 3.77]]
[RS] First two k_combos: [[-2, 5, 2], [-2, 5, 3]]

[RS] Cell 1: Initial gridspace indices: [7, 1, -4, -2, 5, 3]
[RS] Cell 1: After setting js indices: [7, 1, -4, -2, 5, 3]
[RS] Cell 1: After restoring non-js indices: [7, 1, -4, -2, 5, 3]
[RS] Cell 1: Directions: [[0, 0, 0], [0, 0, 1], [0, 1, 0], [0, 1, 1], [1, 0, 0], [1, 0, 1], [1, 1, 0], [1, 1, 1]]
[RS] Cell 1: Deltas: [[0, 0, 0, 1, 0, 0], [0, 0, 0, 0, 1, 0], [0, 0, 0, 0, 0, 1]]
[RS] Cell 1: Final neighbours: [[7, 1, -4, -2, 5, 3], [7, 1, -4, -2, 5, 4], [7, 1, -4, -2, 6, 3], [7, 1, -4, -2, 6, 4], [7, 1, -4, -1, 5, 3], [7, 1, -4, -1, 5, 4], [7, 1, -4, -1, 6, 3], [7, 1, -4, -1, 6, 4]]

[RS] Processing cell 1
[RS] js: [3, 4, 5]
[RS] Intersection: [6.236668177012846, -2.657062138727064, 3.77]
[RS] k_combo: [-2, 5, 3]
[RS] Indices set: [[7, 1, -4, -2, 5, 3], [7, 1, -4, -2, 5, 4], [7, 1, -4, -2, 6, 3], [7, 1, -4, -2, 6, 4], [7, 1, -4, -1, 5, 3], [7, 1, -4, -1, 5, 4], [7, 1, -4, -1, 6, 3], [7, 1, -4, -1, 6, 4]]
[RS] Vertices set: [[12.26099033699941, -4.454065457646427, 6.1304951684997055], [12.26099033699941, -4.454065457646427, 7.1304951684997055], [12.537383539249431, -5.304716265998469, 6.577708763999663], [12.537383539249431, -5.304716265998469, 7.577708763999663], [11.53738353924943, -4.979796569765561, 6.577708763999664], [11.53738353924943, -4.979796569765561, 7.577708763999664], [11.813776741499451, -5.830447378117602, 7.024922359499621], [11.813776741499451, -5.830447378117602, 8.024922359499621]]

[RS] Cell 2 neighbour calculation:
[RS] Input intersection: [6.427651182637899, -2.069276886434591, 4.77]
[RS] Input js: [3, 4, 5]
[RS] Input ks: [-2, 5, 4]
[RS] Initial gridspace indices: [8, 2, -4, -2, 5, 4]
[RS] After setting js indices: [8, 2, -4, -2, 5, 4]
[RS] Directions: [[0, 0, 0], [0, 0, 1], [0, 1, 0], [0, 1, 1], [1, 0, 0], [1, 0, 1], [1, 1, 0], [1, 1, 1]]
[RS] Deltas: [[0, 0, 0, 1, 0, 0], [0, 0, 0, 0, 1, 0], [0, 0, 0, 0, 0, 1]]
[RS] Final neighbours: [[8, 2, -4, -2, 5, 4], [8, 2, -4, -2, 5, 5], [8, 2, -4, -2, 6, 4], [8, 2, -4, -2, 6, 5], [8, 2, -4, -1, 5, 4], [8, 2, -4, -1, 5, 5], [8, 2, -4, -1, 6, 4], [8, 2, -4, -1, 6, 5]]

[RS] Processing cell 2
[RS] js: [3, 4, 5]
[RS] Intersection: [6.427651182637899, -2.069276886434591, 4.77]
[RS] k_combo: [-2, 5, 4]
[RS] Indices set: [[8, 2, -4, -2, 5, 4], [8, 2, -4, -2, 5, 5], [8, 2, -4, -2, 6, 4], [8, 2, -4, -2, 6, 5], [8, 2, -4, -1, 5, 4], [8, 2, -4, -1, 5, 5], [8, 2, -4, -1, 6, 4], [8, 2, -4, -1, 6, 5]]
[RS] Vertices set: [[13.431810730249346, -3.603414649294388, 8.024922359499623], [13.431810730249346, -3.603414649294388, 9.024922359499623], [13.708203932499368, -4.454065457646428, 8.47213595499958], [13.708203932499368, -4.454065457646428, 9.47213595499958], [12.708203932499366, -4.129145761413522, 8.47213595499958], [12.708203932499366, -4.129145761413522, 9.47213595499958], [12.984597134749388, -4.979796569765561, 8.919349550499538], [12.984597134749388, -4.979796569765561, 9.919349550499538]]
number of cells: 2500
Cells found.
number of cells after filtering: 94
Pre-export cell vertices:
Cell 1:
  Vertex 0: [8.472135954999576, -9.95959313953112, 9.47213595499958]
  Vertex 1: [7.748529157249599, -9.433862027411987, 9.919349550499538]
  Vertex 2: [8.7485291572496, -9.108942331179081, 9.919349550499538]
  Vertex 3: [8.02492235949962, -8.583211219059947, 10.366563145999496]
  Vertex 4: [9.366563145999493, -9.95959313953112, 9.919349550499538]
  Vertex 5: [8.642956348249513, -9.433862027411987, 10.366563145999496]
  Vertex 6: [9.642956348249513, -9.108942331179081, 10.366563145999496]
  Vertex 7: [8.919349550499536, -8.583211219059947, 10.813776741499453]
Cell 2:
  Vertex 0: [11.090169943749473, -10.810243947883162, 9.47213595499958]
  Vertex 1: [10.366563145999494, -10.284512835764028, 9.919349550499536]
  Vertex 2: [11.366563145999494, -9.959593139531123, 9.919349550499536]
  Vertex 3: [10.642956348249514, -9.433862027411989, 10.366563145999496]
  Vertex 4: [11.984597134749388, -10.810243947883162, 9.919349550499536]
  Vertex 5: [11.26099033699941, -10.284512835764028, 10.366563145999496]
  Vertex 6: [12.26099033699941, -9.959593139531123, 10.366563145999494]
  Vertex 7: [11.537383539249431, -9.433862027411989, 10.813776741499453]
DONE :)
